<?xml version="1.0" encoding="UTF-8"?>
<testsuite xmlns:xsi="http://www.w3.org/2001/XMLSchema-instance" xsi:noNamespaceSchemaLocation="https://maven.apache.org/surefire/maven-surefire-plugin/xsd/surefire-test-report.xsd" name="org.apache.jute.compiler.JRecordTest" time="0.429" tests="4" errors="0" skipped="0" failures="0">
  <properties>
[...]
</properties>
  <testcase name="testCommentBeforeLineAndEndOfLine" classname="org.apache.jute.compiler.JRecordTest" time="0.421"/>
  <testcase name="testMultiLineComments" classname="org.apache.jute.compiler.JRecordTest" time="0.002"/>
  <testcase name="testEndOfLineComments" classname="org.apache.jute.compiler.JRecordTest" time="0.001"/>
  <testcase name="testCommentBeforeLine" classname="org.apache.jute.compiler.JRecordTest" time="0.002"/>
</testsuite>