<?xml version="1.0" encoding="UTF-8"?>
<testsuite xmlns:xsi="http://www.w3.org/2001/XMLSchema-instance" xsi:noNamespaceSchemaLocation="https://maven.apache.org/surefire/maven-surefire-plugin/xsd/surefire-test-report.xsd" name="org.apache.zookeeper.ClientCnxnSocketFragilityTest" time="19.715" tests="1" errors="1" skipped="0" failures="0">
  <properties>
[...]
</properties>
  <testcase name="testClientCnxnSocketFragility" classname="org.apache.zookeeper.ClientCnxnSocketFragilityTest" time="16.966">
    <error message="KeeperErrorCode = ConnectionLoss for /testClientCnxnSocketFragility" type="org.apache.zookeeper.KeeperException$ConnectionLossException">org.apache.zookeeper.KeeperException$ConnectionLossException: KeeperErrorCode = ConnectionLoss for /testClientCnxnSocketFragility
	at org.apache.zookeeper.KeeperException.create(KeeperException.java:101)
	at org.apache.zookeeper.KeeperException.create(KeeperException.java:53)
	at org.apache.zookeeper.ZooKeeper.create(ZooKeeper.java:1400)
	at org.apache.zookeeper.ClientCnxnSocketFragilityTest.testClientCnxnSocketFragility(ClientCnxnSocketFragilityTest.java:113)
</error>
    <system-out><![CDATA[2025-08-05 05:39:57,098 [myid:] - INFO  [main:o.a.z.ZKTestCase@107] - STARTING Optional[public void org.apache.zookeeper.ClientCnxnSocketFragilityTest.testClientCnxnSocketFragility() throws java.lang.Exception]
2025-08-05 05:39:57,309 [myid:] - INFO  [main:o.a.z.PortAssignment@154] - Test process 8/8 using ports from 30072 - 32764.
2025-08-05 05:39:57,443 [myid:] - INFO  [main:o.a.z.PortAssignment@87] - Assigned port 30073 from range 30072 - 32764.
2025-08-05 05:39:57,445 [myid:] - INFO  [main:o.a.z.PortAssignment@87] - Assigned port 30074 from range 30072 - 32764.
2025-08-05 05:39:57,446 [myid:] - INFO  [main:o.a.z.PortAssignment@87] - Assigned port 30075 from range 30072 - 32764.
2025-08-05 05:39:57,447 [myid:] - INFO  [main:o.a.z.PortAssignment@87] - Assigned port 30076 from range 30072 - 32764.
2025-08-05 05:39:57,447 [myid:] - INFO  [main:o.a.z.PortAssignment@87] - Assigned port 30077 from range 30072 - 32764.
2025-08-05 05:39:57,492 [myid:] - INFO  [main:o.a.z.PortAssignment@87] - Assigned port 30078 from range 30072 - 32764.
2025-08-05 05:39:57,493 [myid:] - INFO  [main:o.a.z.PortAssignment@87] - Assigned port 30079 from range 30072 - 32764.
2025-08-05 05:39:57,493 [myid:] - INFO  [main:o.a.z.PortAssignment@87] - Assigned port 30080 from range 30072 - 32764.
2025-08-05 05:39:57,494 [myid:] - INFO  [main:o.a.z.PortAssignment@87] - Assigned port 30081 from range 30072 - 32764.
2025-08-05 05:39:58,044 [myid:] - INFO  [main:o.a.z.s.q.QuorumPeerTestBase$MainThread@208] - id = 0 tmpDir = /usr/csuser/clouddrive/zookeeper/zookeeper-server/target/surefire/test15921890786205575300.junit.dir clientPort = 30073 adminServerPort = 8080
2025-08-05 05:39:58,339 [myid:] - INFO  [Thread-0:o.a.z.s.q.QuorumPeerConfig@178] - Reading configuration from: /usr/csuser/clouddrive/zookeeper/zookeeper-server/target/surefire/test15921890786205575300.junit.dir/zoo.cfg
2025-08-05 05:39:58,355 [myid:] - INFO  [Thread-0:o.a.z.s.q.QuorumPeerConfig@445] - clientPortAddress is 0.0.0.0:30073
2025-08-05 05:39:58,356 [myid:] - INFO  [Thread-0:o.a.z.s.q.QuorumPeerConfig@449] - secureClientPort is not set
2025-08-05 05:39:58,356 [myid:] - INFO  [Thread-0:o.a.z.s.q.QuorumPeerConfig@465] - observerMasterPort is not set
2025-08-05 05:39:58,356 [myid:] - INFO  [Thread-0:o.a.z.s.q.QuorumPeerConfig@482] - metricsProvider.className is org.apache.zookeeper.metrics.impl.DefaultMetricsProvider
2025-08-05 05:39:58,406 [myid:] - INFO  [main:o.a.z.s.q.QuorumPeerTestBase$MainThread@208] - id = 1 tmpDir = /usr/csuser/clouddrive/zookeeper/zookeeper-server/target/surefire/test7389750093345373895.junit.dir clientPort = 30076 adminServerPort = 8080
2025-08-05 05:39:58,549 [myid:0] - INFO  [Thread-0:o.a.z.s.DatadirCleanupManager@78] - autopurge.snapRetainCount set to 3
2025-08-05 05:39:58,561 [myid:0] - INFO  [Thread-0:o.a.z.s.DatadirCleanupManager@79] - autopurge.purgeInterval set to 0
2025-08-05 05:39:58,562 [myid:0] - INFO  [Thread-0:o.a.z.s.DatadirCleanupManager@101] - Purge task is not scheduled.
2025-08-05 05:39:58,607 [myid:0] - INFO  [Thread-0:o.a.z.j.ManagedUtil@46] - Log4j 1.2 jmx support not found; jmx disabled.
2025-08-05 05:39:58,607 [myid:0] - INFO  [Thread-0:o.a.z.s.q.QuorumPeerMain@152] - Starting quorum peer, myid=0
2025-08-05 05:39:58,614 [myid:] - INFO  [Thread-1:o.a.z.s.q.QuorumPeerConfig@178] - Reading configuration from: /usr/csuser/clouddrive/zookeeper/zookeeper-server/target/surefire/test7389750093345373895.junit.dir/zoo.cfg
2025-08-05 05:39:58,629 [myid:] - INFO  [Thread-1:o.a.z.s.q.QuorumPeerConfig@445] - clientPortAddress is 0.0.0.0:30076
2025-08-05 05:39:58,629 [myid:] - INFO  [Thread-1:o.a.z.s.q.QuorumPeerConfig@449] - secureClientPort is not set
2025-08-05 05:39:58,629 [myid:] - INFO  [Thread-1:o.a.z.s.q.QuorumPeerConfig@465] - observerMasterPort is not set
2025-08-05 05:39:58,630 [myid:] - INFO  [Thread-1:o.a.z.s.q.QuorumPeerConfig@482] - metricsProvider.className is org.apache.zookeeper.metrics.impl.DefaultMetricsProvider
2025-08-05 05:39:58,672 [myid:1] - INFO  [Thread-1:o.a.z.s.DatadirCleanupManager@78] - autopurge.snapRetainCount set to 3
2025-08-05 05:39:58,675 [myid:1] - INFO  [Thread-1:o.a.z.s.DatadirCleanupManager@79] - autopurge.purgeInterval set to 0
2025-08-05 05:39:58,675 [myid:1] - INFO  [Thread-1:o.a.z.s.DatadirCleanupManager@101] - Purge task is not scheduled.
2025-08-05 05:39:58,675 [myid:1] - INFO  [Thread-1:o.a.z.j.ManagedUtil@46] - Log4j 1.2 jmx support not found; jmx disabled.
2025-08-05 05:39:58,675 [myid:1] - INFO  [Thread-1:o.a.z.s.q.QuorumPeerMain@152] - Starting quorum peer, myid=1
2025-08-05 05:39:58,724 [myid:] - INFO  [main:o.a.z.s.q.QuorumPeerTestBase$MainThread@208] - id = 2 tmpDir = /usr/csuser/clouddrive/zookeeper/zookeeper-server/target/surefire/test15374697327553284658.junit.dir clientPort = 30079 adminServerPort = 8080
2025-08-05 05:39:58,913 [myid:] - INFO  [Thread-2:o.a.z.s.q.QuorumPeerConfig@178] - Reading configuration from: /usr/csuser/clouddrive/zookeeper/zookeeper-server/target/surefire/test15374697327553284658.junit.dir/zoo.cfg
2025-08-05 05:39:58,921 [myid:] - INFO  [main:o.a.z.c.FourLetterWordMain@143] - connecting to 127.0.0.1:30073 (secure=false)
2025-08-05 05:39:58,925 [myid:] - INFO  [main:o.a.z.t.ClientBase@291] - server 127.0.0.1:30073 not up: java.net.ConnectException: Connection refused
2025-08-05 05:39:58,928 [myid:] - INFO  [Thread-2:o.a.z.s.q.QuorumPeerConfig@445] - clientPortAddress is 0.0.0.0:30079
2025-08-05 05:39:58,929 [myid:] - INFO  [Thread-2:o.a.z.s.q.QuorumPeerConfig@449] - secureClientPort is not set
2025-08-05 05:39:58,929 [myid:] - INFO  [Thread-2:o.a.z.s.q.QuorumPeerConfig@465] - observerMasterPort is not set
2025-08-05 05:39:58,929 [myid:] - INFO  [Thread-2:o.a.z.s.q.QuorumPeerConfig@482] - metricsProvider.className is org.apache.zookeeper.metrics.impl.DefaultMetricsProvider
2025-08-05 05:39:58,952 [myid:2] - INFO  [Thread-2:o.a.z.s.DatadirCleanupManager@78] - autopurge.snapRetainCount set to 3
2025-08-05 05:39:58,952 [myid:2] - INFO  [Thread-2:o.a.z.s.DatadirCleanupManager@79] - autopurge.purgeInterval set to 0
2025-08-05 05:39:58,953 [myid:2] - INFO  [Thread-2:o.a.z.s.DatadirCleanupManager@101] - Purge task is not scheduled.
2025-08-05 05:39:58,957 [myid:2] - INFO  [Thread-2:o.a.z.j.ManagedUtil@46] - Log4j 1.2 jmx support not found; jmx disabled.
2025-08-05 05:39:58,957 [myid:2] - INFO  [Thread-2:o.a.z.s.q.QuorumPeerMain@152] - Starting quorum peer, myid=2
2025-08-05 05:39:59,175 [myid:] - INFO  [main:o.a.z.c.FourLetterWordMain@143] - connecting to 127.0.0.1:30073 (secure=false)
2025-08-05 05:39:59,176 [myid:] - INFO  [main:o.a.z.t.ClientBase@291] - server 127.0.0.1:30073 not up: java.net.ConnectException: Connection refused
2025-08-05 05:39:59,426 [myid:] - INFO  [main:o.a.z.c.FourLetterWordMain@143] - connecting to 127.0.0.1:30073 (secure=false)
2025-08-05 05:39:59,428 [myid:] - INFO  [main:o.a.z.t.ClientBase@291] - server 127.0.0.1:30073 not up: java.net.ConnectException: Connection refused
2025-08-05 05:39:59,605 [myid:0] - INFO  [Thread-0:o.a.z.s.ServerMetrics@64] - ServerMetrics initialized with provider org.apache.zookeeper.metrics.impl.DefaultMetricsProvider@815867f
2025-08-05 05:39:59,607 [myid:1] - INFO  [Thread-1:o.a.z.s.ServerMetrics@64] - ServerMetrics initialized with provider org.apache.zookeeper.metrics.impl.DefaultMetricsProvider@5f21c7b9
2025-08-05 05:39:59,608 [myid:2] - INFO  [Thread-2:o.a.z.s.ServerMetrics@64] - ServerMetrics initialized with provider org.apache.zookeeper.metrics.impl.DefaultMetricsProvider@a4f515f
2025-08-05 05:39:59,690 [myid:] - INFO  [main:o.a.z.c.FourLetterWordMain@143] - connecting to 127.0.0.1:30073 (secure=false)
2025-08-05 05:39:59,690 [myid:] - INFO  [main:o.a.z.t.ClientBase@291] - server 127.0.0.1:30073 not up: java.net.ConnectException: Connection refused
2025-08-05 05:39:59,748 [myid:0] - INFO  [Thread-0:o.a.z.s.a.DigestAuthenticationProvider@51] - ACL digest algorithm is: SHA1
2025-08-05 05:39:59,749 [myid:0] - INFO  [Thread-0:o.a.z.s.a.DigestAuthenticationProvider@65] - zookeeper.DigestAuthenticationProvider.enabled = true
2025-08-05 05:39:59,750 [myid:1] - INFO  [Thread-1:o.a.z.s.a.DigestAuthenticationProvider@65] - zookeeper.DigestAuthenticationProvider.enabled = true
2025-08-05 05:39:59,750 [myid:2] - INFO  [Thread-2:o.a.z.s.a.DigestAuthenticationProvider@65] - zookeeper.DigestAuthenticationProvider.enabled = true
2025-08-05 05:39:59,801 [myid:2] - INFO  [Thread-2:o.a.z.s.ServerCnxnFactory@172] - Using org.apache.zookeeper.server.NIOServerCnxnFactory as server connection factory
2025-08-05 05:39:59,805 [myid:2] - WARN  [Thread-2:o.a.z.s.ServerCnxnFactory@337] - maxCnxns is not configured, using default value 0.
2025-08-05 05:39:59,808 [myid:0] - INFO  [Thread-0:o.a.z.s.ServerCnxnFactory@172] - Using org.apache.zookeeper.server.NIOServerCnxnFactory as server connection factory
2025-08-05 05:39:59,808 [myid:0] - WARN  [Thread-0:o.a.z.s.ServerCnxnFactory@337] - maxCnxns is not configured, using default value 0.
2025-08-05 05:39:59,811 [myid:1] - INFO  [Thread-1:o.a.z.s.ServerCnxnFactory@172] - Using org.apache.zookeeper.server.NIOServerCnxnFactory as server connection factory
2025-08-05 05:39:59,835 [myid:1] - WARN  [Thread-1:o.a.z.s.ServerCnxnFactory@337] - maxCnxns is not configured, using default value 0.
2025-08-05 05:39:59,844 [myid:1] - INFO  [Thread-1:o.a.z.s.NIOServerCnxnFactory@652] - Configuring NIO connection handler with 10s sessionless connection timeout, 1 selector thread(s), 4 worker threads, and 64 kB direct buffers.
2025-08-05 05:39:59,845 [myid:0] - INFO  [Thread-0:o.a.z.s.NIOServerCnxnFactory@652] - Configuring NIO connection handler with 10s sessionless connection timeout, 1 selector thread(s), 4 worker threads, and 64 kB direct buffers.
2025-08-05 05:39:59,846 [myid:2] - INFO  [Thread-2:o.a.z.s.NIOServerCnxnFactory@652] - Configuring NIO connection handler with 10s sessionless connection timeout, 1 selector thread(s), 4 worker threads, and 64 kB direct buffers.
2025-08-05 05:39:59,912 [myid:2] - INFO  [Thread-2:o.a.z.s.NIOServerCnxnFactory@660] - binding to port /127.0.0.1:30079
2025-08-05 05:39:59,930 [myid:1] - INFO  [Thread-1:o.a.z.s.NIOServerCnxnFactory@660] - binding to port /127.0.0.1:30076
2025-08-05 05:39:59,940 [myid:0] - INFO  [Thread-0:o.a.z.s.NIOServerCnxnFactory@660] - binding to port /127.0.0.1:30073
2025-08-05 05:39:59,942 [myid:] - INFO  [main:o.a.z.c.FourLetterWordMain@143] - connecting to 127.0.0.1:30073 (secure=false)
2025-08-05 05:40:00,257 [myid:0] - INFO  [Thread-0:o.a.z.s.q.QuorumPeer@854] - zookeeper.quorumCnxnTimeoutMs=-1
2025-08-05 05:40:00,663 [myid:0] - INFO  [Thread-0:o.a.z.c.X509Util@81] - Setting -D jdk.tls.rejectClientInitiatedRenegotiation=true to disable client-initiated TLS renegotiation
2025-08-05 05:40:02,621 [myid:0] - INFO  [Thread-0:o.a.z.c.X509Util@105] - Default TLS protocol is TLSv1.3, supported TLS protocols are [TLSv1.3, TLSv1.2, TLSv1.1, TLSv1, SSLv3, SSLv2Hello]
2025-08-05 05:40:02,895 [myid:1] - INFO  [Thread-1:o.a.z.s.p.FileTxnSnapLog@124] - zookeeper.snapshot.trust.empty : false
2025-08-05 05:40:02,895 [myid:0] - INFO  [Thread-0:o.a.z.s.p.FileTxnSnapLog@124] - zookeeper.snapshot.trust.empty : false
2025-08-05 05:40:02,895 [myid:2] - INFO  [Thread-2:o.a.z.s.p.FileTxnSnapLog@124] - zookeeper.snapshot.trust.empty : false
2025-08-05 05:40:03,103 [myid:1] - INFO  [Thread-1:o.a.z.s.q.QuorumPeer@1841] - Local sessions disabled
2025-08-05 05:40:03,103 [myid:1] - INFO  [Thread-1:o.a.z.s.q.QuorumPeer@1852] - Local session upgrading disabled
2025-08-05 05:40:03,103 [myid:1] - INFO  [Thread-1:o.a.z.s.q.QuorumPeer@1819] - tickTime set to 4000
2025-08-05 05:40:03,103 [myid:1] - INFO  [Thread-1:o.a.z.s.q.QuorumPeer@1863] - minSessionTimeout set to 8000
2025-08-05 05:40:03,103 [myid:1] - INFO  [Thread-1:o.a.z.s.q.QuorumPeer@1874] - maxSessionTimeout set to 80000
2025-08-05 05:40:03,104 [myid:0] - INFO  [Thread-0:o.a.z.s.q.QuorumPeer@1841] - Local sessions disabled
2025-08-05 05:40:03,104 [myid:0] - INFO  [Thread-0:o.a.z.s.q.QuorumPeer@1852] - Local session upgrading disabled
2025-08-05 05:40:03,104 [myid:0] - INFO  [Thread-0:o.a.z.s.q.QuorumPeer@1819] - tickTime set to 4000
2025-08-05 05:40:03,104 [myid:0] - INFO  [Thread-0:o.a.z.s.q.QuorumPeer@1863] - minSessionTimeout set to 8000
2025-08-05 05:40:03,104 [myid:0] - INFO  [Thread-0:o.a.z.s.q.QuorumPeer@1874] - maxSessionTimeout set to 80000
2025-08-05 05:40:03,104 [myid:0] - INFO  [Thread-0:o.a.z.s.q.QuorumPeer@1909] - initLimit set to 10
2025-08-05 05:40:03,104 [myid:0] - INFO  [Thread-0:o.a.z.s.q.QuorumPeer@2110] - syncLimit set to 5
2025-08-05 05:40:03,104 [myid:2] - INFO  [Thread-2:o.a.z.s.q.QuorumPeer@1841] - Local sessions disabled
2025-08-05 05:40:03,104 [myid:0] - INFO  [Thread-0:o.a.z.s.q.QuorumPeer@2125] - connectToLearnerMasterLimit set to 5
2025-08-05 05:40:03,104 [myid:2] - INFO  [Thread-2:o.a.z.s.q.QuorumPeer@1852] - Local session upgrading disabled
2025-08-05 05:40:03,104 [myid:2] - INFO  [Thread-2:o.a.z.s.q.QuorumPeer@1819] - tickTime set to 4000
2025-08-05 05:40:03,105 [myid:2] - INFO  [Thread-2:o.a.z.s.q.QuorumPeer@1863] - minSessionTimeout set to 8000
2025-08-05 05:40:03,105 [myid:2] - INFO  [Thread-2:o.a.z.s.q.QuorumPeer@1874] - maxSessionTimeout set to 80000
2025-08-05 05:40:03,105 [myid:2] - INFO  [Thread-2:o.a.z.s.q.QuorumPeer@1909] - initLimit set to 10
2025-08-05 05:40:03,105 [myid:2] - INFO  [Thread-2:o.a.z.s.q.QuorumPeer@2110] - syncLimit set to 5
2025-08-05 05:40:03,105 [myid:2] - INFO  [Thread-2:o.a.z.s.q.QuorumPeer@2125] - connectToLearnerMasterLimit set to 5
2025-08-05 05:40:03,103 [myid:1] - INFO  [Thread-1:o.a.z.s.q.QuorumPeer@1909] - initLimit set to 10
2025-08-05 05:40:03,106 [myid:1] - INFO  [Thread-1:o.a.z.s.q.QuorumPeer@2110] - syncLimit set to 5
2025-08-05 05:40:03,107 [myid:1] - INFO  [Thread-1:o.a.z.s.q.QuorumPeer@2125] - connectToLearnerMasterLimit set to 5
2025-08-05 05:40:03,814 [myid:1] - INFO  [Thread-1:o.a.z.ZookeeperBanner@42] - 
2025-08-05 05:40:03,814 [myid:1] - INFO  [Thread-1:o.a.z.ZookeeperBanner@42] -   ______                  _                                          
2025-08-05 05:40:03,814 [myid:1] - INFO  [Thread-1:o.a.z.ZookeeperBanner@42] -  |___  /                 | |                                         
2025-08-05 05:40:03,814 [myid:1] - INFO  [Thread-1:o.a.z.ZookeeperBanner@42] -     / /    ___     ___   | | __   ___    ___   _ __     ___   _ __   
2025-08-05 05:40:03,814 [myid:1] - INFO  [Thread-1:o.a.z.ZookeeperBanner@42] -    / /    / _ \   / _ \  | |/ /  / _ \  / _ \ | '_ \   / _ \ | '__|
2025-08-05 05:40:03,816 [myid:1] - INFO  [Thread-1:o.a.z.ZookeeperBanner@42] -   / /__  | (_) | | (_) | |   <  |  __/ |  __/ | |_) | |  __/ | |    
2025-08-05 05:40:03,816 [myid:1] - INFO  [Thread-1:o.a.z.ZookeeperBanner@42] -  /_____|  \___/   \___/  |_|\_\  \___|  \___| | .__/   \___| |_|
2025-08-05 05:40:03,816 [myid:1] - INFO  [Thread-1:o.a.z.ZookeeperBanner@42] -                                               | |                     
2025-08-05 05:40:03,816 [myid:1] - INFO  [Thread-1:o.a.z.ZookeeperBanner@42] -                                               |_|                     
2025-08-05 05:40:03,816 [myid:1] - INFO  [Thread-1:o.a.z.ZookeeperBanner@42] - 
2025-08-05 05:40:03,975 [myid:1] - INFO  [Thread-1:o.a.z.Environment@98] - Server environment:zookeeper.version=3.10.0-SNAPSHOT-06b418b62d281c2259dee3eccb9885393532a204-dirty, built on 2025-08-05 05:37 UTC
2025-08-05 05:40:03,976 [myid:1] - INFO  [Thread-1:o.a.z.Environment@98] - Server environment:host.name=localhost
2025-08-05 05:40:03,976 [myid:1] - INFO  [Thread-1:o.a.z.Environment@98] - Server environment:java.version=17.0.15
2025-08-05 05:40:03,977 [myid:1] - INFO  [Thread-1:o.a.z.Environment@98] - Server environment:java.vendor=Microsoft
2025-08-05 05:40:03,977 [myid:1] - INFO  [Thread-1:o.a.z.Environment@98] - Server environment:java.home=/usr/lib/jvm/msopenjdk-17
2025-08-05 05:40:03,990 [myid:1] - INFO  [Thread-1:o.a.z.Environment@98] - Server environment:java.class.path=/usr/csuser/clouddrive/zookeeper/zookeeper-server/target/test-classes:/usr/csuser/clouddrive/zookeeper/zookeeper-server/target/classes:/home/athul/.m2/repository/com/github/spotbugs/spotbugs-annotations/4.0.2/spotbugs-annotations-4.0.2.jar:/home/athul/.m2/repository/com/google/code/findbugs/jsr305/3.0.2/jsr305-3.0.2.jar:/home/athul/.m2/repository/org/hamcrest/hamcrest-library/2.2/hamcrest-library-2.2.jar:/home/athul/.m2/repository/org/hamcrest/hamcrest-core/2.2/hamcrest-core-2.2.jar:/home/athul/.m2/repository/org/hamcrest/hamcrest/2.2/hamcrest-2.2.jar:/home/athul/.m2/repository/org/apache/commons/commons-collections4/4.4/commons-collections4-4.4.jar:/usr/csuser/clouddrive/zookeeper/zookeeper-jute/target/zookeeper-jute-3.10.0-SNAPSHOT.jar:/home/athul/.m2/repository/commons-cli/commons-cli/1.5.0/commons-cli-1.5.0.jar:/home/athul/.m2/repository/org/apache/yetus/audience-annotations/0.12.0/audience-annotations-0.12.0.jar:/home/athul/.m2/repository/io/netty/netty-handler/4.1.119.Final/netty-handler-4.1.119.Final.jar:/home/athul/.m2/repository/io/netty/netty-common/4.1.119.Final/netty-common-4.1.119.Final.jar:/home/athul/.m2/repository/io/netty/netty-resolver/4.1.119.Final/netty-resolver-4.1.119.Final.jar:/home/athul/.m2/repository/io/netty/netty-buffer/4.1.119.Final/netty-buffer-4.1.119.Final.jar:/home/athul/.m2/repository/io/netty/netty-transport/4.1.119.Final/netty-transport-4.1.119.Final.jar:/home/athul/.m2/repository/io/netty/netty-transport-native-unix-common/4.1.119.Final/netty-transport-native-unix-common-4.1.119.Final.jar:/home/athul/.m2/repository/io/netty/netty-codec/4.1.119.Final/netty-codec-4.1.119.Final.jar:/home/athul/.m2/repository/io/netty/netty-transport-native-epoll/4.1.119.Final/netty-transport-native-epoll-4.1.119.Final-linux-x86_64.jar:/home/athul/.m2/repository/io/netty/netty-transport-classes-epoll/4.1.119.Final/netty-transport-classes-epoll-4.1.119.Final.jar:/home/athul/.m2/repository/io/netty/netty-tcnative-boringssl-static/2.0.70.Final/netty-tcnative-boringssl-static-2.0.70.Final.jar:/home/athul/.m2/repository/io/netty/netty-tcnative-classes/2.0.70.Final/netty-tcnative-classes-2.0.70.Final.jar:/home/athul/.m2/repository/io/netty/netty-tcnative-boringssl-static/2.0.70.Final/netty-tcnative-boringssl-static-2.0.70.Final-linux-x86_64.jar:/home/athul/.m2/repository/io/netty/netty-tcnative-boringssl-static/2.0.70.Final/netty-tcnative-boringssl-static-2.0.70.Final-linux-aarch_64.jar:/home/athul/.m2/repository/io/netty/netty-tcnative-boringssl-static/2.0.70.Final/netty-tcnative-boringssl-static-2.0.70.Final-osx-x86_64.jar:/home/athul/.m2/repository/io/netty/netty-tcnative-boringssl-static/2.0.70.Final/netty-tcnative-boringssl-static-2.0.70.Final-osx-aarch_64.jar:/home/athul/.m2/repository/io/netty/netty-tcnative-boringssl-static/2.0.70.Final/netty-tcnative-boringssl-static-2.0.70.Final-windows-x86_64.jar:/home/athul/.m2/repository/org/slf4j/slf4j-api/2.0.13/slf4j-api-2.0.13.jar:/home/athul/.m2/repository/ch/qos/logback/logback-classic/1.3.15/logback-classic-1.3.15.jar:/home/athul/.m2/repository/ch/qos/logback/logback-core/1.3.15/logback-core-1.3.15.jar:/home/athul/.m2/repository/org/eclipse/jetty/jetty-server/9.4.57.v20241219/jetty-server-9.4.57.v20241219.jar:/home/athul/.m2/repository/javax/servlet/javax.servlet-api/3.1.0/javax.servlet-api-3.1.0.jar:/home/athul/.m2/repository/org/eclipse/jetty/jetty-http/9.4.57.v20241219/jetty-http-9.4.57.v20241219.jar:/home/athul/.m2/repository/org/eclipse/jetty/jetty-util/9.4.57.v20241219/jetty-util-9.4.57.v20241219.jar:/home/athul/.m2/repository/org/eclipse/jetty/jetty-io/9.4.57.v20241219/jetty-io-9.4.57.v20241219.jar:/home/athul/.m2/repository/org/eclipse/jetty/jetty-servlet/9.4.57.v20241219/jetty-servlet-9.4.57.v20241219.jar:/home/athul/.m2/repository/org/eclipse/jetty/jetty-security/9.4.57.v20241219/jetty-security-9.4.57.v20241219.jar:/home/athul/.m2/repository/org/eclipse/jetty/jetty-util-ajax/9.4.57.v20241219/jetty-util-ajax-9.4.57.v20241219.jar:/home/athul/.m2/repository/org/eclipse/jetty/jetty-client/9.4.57.v20241219/jetty-client-9.4.57.v20241219.jar:/home/athul/.m2/repository/com/fasterxml/jackson/core/jackson-databind/2.15.2/jackson-databind-2.15.2.jar:/home/athul/.m2/repository/com/fasterxml/jackson/core/jackson-annotations/2.15.2/jackson-annotations-2.15.2.jar:/home/athul/.m2/repository/com/fasterxml/jackson/core/jackson-core/2.15.2/jackson-core-2.15.2.jar:/home/athul/.m2/repository/org/bouncycastle/bcprov-jdk18on/1.78/bcprov-jdk18on-1.78.jar:/home/athul/.m2/repository/org/bouncycastle/bcpkix-jdk18on/1.78/bcpkix-jdk18on-1.78.jar:/home/athul/.m2/repository/org/bouncycastle/bcutil-jdk18on/1.78/bcutil-jdk18on-1.78.jar:/home/athul/.m2/repository/jline/jline/2.14.6/jline-2.14.6.jar:/home/athul/.m2/repository/io/dropwizard/metrics/metrics-core/4.1.12.1/metrics-core-4.1.12.1.jar:/home/athul/.m2/repository/org/apache/kerby/kerb-core/2.0.0/kerb-core-2.0.0.jar:/home/athul/.m2/repository/org/apache/kerby/kerby-pkix/2.0.0/kerby-pkix-2.0.0.jar:/home/athul/.m2/repository/org/apache/kerby/kerby-asn1/2.0.0/kerby-asn1-2.0.0.jar:/home/athul/.m2/repository/org/apache/kerby/kerby-util/2.0.0/kerby-util-2.0.0.jar:/home/athul/.m2/repository/org/apache/kerby/kerb-simplekdc/2.0.0/kerb-simplekdc-2.0.0.jar:/home/athul/.m2/repository/org/apache/kerby/kerb-client/2.0.0/kerb-client-2.0.0.jar:/home/athul/.m2/repository/org/apache/kerby/kerb-common/2.0.0/kerb-common-2.0.0.jar:/home/athul/.m2/repository/org/apache/kerby/kerb-crypto/2.0.0/kerb-crypto-2.0.0.jar:/home/athul/.m2/repository/org/apache/kerby/kerb-util/2.0.0/kerb-util-2.0.0.jar:/home/athul/.m2/repository/org/apache/kerby/token-provider/2.0.0/token-provider-2.0.0.jar:/home/athul/.m2/repository/com/nimbusds/nimbus-jose-jwt/4.41.2/nimbus-jose-jwt-4.41.2.jar:/home/athul/.m2/repository/com/github/stephenc/jcip/jcip-annotations/1.0-1/jcip-annotations-1.0-1.jar:/home/athul/.m2/repository/net/minidev/json-smart/2.3/json-smart-2.3.jar:/home/athul/.m2/repository/net/minidev/accessors-smart/1.2/accessors-smart-1.2.jar:/home/athul/.m2/repository/org/ow2/asm/asm/5.0.4/asm-5.0.4.jar:/home/athul/.m2/repository/org/apache/kerby/kerb-admin/2.0.0/kerb-admin-2.0.0.jar:/home/athul/.m2/repository/org/apache/kerby/kerb-server/2.0.0/kerb-server-2.0.0.jar:/home/athul/.m2/repository/org/apache/kerby/kerb-identity/2.0.0/kerb-identity-2.0.0.jar:/home/athul/.m2/repository/org/apache/kerby/kerby-xdr/2.0.0/kerby-xdr-2.0.0.jar:/home/athul/.m2/repository/org/apache/kerby/kerby-config/2.0.0/kerby-config-2.0.0.jar:/home/athul/.m2/repository/org/mockito/mockito-core/4.9.0/mockito-core-4.9.0.jar:/home/athul/.m2/repository/net/bytebuddy/byte-buddy/1.12.16/byte-buddy-1.12.16.jar:/home/athul/.m2/repository/net/bytebuddy/byte-buddy-agent/1.12.16/byte-buddy-agent-1.12.16.jar:/home/athul/.m2/repository/org/objenesis/objenesis/3.3/objenesis-3.3.jar:/home/athul/.m2/repository/org/mockito/mockito-inline/4.9.0/mockito-inline-4.9.0.jar:/home/athul/.m2/repository/org/jmockit/jmockit/1.48/jmockit-1.48.jar:/home/athul/.m2/repository/org/junit/jupiter/junit-jupiter-api/5.6.2/junit-jupiter-api-5.6.2.jar:/home/athul/.m2/repository/org/apiguardian/apiguardian-api/1.1.0/apiguardian-api-1.1.0.jar:/home/athul/.m2/repository/org/opentest4j/opentest4j/1.2.0/opentest4j-1.2.0.jar:/home/athul/.m2/repository/org/junit/platform/junit-platform-commons/1.6.2/junit-platform-commons-1.6.2.jar:/home/athul/.m2/repository/org/junit/jupiter/junit-jupiter-engine/5.6.2/junit-jupiter-engine-5.6.2.jar:/home/athul/.m2/repository/org/junit/platform/junit-platform-engine/1.6.2/junit-platform-engine-1.6.2.jar:/home/athul/.m2/repository/org/junit/jupiter/junit-jupiter-params/5.6.2/junit-jupiter-params-5.6.2.jar:/home/athul/.m2/repository/org/junit/platform/junit-platform-runner/1.6.2/junit-platform-runner-1.6.2.jar:/home/athul/.m2/repository/junit/junit/4.13/junit-4.13.jar:/home/athul/.m2/repository/org/junit/platform/junit-platform-launcher/1.6.2/junit-platform-launcher-1.6.2.jar:/home/athul/.m2/repository/org/junit/platform/junit-platform-suite-api/1.6.2/junit-platform-suite-api-1.6.2.jar:/home/athul/.m2/repository/org/burningwave/tools/0.25.4/tools-0.25.4.jar:/home/athul/.m2/repository/org/burningwave/core/12.62.5/core-12.62.5.jar:/home/athul/.m2/repository/org/burningwave/jvm-driver/8.14.0/jvm-driver-8.14.0.jar:/home/athul/.m2/repository/io/github/toolfactory/jvm-driver/9.4.2/jvm-driver-9.4.2.jar:/home/athul/.m2/repository/org/xerial/snappy/snappy-java/1.1.10.5/snappy-java-1.1.10.5.jar:/home/athul/.m2/repository/commons-io/commons-io/2.17.0/commons-io-2.17.0.jar:
2025-08-05 05:40:03,991 [myid:1] - INFO  [Thread-1:o.a.z.Environment@98] - Server environment:java.library.path=/usr/java/packages/lib:/usr/lib64:/lib64:/lib:/usr/lib
2025-08-05 05:40:03,991 [myid:1] - INFO  [Thread-1:o.a.z.Environment@98] - Server environment:java.io.tmpdir=/tmp
2025-08-05 05:40:03,991 [myid:1] - INFO  [Thread-1:o.a.z.Environment@98] - Server environment:java.compiler=<NA>
2025-08-05 05:40:03,992 [myid:1] - INFO  [Thread-1:o.a.z.Environment@98] - Server environment:os.name=Linux
2025-08-05 05:40:03,992 [myid:1] - INFO  [Thread-1:o.a.z.Environment@98] - Server environment:os.arch=amd64
2025-08-05 05:40:03,993 [myid:1] - INFO  [Thread-1:o.a.z.Environment@98] - Server environment:os.version=6.1.124.1-microsoft-standard
2025-08-05 05:40:03,993 [myid:1] - INFO  [Thread-1:o.a.z.Environment@98] - Server environment:user.name=athul
2025-08-05 05:40:03,993 [myid:1] - INFO  [Thread-1:o.a.z.Environment@98] - Server environment:user.home=/home/athul
2025-08-05 05:40:03,993 [myid:1] - INFO  [Thread-1:o.a.z.Environment@98] - Server environment:user.dir=/usr/csuser/clouddrive/zookeeper/zookeeper-server
2025-08-05 05:40:03,994 [myid:1] - INFO  [Thread-1:o.a.z.Environment@98] - Server environment:jvm.memory.free=20MB
2025-08-05 05:40:03,996 [myid:1] - INFO  [Thread-1:o.a.z.Environment@98] - Server environment:jvm.memory.max=512MB
2025-08-05 05:40:03,997 [myid:1] - INFO  [Thread-1:o.a.z.Environment@98] - Server environment:jvm.memory.total=50MB
2025-08-05 05:40:03,997 [myid:1] - INFO  [Thread-1:o.a.z.s.ZooKeeperServer@151] - zookeeper.enableEagerACLCheck = false
2025-08-05 05:40:03,997 [myid:1] - INFO  [Thread-1:o.a.z.s.ZooKeeperServer@164] - zookeeper.digest.enabled = true
2025-08-05 05:40:03,997 [myid:1] - INFO  [Thread-1:o.a.z.s.ZooKeeperServer@168] - zookeeper.closeSessionTxn.enabled = true
2025-08-05 05:40:03,997 [myid:1] - INFO  [Thread-1:o.a.z.s.ZooKeeperServer@2237] - zookeeper.serializeLastProcessedZxid.enabled = true
2025-08-05 05:40:03,997 [myid:1] - INFO  [Thread-1:o.a.z.s.ZooKeeperServer@1585] - zookeeper.flushDelay = 0 ms
2025-08-05 05:40:03,999 [myid:1] - INFO  [Thread-1:o.a.z.s.ZooKeeperServer@1594] - zookeeper.maxWriteQueuePollTime = 0 ms
2025-08-05 05:40:04,000 [myid:1] - INFO  [Thread-1:o.a.z.s.ZooKeeperServer@1603] - zookeeper.maxBatchSize=1000
2025-08-05 05:40:04,002 [myid:1] - INFO  [Thread-1:o.a.z.s.ZooKeeperServer@289] - zookeeper.intBufferStartingSizeBytes = 1024
2025-08-05 05:40:04,251 [myid:0] - INFO  [Thread-0:o.a.z.s.w.WatchManagerFactory@42] - Using org.apache.zookeeper.server.watch.WatchManager as watch manager
2025-08-05 05:40:04,251 [myid:0] - INFO  [Thread-0:o.a.z.s.w.WatchManagerFactory@42] - Using org.apache.zookeeper.server.watch.WatchManager as watch manager
2025-08-05 05:40:04,252 [myid:2] - INFO  [Thread-2:o.a.z.s.w.WatchManagerFactory@42] - Using org.apache.zookeeper.server.watch.WatchManager as watch manager
2025-08-05 05:40:04,252 [myid:2] - INFO  [Thread-2:o.a.z.s.w.WatchManagerFactory@42] - Using org.apache.zookeeper.server.watch.WatchManager as watch manager
2025-08-05 05:40:04,252 [myid:2] - INFO  [Thread-2:o.a.z.s.ZKDatabase@137] - zookeeper.snapshotSizeFactor = 0.33
2025-08-05 05:40:04,252 [myid:2] - INFO  [Thread-2:o.a.z.s.ZKDatabase@157] - zookeeper.commitLogCount=500
2025-08-05 05:40:04,253 [myid:1] - INFO  [Thread-1:o.a.z.s.w.WatchManagerFactory@42] - Using org.apache.zookeeper.server.watch.WatchManager as watch manager
2025-08-05 05:40:04,253 [myid:1] - INFO  [Thread-1:o.a.z.s.w.WatchManagerFactory@42] - Using org.apache.zookeeper.server.watch.WatchManager as watch manager
2025-08-05 05:40:04,253 [myid:1] - INFO  [Thread-1:o.a.z.s.ZKDatabase@137] - zookeeper.snapshotSizeFactor = 0.33
2025-08-05 05:40:04,253 [myid:1] - INFO  [Thread-1:o.a.z.s.ZKDatabase@157] - zookeeper.commitLogCount=500
2025-08-05 05:40:04,254 [myid:0] - INFO  [Thread-0:o.a.z.s.ZKDatabase@137] - zookeeper.snapshotSizeFactor = 0.33
2025-08-05 05:40:04,254 [myid:0] - INFO  [Thread-0:o.a.z.s.ZKDatabase@157] - zookeeper.commitLogCount=500
2025-08-05 05:40:04,419 [myid:2] - INFO  [Thread-2:o.a.z.s.q.QuorumPeer@2189] - Using insecure (non-TLS) quorum communication
2025-08-05 05:40:04,419 [myid:2] - INFO  [Thread-2:o.a.z.s.q.QuorumPeer@2195] - Port unification disabled
2025-08-05 05:40:04,420 [myid:2] - INFO  [Thread-2:o.a.z.s.q.QuorumPeer@190] - multiAddress.enabled set to false
2025-08-05 05:40:04,420 [myid:2] - INFO  [Thread-2:o.a.z.s.q.QuorumPeer@215] - multiAddress.reachabilityCheckEnabled set to true
2025-08-05 05:40:04,420 [myid:2] - INFO  [Thread-2:o.a.z.s.q.QuorumPeer@202] - multiAddress.reachabilityCheckTimeoutMs set to 1000
2025-08-05 05:40:04,420 [myid:2] - INFO  [Thread-2:o.a.z.s.q.QuorumPeer@2712] - QuorumPeer communication is not secured! (SASL auth disabled)
2025-08-05 05:40:04,420 [myid:2] - INFO  [Thread-2:o.a.z.s.q.QuorumPeer@2737] - quorum.cnxn.threads.size set to 20
2025-08-05 05:40:04,425 [myid:1] - INFO  [Thread-1:o.a.z.s.q.QuorumPeer@2189] - Using insecure (non-TLS) quorum communication
2025-08-05 05:40:04,426 [myid:1] - INFO  [Thread-1:o.a.z.s.q.QuorumPeer@2195] - Port unification disabled
2025-08-05 05:40:04,426 [myid:1] - INFO  [Thread-1:o.a.z.s.q.QuorumPeer@190] - multiAddress.enabled set to false
2025-08-05 05:40:04,426 [myid:1] - INFO  [Thread-1:o.a.z.s.q.QuorumPeer@215] - multiAddress.reachabilityCheckEnabled set to true
2025-08-05 05:40:04,426 [myid:1] - INFO  [Thread-1:o.a.z.s.q.QuorumPeer@202] - multiAddress.reachabilityCheckTimeoutMs set to 1000
2025-08-05 05:40:04,426 [myid:1] - INFO  [Thread-1:o.a.z.s.q.QuorumPeer@2712] - QuorumPeer communication is not secured! (SASL auth disabled)
2025-08-05 05:40:04,426 [myid:1] - INFO  [Thread-1:o.a.z.s.q.QuorumPeer@2737] - quorum.cnxn.threads.size set to 20
2025-08-05 05:40:04,426 [myid:0] - INFO  [Thread-0:o.a.z.s.q.QuorumPeer@2189] - Using insecure (non-TLS) quorum communication
2025-08-05 05:40:04,427 [myid:0] - INFO  [Thread-0:o.a.z.s.q.QuorumPeer@2195] - Port unification disabled
2025-08-05 05:40:04,427 [myid:0] - INFO  [Thread-0:o.a.z.s.q.QuorumPeer@190] - multiAddress.enabled set to false
2025-08-05 05:40:04,427 [myid:0] - INFO  [Thread-0:o.a.z.s.q.QuorumPeer@215] - multiAddress.reachabilityCheckEnabled set to true
2025-08-05 05:40:04,427 [myid:0] - INFO  [Thread-0:o.a.z.s.q.QuorumPeer@202] - multiAddress.reachabilityCheckTimeoutMs set to 1000
2025-08-05 05:40:04,427 [myid:0] - INFO  [Thread-0:o.a.z.s.q.QuorumPeer@2712] - QuorumPeer communication is not secured! (SASL auth disabled)
2025-08-05 05:40:04,427 [myid:0] - INFO  [Thread-0:o.a.z.s.q.QuorumPeer@2737] - quorum.cnxn.threads.size set to 20
2025-08-05 05:40:04,534 [myid:1] - INFO  [Thread-1:o.a.z.s.p.FileTxnSnapLog@260] - Initialize file found, an empty database will not block voting participation
2025-08-05 05:40:04,538 [myid:2] - INFO  [Thread-2:o.a.z.s.p.FileTxnSnapLog@260] - Initialize file found, an empty database will not block voting participation
2025-08-05 05:40:04,538 [myid:0] - INFO  [Thread-0:o.a.z.s.p.FileTxnSnapLog@260] - Initialize file found, an empty database will not block voting participation
2025-08-05 05:40:04,608 [myid:2] - INFO  [Thread-2:o.a.z.s.p.SnapStream@61] - zookeeper.snapshot.compression.method = CHECKED
2025-08-05 05:40:04,609 [myid:2] - INFO  [Thread-2:o.a.z.s.p.FileTxnSnapLog@480] - Snapshotting: 0x0 to /usr/csuser/clouddrive/zookeeper/zookeeper-server/target/surefire/test15374697327553284658.junit.dir/data/version-2/snapshot.0
2025-08-05 05:40:04,609 [myid:0] - INFO  [Thread-0:o.a.z.s.p.FileTxnSnapLog@480] - Snapshotting: 0x0 to /usr/csuser/clouddrive/zookeeper/zookeeper-server/target/surefire/test15921890786205575300.junit.dir/data/version-2/snapshot.0
2025-08-05 05:40:04,609 [myid:1] - INFO  [Thread-1:o.a.z.s.p.FileTxnSnapLog@480] - Snapshotting: 0x0 to /usr/csuser/clouddrive/zookeeper/zookeeper-server/target/surefire/test7389750093345373895.junit.dir/data/version-2/snapshot.0
2025-08-05 05:40:04,698 [myid:0] - INFO  [Thread-0:o.a.z.s.ZKDatabase@294] - Snapshot loaded in 271 ms, highest zxid is 0x0, digest is 1371985504
2025-08-05 05:40:04,698 [myid:2] - INFO  [Thread-2:o.a.z.s.ZKDatabase@294] - Snapshot loaded in 278 ms, highest zxid is 0x0, digest is 1371985504
2025-08-05 05:40:04,698 [myid:1] - INFO  [Thread-1:o.a.z.s.ZKDatabase@294] - Snapshot loaded in 272 ms, highest zxid is 0x0, digest is 1371985504
2025-08-05 05:40:04,735 [myid:0] - INFO  [Thread-0:o.a.z.s.q.QuorumPeer@1220] - currentEpoch not found! Creating with a reasonable default of 0. This should only happen when you are upgrading your installation
2025-08-05 05:40:04,735 [myid:1] - INFO  [Thread-1:o.a.z.s.q.QuorumPeer@1220] - currentEpoch not found! Creating with a reasonable default of 0. This should only happen when you are upgrading your installation
2025-08-05 05:40:04,736 [myid:2] - INFO  [Thread-2:o.a.z.s.q.QuorumPeer@1220] - currentEpoch not found! Creating with a reasonable default of 0. This should only happen when you are upgrading your installation
2025-08-05 05:40:04,908 [myid:1] - INFO  [Thread-1:o.a.z.s.q.QuorumPeer@1248] - acceptedEpoch not found! Creating with a reasonable default of 0. This should only happen when you are upgrading your installation
2025-08-05 05:40:04,922 [myid:0] - INFO  [Thread-0:o.a.z.s.q.QuorumPeer@1248] - acceptedEpoch not found! Creating with a reasonable default of 0. This should only happen when you are upgrading your installation
2025-08-05 05:40:04,922 [myid:2] - INFO  [Thread-2:o.a.z.s.q.QuorumPeer@1248] - acceptedEpoch not found! Creating with a reasonable default of 0. This should only happen when you are upgrading your installation
2025-08-05 05:40:04,949 [myid:] - INFO  [main:o.a.z.t.ClientBase@294] - server 127.0.0.1:30073 not up
java.io.IOException: Exception while executing four letter word: stat
	at org.apache.zookeeper.client.FourLetterWordMain.send4LetterWord(FourLetterWordMain.java:188)
	at org.apache.zookeeper.test.ClientBase.waitForServerUp(ClientBase.java:285)
	at org.apache.zookeeper.test.ClientBase.waitForServerUp(ClientBase.java:265)
	at org.apache.zookeeper.ClientCnxnSocketFragilityTest.testClientCnxnSocketFragility(ClientCnxnSocketFragilityTest.java:103)
	at java.base/jdk.internal.reflect.NativeMethodAccessorImpl.invoke0(Native Method)
	at java.base/jdk.internal.reflect.NativeMethodAccessorImpl.invoke(NativeMethodAccessorImpl.java:77)
	at java.base/jdk.internal.reflect.DelegatingMethodAccessorImpl.invoke(DelegatingMethodAccessorImpl.java:43)
	at java.base/java.lang.reflect.Method.invoke(Method.java:569)
	at org.junit.platform.commons.util.ReflectionUtils.invokeMethod(ReflectionUtils.java:686)
	at org.junit.jupiter.engine.execution.MethodInvocation.proceed(MethodInvocation.java:60)
	at org.junit.jupiter.engine.execution.InvocationInterceptorChain$ValidatingInvocation.proceed(InvocationInterceptorChain.java:131)
	at org.junit.jupiter.engine.extension.TimeoutExtension.intercept(TimeoutExtension.java:149)
	at org.junit.jupiter.engine.extension.TimeoutExtension.interceptTestableMethod(TimeoutExtension.java:140)
	at org.junit.jupiter.engine.extension.TimeoutExtension.interceptTestMethod(TimeoutExtension.java:84)
	at org.junit.jupiter.engine.execution.ExecutableInvoker$ReflectiveInterceptorCall.lambda$ofVoidMethod$0(ExecutableInvoker.java:115)
	at org.junit.jupiter.engine.execution.ExecutableInvoker.lambda$invoke$0(ExecutableInvoker.java:105)
	at org.junit.jupiter.engine.execution.InvocationInterceptorChain$InterceptedInvocation.proceed(InvocationInterceptorChain.java:106)
	at org.junit.jupiter.engine.execution.InvocationInterceptorChain.proceed(InvocationInterceptorChain.java:64)
	at org.junit.jupiter.engine.execution.InvocationInterceptorChain.chainAndInvoke(InvocationInterceptorChain.java:45)
	at org.junit.jupiter.engine.execution.InvocationInterceptorChain.invoke(InvocationInterceptorChain.java:37)
	at org.junit.jupiter.engine.execution.ExecutableInvoker.invoke(ExecutableInvoker.java:104)
	at org.junit.jupiter.engine.execution.ExecutableInvoker.invoke(ExecutableInvoker.java:98)
	at org.junit.jupiter.engine.descriptor.TestMethodTestDescriptor.lambda$invokeTestMethod$6(TestMethodTestDescriptor.java:212)
	at org.junit.platform.engine.support.hierarchical.ThrowableCollector.execute(ThrowableCollector.java:73)
	at org.junit.jupiter.engine.descriptor.TestMethodTestDescriptor.invokeTestMethod(TestMethodTestDescriptor.java:208)
	at org.junit.jupiter.engine.descriptor.TestMethodTestDescriptor.execute(TestMethodTestDescriptor.java:137)
	at org.junit.jupiter.engine.descriptor.TestMethodTestDescriptor.execute(TestMethodTestDescriptor.java:71)
	at org.junit.platform.engine.support.hierarchical.NodeTestTask.lambda$executeRecursively$5(NodeTestTask.java:135)
	at org.junit.platform.engine.support.hierarchical.ThrowableCollector.execute(ThrowableCollector.java:73)
	at org.junit.platform.engine.support.hierarchical.NodeTestTask.lambda$executeRecursively$7(NodeTestTask.java:125)
	at org.junit.platform.engine.support.hierarchical.Node.around(Node.java:135)
	at org.junit.platform.engine.support.hierarchical.NodeTestTask.lambda$executeRecursively$8(NodeTestTask.java:123)
	at org.junit.platform.engine.support.hierarchical.ThrowableCollector.execute(ThrowableCollector.java:73)
	at org.junit.platform.engine.support.hierarchical.NodeTestTask.executeRecursively(NodeTestTask.java:122)
	at org.junit.platform.engine.support.hierarchical.NodeTestTask.execute(NodeTestTask.java:80)
	at java.base/java.util.ArrayList.forEach(ArrayList.java:1511)
	at org.junit.platform.engine.support.hierarchical.SameThreadHierarchicalTestExecutorService.invokeAll(SameThreadHierarchicalTestExecutorService.java:38)
	at org.junit.platform.engine.support.hierarchical.NodeTestTask.lambda$executeRecursively$5(NodeTestTask.java:139)
	at org.junit.platform.engine.support.hierarchical.ThrowableCollector.execute(ThrowableCollector.java:73)
	at org.junit.platform.engine.support.hierarchical.NodeTestTask.lambda$executeRecursively$7(NodeTestTask.java:125)
	at org.junit.platform.engine.support.hierarchical.Node.around(Node.java:135)
	at org.junit.platform.engine.support.hierarchical.NodeTestTask.lambda$executeRecursively$8(NodeTestTask.java:123)
	at org.junit.platform.engine.support.hierarchical.ThrowableCollector.execute(ThrowableCollector.java:73)
	at org.junit.platform.engine.support.hierarchical.NodeTestTask.executeRecursively(NodeTestTask.java:122)
	at org.junit.platform.engine.support.hierarchical.NodeTestTask.execute(NodeTestTask.java:80)
	at java.base/java.util.ArrayList.forEach(ArrayList.java:1511)
	at org.junit.platform.engine.support.hierarchical.SameThreadHierarchicalTestExecutorService.invokeAll(SameThreadHierarchicalTestExecutorService.java:38)
	at org.junit.platform.engine.support.hierarchical.NodeTestTask.lambda$executeRecursively$5(NodeTestTask.java:139)
	at org.junit.platform.engine.support.hierarchical.ThrowableCollector.execute(ThrowableCollector.java:73)
	at org.junit.platform.engine.support.hierarchical.NodeTestTask.lambda$executeRecursively$7(NodeTestTask.java:125)
	at org.junit.platform.engine.support.hierarchical.Node.around(Node.java:135)
	at org.junit.platform.engine.support.hierarchical.NodeTestTask.lambda$executeRecursively$8(NodeTestTask.java:123)
	at org.junit.platform.engine.support.hierarchical.ThrowableCollector.execute(ThrowableCollector.java:73)
	at org.junit.platform.engine.support.hierarchical.NodeTestTask.executeRecursively(NodeTestTask.java:122)
	at org.junit.platform.engine.support.hierarchical.NodeTestTask.execute(NodeTestTask.java:80)
	at org.junit.platform.engine.support.hierarchical.SameThreadHierarchicalTestExecutorService.submit(SameThreadHierarchicalTestExecutorService.java:32)
	at org.junit.platform.engine.support.hierarchical.HierarchicalTestExecutor.execute(HierarchicalTestExecutor.java:57)
	at org.junit.platform.engine.support.hierarchical.HierarchicalTestEngine.execute(HierarchicalTestEngine.java:51)
	at org.junit.platform.launcher.core.DefaultLauncher.execute(DefaultLauncher.java:248)
	at org.junit.platform.launcher.core.DefaultLauncher.lambda$execute$5(DefaultLauncher.java:211)
	at org.junit.platform.launcher.core.DefaultLauncher.withInterceptedStreams(DefaultLauncher.java:226)
	at org.junit.platform.launcher.core.DefaultLauncher.execute(DefaultLauncher.java:199)
	at org.junit.platform.launcher.core.DefaultLauncher.execute(DefaultLauncher.java:132)
	at org.apache.maven.surefire.junitplatform.JUnitPlatformProvider.invokeAllTests(JUnitPlatformProvider.java:142)
	at org.apache.maven.surefire.junitplatform.JUnitPlatformProvider.invoke(JUnitPlatformProvider.java:113)
	at org.apache.maven.surefire.booter.ForkedBooter.invokeProviderInSameClassLoader(ForkedBooter.java:384)
	at org.apache.maven.surefire.booter.ForkedBooter.runSuitesInProcess(ForkedBooter.java:345)
	at org.apache.maven.surefire.booter.ForkedBooter.execute(ForkedBooter.java:126)
	at org.apache.maven.surefire.booter.ForkedBooter.main(ForkedBooter.java:418)
Caused by: java.net.SocketTimeoutException: Read timed out
	at java.base/sun.nio.ch.NioSocketImpl.timedRead(NioSocketImpl.java:288)
	at java.base/sun.nio.ch.NioSocketImpl.implRead(NioSocketImpl.java:314)
	at java.base/sun.nio.ch.NioSocketImpl.read(NioSocketImpl.java:355)
	at java.base/sun.nio.ch.NioSocketImpl$1.read(NioSocketImpl.java:808)
	at java.base/java.net.Socket$SocketInputStream.read(Socket.java:966)
	at java.base/sun.nio.cs.StreamDecoder.readBytes(StreamDecoder.java:287)
	at java.base/sun.nio.cs.StreamDecoder.implRead(StreamDecoder.java:330)
	at java.base/sun.nio.cs.StreamDecoder.read(StreamDecoder.java:190)
	at java.base/java.io.InputStreamReader.read(InputStreamReader.java:177)
	at java.base/java.io.BufferedReader.fill(BufferedReader.java:162)
	at java.base/java.io.BufferedReader.readLine(BufferedReader.java:329)
	at java.base/java.io.BufferedReader.readLine(BufferedReader.java:396)
	at org.apache.zookeeper.client.FourLetterWordMain.send4LetterWord(FourLetterWordMain.java:183)
	... 68 common frames omitted
2025-08-05 05:40:05,113 [myid:1] - INFO  [Thread-1:o.a.z.s.q.QuorumPeer@2754] - Using 20000ms as the quorum cnxn socket timeout
2025-08-05 05:40:05,118 [myid:0] - INFO  [Thread-0:o.a.z.s.q.QuorumPeer@2754] - Using 20000ms as the quorum cnxn socket timeout
2025-08-05 05:40:05,151 [myid:2] - INFO  [Thread-2:o.a.z.s.q.QuorumPeer@2754] - Using 20000ms as the quorum cnxn socket timeout
2025-08-05 05:40:05,212 [myid:] - INFO  [main:o.a.z.c.FourLetterWordMain@143] - connecting to 127.0.0.1:30073 (secure=false)
2025-08-05 05:40:05,302 [myid:1] - INFO  [Thread-1:o.a.z.s.q.QuorumCnxManager$Listener@924] - Election port bind maximum retries is 3
2025-08-05 05:40:05,303 [myid:2] - INFO  [Thread-2:o.a.z.s.q.QuorumCnxManager$Listener@924] - Election port bind maximum retries is 3
2025-08-05 05:40:05,304 [myid:0] - INFO  [Thread-0:o.a.z.s.q.QuorumCnxManager$Listener@924] - Election port bind maximum retries is 3
2025-08-05 05:40:05,347 [myid:1] - INFO  [Thread-1:o.a.z.s.q.FastLeaderElection@90] - zookeeper.fastleader.minNotificationInterval = 200 ms
2025-08-05 05:40:05,347 [myid:1] - INFO  [Thread-1:o.a.z.s.q.FastLeaderElection@92] - zookeeper.fastleader.maxNotificationInterval = 60000 ms
2025-08-05 05:40:05,408 [myid:] - INFO  [ListenerHandler-/127.0.0.1:30081:o.a.z.s.q.QuorumCnxManager$Listener$ListenerHandler@1071] - 2 is accepting connections now, my election bind port: /127.0.0.1:30081
2025-08-05 05:40:05,418 [myid:] - INFO  [NIOWorkerThread-1:o.a.z.s.c.FourLetterCommands@223] - The list of known four letter word commands is : [{1936881266=srvr, 1937006964=stat, 2003003491=wchc, 1685417328=dump, 1668445044=crst, 1936880500=srst, 1701738089=envi, 1668247142=conf, -720899=telnet close, 1751217000=hash, 2003003507=wchs, 2003003504=wchp, 1684632179=dirs, 1668247155=cons, 1835955314=mntr, 1769173615=isro, 1920298859=ruok, 1735683435=gtmk, 1937010027=stmk}]
2025-08-05 05:40:05,418 [myid:] - INFO  [NIOWorkerThread-1:o.a.z.s.c.FourLetterCommands@224] - The list of enabled four letter word commands is : [[wchs, stat, wchp, dirs, stmk, conf, ruok, mntr, srvr, wchc, envi, srst, isro, dump, gtmk, telnet close, crst, hash, cons]]
2025-08-05 05:40:05,418 [myid:] - INFO  [NIOWorkerThread-1:o.a.z.s.NIOServerCnxn@532] - Processing stat command from /127.0.0.1:53854
2025-08-05 05:40:05,419 [myid:] - INFO  [NIOWorkerThread-2:o.a.z.s.NIOServerCnxn@532] - Processing stat command from /127.0.0.1:42260
2025-08-05 05:40:05,431 [myid:] - INFO  [ListenerHandler-/127.0.0.1:30078:o.a.z.s.q.QuorumCnxManager$Listener$ListenerHandler@1071] - 1 is accepting connections now, my election bind port: /127.0.0.1:30078
2025-08-05 05:40:05,454 [myid:] - INFO  [ListenerHandler-/127.0.0.1:30075:o.a.z.s.q.QuorumCnxManager$Listener$ListenerHandler@1071] - 0 is accepting connections now, my election bind port: /127.0.0.1:30075
2025-08-05 05:40:05,555 [myid:2] - INFO  [Thread-2:o.a.z.a.ZKAuditProvider@42] - ZooKeeper audit is disabled.
2025-08-05 05:40:06,064 [myid:] - INFO  [main:o.a.z.c.FourLetterWordMain@143] - connecting to 127.0.0.1:30073 (secure=false)
2025-08-05 05:40:06,122 [myid:] - INFO  [NIOWorkerThread-3:o.a.z.s.NIOServerCnxn@532] - Processing stat command from /127.0.0.1:53868
2025-08-05 05:40:06,372 [myid:] - INFO  [main:o.a.z.c.FourLetterWordMain@143] - connecting to 127.0.0.1:30073 (secure=false)
2025-08-05 05:40:06,402 [myid:] - INFO  [NIOWorkerThread-4:o.a.z.s.NIOServerCnxn@532] - Processing stat command from /127.0.0.1:53882
2025-08-05 05:40:06,643 [myid:] - INFO  [QuorumPeer[myid=0](plain=127.0.0.1:30073)(secure=disabled):o.a.z.s.q.QuorumPeer@1530] - LOOKING
2025-08-05 05:40:06,643 [myid:] - INFO  [QuorumPeer[myid=2](plain=127.0.0.1:30079)(secure=disabled):o.a.z.s.q.QuorumPeer@1530] - LOOKING
2025-08-05 05:40:06,643 [myid:] - INFO  [QuorumPeer[myid=1](plain=127.0.0.1:30076)(secure=disabled):o.a.z.s.q.QuorumPeer@1530] - LOOKING
2025-08-05 05:40:06,653 [myid:] - INFO  [main:o.a.z.c.FourLetterWordMain@143] - connecting to 127.0.0.1:30073 (secure=false)
2025-08-05 05:40:06,655 [myid:] - INFO  [NIOWorkerThread-2:o.a.z.s.NIOServerCnxn@532] - Processing stat command from /127.0.0.1:53896
2025-08-05 05:40:06,716 [myid:] - INFO  [QuorumPeer[myid=0](plain=127.0.0.1:30073)(secure=disabled):o.a.z.s.q.FastLeaderElection@941] - New election. My id = 0, proposed zxid=0x0
2025-08-05 05:40:06,716 [myid:] - INFO  [QuorumPeer[myid=1](plain=127.0.0.1:30076)(secure=disabled):o.a.z.s.q.FastLeaderElection@941] - New election. My id = 1, proposed zxid=0x0
2025-08-05 05:40:06,717 [myid:] - INFO  [QuorumPeer[myid=2](plain=127.0.0.1:30079)(secure=disabled):o.a.z.s.q.FastLeaderElection@941] - New election. My id = 2, proposed zxid=0x0
2025-08-05 05:40:06,820 [myid:] - INFO  [ListenerHandler-/127.0.0.1:30075:o.a.z.s.q.QuorumCnxManager$Listener$ListenerHandler@1076] - Received connection request from /127.0.0.1:56752
2025-08-05 05:40:06,832 [myid:] - INFO  [ListenerHandler-/127.0.0.1:30078:o.a.z.s.q.QuorumCnxManager$Listener$ListenerHandler@1076] - Received connection request from /127.0.0.1:36768
2025-08-05 05:40:06,850 [myid:] - INFO  [WorkerReceiver[myid=1]:o.a.z.s.q.FastLeaderElection$Messenger$WorkerReceiver@391] - Notification: my state:LOOKING; n.sid:1, n.state:LOOKING, n.leader:1, n.round:0x1, n.peerEpoch:0x0, n.zxid:0x0, message format version:0x2, n.config version:0x0
2025-08-05 05:40:06,853 [myid:] - INFO  [ListenerHandler-/127.0.0.1:30081:o.a.z.s.q.QuorumCnxManager$Listener$ListenerHandler@1076] - Received connection request from /127.0.0.1:39778
2025-08-05 05:40:06,855 [myid:] - INFO  [QuorumConnectionThread-[myid=1]-2:o.a.z.s.q.QuorumCnxManager@514] - Have smaller server identifier, so dropping the connection: (myId:1 --> sid:2)
2025-08-05 05:40:06,868 [myid:] - INFO  [WorkerReceiver[myid=0]:o.a.z.s.q.FastLeaderElection$Messenger$WorkerReceiver@391] - Notification: my state:LOOKING; n.sid:0, n.state:LOOKING, n.leader:0, n.round:0x1, n.peerEpoch:0x0, n.zxid:0x0, message format version:0x2, n.config version:0x0
2025-08-05 05:40:06,869 [myid:] - INFO  [QuorumConnectionThread-[myid=0]-1:o.a.z.s.q.QuorumCnxManager@514] - Have smaller server identifier, so dropping the connection: (myId:0 --> sid:1)
2025-08-05 05:40:06,869 [myid:] - INFO  [QuorumConnectionThread-[myid=0]-2:o.a.z.s.q.QuorumCnxManager@514] - Have smaller server identifier, so dropping the connection: (myId:0 --> sid:2)
2025-08-05 05:40:06,903 [myid:] - INFO  [ListenerHandler-/127.0.0.1:30081:o.a.z.s.q.QuorumCnxManager$Listener$ListenerHandler@1076] - Received connection request from /127.0.0.1:39786
2025-08-05 05:40:06,904 [myid:] - INFO  [WorkerReceiver[myid=2]:o.a.z.s.q.FastLeaderElection$Messenger$WorkerReceiver@391] - Notification: my state:LOOKING; n.sid:2, n.state:LOOKING, n.leader:2, n.round:0x1, n.peerEpoch:0x0, n.zxid:0x0, message format version:0x2, n.config version:0x0
2025-08-05 05:40:06,904 [myid:] - INFO  [ListenerHandler-/127.0.0.1:30078:o.a.z.s.q.QuorumCnxManager$Listener$ListenerHandler@1076] - Received connection request from /127.0.0.1:36776
2025-08-05 05:40:06,906 [myid:] - INFO  [main:o.a.z.c.FourLetterWordMain@143] - connecting to 127.0.0.1:30073 (secure=false)
2025-08-05 05:40:06,907 [myid:] - INFO  [NIOWorkerThread-1:o.a.z.s.NIOServerCnxn@532] - Processing stat command from /127.0.0.1:53908
2025-08-05 05:40:07,004 [myid:] - INFO  [WorkerReceiver[myid=1]:o.a.z.s.q.FastLeaderElection$Messenger$WorkerReceiver@391] - Notification: my state:LOOKING; n.sid:0, n.state:LOOKING, n.leader:0, n.round:0x1, n.peerEpoch:0x0, n.zxid:0x0, message format version:0x2, n.config version:0x0
2025-08-05 05:40:07,008 [myid:] - INFO  [ListenerHandler-/127.0.0.1:30075:o.a.z.s.q.QuorumCnxManager$Listener$ListenerHandler@1076] - Received connection request from /127.0.0.1:56760
2025-08-05 05:40:07,009 [myid:] - INFO  [WorkerReceiver[myid=0]:o.a.z.s.q.FastLeaderElection$Messenger$WorkerReceiver@391] - Notification: my state:LOOKING; n.sid:1, n.state:LOOKING, n.leader:1, n.round:0x1, n.peerEpoch:0x0, n.zxid:0x0, message format version:0x2, n.config version:0x0
2025-08-05 05:40:07,011 [myid:] - INFO  [WorkerReceiver[myid=0]:o.a.z.s.q.FastLeaderElection$Messenger$WorkerReceiver@391] - Notification: my state:LOOKING; n.sid:0, n.state:LOOKING, n.leader:1, n.round:0x1, n.peerEpoch:0x0, n.zxid:0x0, message format version:0x2, n.config version:0x0
2025-08-05 05:40:07,014 [myid:] - INFO  [WorkerReceiver[myid=1]:o.a.z.s.q.FastLeaderElection$Messenger$WorkerReceiver@391] - Notification: my state:LOOKING; n.sid:0, n.state:LOOKING, n.leader:1, n.round:0x1, n.peerEpoch:0x0, n.zxid:0x0, message format version:0x2, n.config version:0x0
2025-08-05 05:40:07,024 [myid:] - INFO  [WorkerReceiver[myid=2]:o.a.z.s.q.FastLeaderElection$Messenger$WorkerReceiver@391] - Notification: my state:LOOKING; n.sid:0, n.state:LOOKING, n.leader:1, n.round:0x1, n.peerEpoch:0x0, n.zxid:0x0, message format version:0x2, n.config version:0x0
2025-08-05 05:40:07,035 [myid:] - INFO  [WorkerReceiver[myid=0]:o.a.z.s.q.FastLeaderElection$Messenger$WorkerReceiver@391] - Notification: my state:LOOKING; n.sid:2, n.state:LOOKING, n.leader:2, n.round:0x1, n.peerEpoch:0x0, n.zxid:0x0, message format version:0x2, n.config version:0x0
2025-08-05 05:40:07,036 [myid:] - INFO  [WorkerReceiver[myid=0]:o.a.z.s.q.FastLeaderElection$Messenger$WorkerReceiver@391] - Notification: my state:LOOKING; n.sid:0, n.state:LOOKING, n.leader:2, n.round:0x1, n.peerEpoch:0x0, n.zxid:0x0, message format version:0x2, n.config version:0x0
2025-08-05 05:40:07,036 [myid:] - INFO  [WorkerReceiver[myid=2]:o.a.z.s.q.FastLeaderElection$Messenger$WorkerReceiver@391] - Notification: my state:LOOKING; n.sid:0, n.state:LOOKING, n.leader:2, n.round:0x1, n.peerEpoch:0x0, n.zxid:0x0, message format version:0x2, n.config version:0x0
2025-08-05 05:40:07,037 [myid:] - INFO  [WorkerReceiver[myid=1]:o.a.z.s.q.FastLeaderElection$Messenger$WorkerReceiver@391] - Notification: my state:LOOKING; n.sid:0, n.state:LOOKING, n.leader:2, n.round:0x1, n.peerEpoch:0x0, n.zxid:0x0, message format version:0x2, n.config version:0x0
2025-08-05 05:40:07,039 [myid:] - INFO  [WorkerReceiver[myid=0]:o.a.z.s.q.FastLeaderElection$Messenger$WorkerReceiver@391] - Notification: my state:LOOKING; n.sid:1, n.state:LOOKING, n.leader:2, n.round:0x1, n.peerEpoch:0x0, n.zxid:0x0, message format version:0x2, n.config version:0x0
2025-08-05 05:40:07,039 [myid:] - INFO  [WorkerReceiver[myid=1]:o.a.z.s.q.FastLeaderElection$Messenger$WorkerReceiver@391] - Notification: my state:LOOKING; n.sid:1, n.state:LOOKING, n.leader:2, n.round:0x1, n.peerEpoch:0x0, n.zxid:0x0, message format version:0x2, n.config version:0x0
2025-08-05 05:40:07,040 [myid:] - INFO  [WorkerReceiver[myid=2]:o.a.z.s.q.FastLeaderElection$Messenger$WorkerReceiver@391] - Notification: my state:LOOKING; n.sid:1, n.state:LOOKING, n.leader:2, n.round:0x1, n.peerEpoch:0x0, n.zxid:0x0, message format version:0x2, n.config version:0x0
2025-08-05 05:40:07,053 [myid:] - INFO  [WorkerReceiver[myid=1]:o.a.z.s.q.FastLeaderElection$Messenger$WorkerReceiver@391] - Notification: my state:LOOKING; n.sid:2, n.state:LOOKING, n.leader:2, n.round:0x1, n.peerEpoch:0x0, n.zxid:0x0, message format version:0x2, n.config version:0x0
2025-08-05 05:40:07,158 [myid:] - INFO  [main:o.a.z.c.FourLetterWordMain@143] - connecting to 127.0.0.1:30073 (secure=false)
2025-08-05 05:40:07,160 [myid:] - INFO  [NIOWorkerThread-3:o.a.z.s.NIOServerCnxn@532] - Processing stat command from /127.0.0.1:53920
2025-08-05 05:40:07,239 [myid:] - INFO  [QuorumPeer[myid=0](plain=127.0.0.1:30073)(secure=disabled):o.a.z.s.q.QuorumPeer@959] - Peer state changed: following
2025-08-05 05:40:07,240 [myid:] - INFO  [QuorumPeer[myid=0](plain=127.0.0.1:30073)(secure=disabled):o.a.z.s.q.QuorumPeer@1614] - FOLLOWING
2025-08-05 05:40:07,241 [myid:] - INFO  [QuorumPeer[myid=2](plain=127.0.0.1:30079)(secure=disabled):o.a.z.s.q.QuorumPeer@959] - Peer state changed: leading
2025-08-05 05:40:07,241 [myid:] - INFO  [QuorumPeer[myid=2](plain=127.0.0.1:30079)(secure=disabled):o.a.z.s.q.QuorumPeer@1626] - LEADING
2025-08-05 05:40:07,253 [myid:] - INFO  [QuorumPeer[myid=1](plain=127.0.0.1:30076)(secure=disabled):o.a.z.s.q.QuorumPeer@959] - Peer state changed: following
2025-08-05 05:40:07,254 [myid:] - INFO  [QuorumPeer[myid=1](plain=127.0.0.1:30076)(secure=disabled):o.a.z.s.q.QuorumPeer@1614] - FOLLOWING
2025-08-05 05:40:07,410 [myid:] - INFO  [main:o.a.z.c.FourLetterWordMain@143] - connecting to 127.0.0.1:30073 (secure=false)
2025-08-05 05:40:07,412 [myid:] - INFO  [NIOWorkerThread-4:o.a.z.s.NIOServerCnxn@532] - Processing stat command from /127.0.0.1:53930
2025-08-05 05:40:07,414 [myid:] - INFO  [QuorumPeer[myid=2](plain=127.0.0.1:30079)(secure=disabled):o.a.z.s.q.LearnerMaster@47] - zookeeper.leader.maxConcurrentSnapSyncs = 10
2025-08-05 05:40:07,415 [myid:] - INFO  [QuorumPeer[myid=2](plain=127.0.0.1:30079)(secure=disabled):o.a.z.s.q.LearnerMaster@50] - zookeeper.leader.maxConcurrentDiffSyncs = 100
2025-08-05 05:40:07,415 [myid:] - INFO  [QuorumPeer[myid=2](plain=127.0.0.1:30079)(secure=disabled):o.a.z.s.q.Leader@87] - TCP NoDelay set to: true
2025-08-05 05:40:07,415 [myid:] - INFO  [QuorumPeer[myid=2](plain=127.0.0.1:30079)(secure=disabled):o.a.z.s.q.Leader@173] - zookeeper.leader.ackLoggingFrequency = 1000
2025-08-05 05:40:07,415 [myid:] - INFO  [QuorumPeer[myid=2](plain=127.0.0.1:30079)(secure=disabled):o.a.z.s.q.Leader@1584] - zookeeper.leader.maxTimeToWaitForEpoch = -1ms
2025-08-05 05:40:07,530 [myid:] - INFO  [QuorumPeer[myid=0](plain=127.0.0.1:30073)(secure=disabled):o.a.z.s.q.Learner@134] - leaderConnectDelayDuringRetryMs: 100
2025-08-05 05:40:07,531 [myid:] - INFO  [QuorumPeer[myid=0](plain=127.0.0.1:30073)(secure=disabled):o.a.z.s.q.Learner@135] - TCP NoDelay set to: true
2025-08-05 05:40:07,531 [myid:] - INFO  [QuorumPeer[myid=0](plain=127.0.0.1:30073)(secure=disabled):o.a.z.s.q.Learner@136] - zookeeper.learner.asyncSending = false
2025-08-05 05:40:07,531 [myid:] - INFO  [QuorumPeer[myid=0](plain=127.0.0.1:30073)(secure=disabled):o.a.z.s.q.Learner@137] - zookeeper.learner.closeSocketAsync = false
2025-08-05 05:40:07,604 [myid:] - INFO  [QuorumPeer[myid=0](plain=127.0.0.1:30073)(secure=disabled):o.a.z.s.BlueThrottle@141] - Weighed connection throttling is disabled
2025-08-05 05:40:07,627 [myid:] - INFO  [QuorumPeer[myid=2](plain=127.0.0.1:30079)(secure=disabled):o.a.z.s.AuthenticationHelper@66] - zookeeper.enforce.auth.enabled = false
2025-08-05 05:40:07,628 [myid:] - INFO  [QuorumPeer[myid=1](plain=127.0.0.1:30076)(secure=disabled):o.a.z.s.AuthenticationHelper@66] - zookeeper.enforce.auth.enabled = false
2025-08-05 05:40:07,628 [myid:] - INFO  [QuorumPeer[myid=1](plain=127.0.0.1:30076)(secure=disabled):o.a.z.s.AuthenticationHelper@67] - zookeeper.enforce.auth.schemes = []
2025-08-05 05:40:07,627 [myid:] - INFO  [QuorumPeer[myid=2](plain=127.0.0.1:30079)(secure=disabled):o.a.z.s.AuthenticationHelper@67] - zookeeper.enforce.auth.schemes = []
2025-08-05 05:40:07,629 [myid:] - INFO  [QuorumPeer[myid=0](plain=127.0.0.1:30073)(secure=disabled):o.a.z.s.AuthenticationHelper@66] - zookeeper.enforce.auth.enabled = false
2025-08-05 05:40:07,630 [myid:] - INFO  [QuorumPeer[myid=0](plain=127.0.0.1:30073)(secure=disabled):o.a.z.s.AuthenticationHelper@67] - zookeeper.enforce.auth.schemes = []
2025-08-05 05:40:07,662 [myid:] - INFO  [main:o.a.z.c.FourLetterWordMain@143] - connecting to 127.0.0.1:30073 (secure=false)
2025-08-05 05:40:07,665 [myid:] - INFO  [NIOWorkerThread-2:o.a.z.s.NIOServerCnxn@532] - Processing stat command from /127.0.0.1:53942
2025-08-05 05:40:07,690 [myid:] - INFO  [QuorumPeer[myid=1](plain=127.0.0.1:30076)(secure=disabled):o.a.z.s.ZooKeeperServer@1395] - minSessionTimeout set to 8000 ms
2025-08-05 05:40:07,690 [myid:] - INFO  [QuorumPeer[myid=1](plain=127.0.0.1:30076)(secure=disabled):o.a.z.s.ZooKeeperServer@1404] - maxSessionTimeout set to 80000 ms
2025-08-05 05:40:07,690 [myid:] - INFO  [QuorumPeer[myid=2](plain=127.0.0.1:30079)(secure=disabled):o.a.z.s.ZooKeeperServer@1395] - minSessionTimeout set to 8000 ms
2025-08-05 05:40:07,690 [myid:] - INFO  [QuorumPeer[myid=2](plain=127.0.0.1:30079)(secure=disabled):o.a.z.s.ZooKeeperServer@1404] - maxSessionTimeout set to 80000 ms
2025-08-05 05:40:07,691 [myid:] - INFO  [QuorumPeer[myid=0](plain=127.0.0.1:30073)(secure=disabled):o.a.z.s.ZooKeeperServer@1395] - minSessionTimeout set to 8000 ms
2025-08-05 05:40:07,691 [myid:] - INFO  [QuorumPeer[myid=0](plain=127.0.0.1:30073)(secure=disabled):o.a.z.s.ZooKeeperServer@1404] - maxSessionTimeout set to 80000 ms
2025-08-05 05:40:07,790 [myid:] - INFO  [QuorumPeer[myid=0](plain=127.0.0.1:30073)(secure=disabled):o.a.z.s.ResponseCache@50] - getData response cache size is initialized with value 400.
2025-08-05 05:40:07,790 [myid:] - INFO  [QuorumPeer[myid=0](plain=127.0.0.1:30073)(secure=disabled):o.a.z.s.ResponseCache@50] - getChildren response cache size is initialized with value 400.
2025-08-05 05:40:07,790 [myid:] - INFO  [QuorumPeer[myid=2](plain=127.0.0.1:30079)(secure=disabled):o.a.z.s.ResponseCache@50] - getData response cache size is initialized with value 400.
2025-08-05 05:40:07,790 [myid:] - INFO  [QuorumPeer[myid=2](plain=127.0.0.1:30079)(secure=disabled):o.a.z.s.ResponseCache@50] - getChildren response cache size is initialized with value 400.
2025-08-05 05:40:07,793 [myid:] - INFO  [QuorumPeer[myid=1](plain=127.0.0.1:30076)(secure=disabled):o.a.z.s.ResponseCache@50] - getData response cache size is initialized with value 400.
2025-08-05 05:40:07,793 [myid:] - INFO  [QuorumPeer[myid=1](plain=127.0.0.1:30076)(secure=disabled):o.a.z.s.ResponseCache@50] - getChildren response cache size is initialized with value 400.
2025-08-05 05:40:07,849 [myid:] - INFO  [QuorumPeer[myid=0](plain=127.0.0.1:30073)(secure=disabled):o.a.z.s.u.RequestPathMetricsCollector@109] - zookeeper.pathStats.slotCapacity = 60
2025-08-05 05:40:07,849 [myid:] - INFO  [QuorumPeer[myid=0](plain=127.0.0.1:30073)(secure=disabled):o.a.z.s.u.RequestPathMetricsCollector@110] - zookeeper.pathStats.slotDuration = 15
2025-08-05 05:40:07,849 [myid:] - INFO  [QuorumPeer[myid=0](plain=127.0.0.1:30073)(secure=disabled):o.a.z.s.u.RequestPathMetricsCollector@111] - zookeeper.pathStats.maxDepth = 6
2025-08-05 05:40:07,849 [myid:] - INFO  [QuorumPeer[myid=0](plain=127.0.0.1:30073)(secure=disabled):o.a.z.s.u.RequestPathMetricsCollector@112] - zookeeper.pathStats.initialDelay = 5
2025-08-05 05:40:07,849 [myid:] - INFO  [QuorumPeer[myid=0](plain=127.0.0.1:30073)(secure=disabled):o.a.z.s.u.RequestPathMetricsCollector@113] - zookeeper.pathStats.delay = 5
2025-08-05 05:40:07,849 [myid:] - INFO  [QuorumPeer[myid=0](plain=127.0.0.1:30073)(secure=disabled):o.a.z.s.u.RequestPathMetricsCollector@114] - zookeeper.pathStats.enabled = false
2025-08-05 05:40:07,850 [myid:] - INFO  [QuorumPeer[myid=1](plain=127.0.0.1:30076)(secure=disabled):o.a.z.s.u.RequestPathMetricsCollector@109] - zookeeper.pathStats.slotCapacity = 60
2025-08-05 05:40:07,850 [myid:] - INFO  [QuorumPeer[myid=1](plain=127.0.0.1:30076)(secure=disabled):o.a.z.s.u.RequestPathMetricsCollector@110] - zookeeper.pathStats.slotDuration = 15
2025-08-05 05:40:07,850 [myid:] - INFO  [QuorumPeer[myid=1](plain=127.0.0.1:30076)(secure=disabled):o.a.z.s.u.RequestPathMetricsCollector@111] - zookeeper.pathStats.maxDepth = 6
2025-08-05 05:40:07,850 [myid:] - INFO  [QuorumPeer[myid=1](plain=127.0.0.1:30076)(secure=disabled):o.a.z.s.u.RequestPathMetricsCollector@112] - zookeeper.pathStats.initialDelay = 5
2025-08-05 05:40:07,850 [myid:] - INFO  [QuorumPeer[myid=1](plain=127.0.0.1:30076)(secure=disabled):o.a.z.s.u.RequestPathMetricsCollector@113] - zookeeper.pathStats.delay = 5
2025-08-05 05:40:07,850 [myid:] - INFO  [QuorumPeer[myid=1](plain=127.0.0.1:30076)(secure=disabled):o.a.z.s.u.RequestPathMetricsCollector@114] - zookeeper.pathStats.enabled = false
2025-08-05 05:40:07,850 [myid:] - INFO  [QuorumPeer[myid=2](plain=127.0.0.1:30079)(secure=disabled):o.a.z.s.u.RequestPathMetricsCollector@109] - zookeeper.pathStats.slotCapacity = 60
2025-08-05 05:40:07,851 [myid:] - INFO  [QuorumPeer[myid=2](plain=127.0.0.1:30079)(secure=disabled):o.a.z.s.u.RequestPathMetricsCollector@110] - zookeeper.pathStats.slotDuration = 15
2025-08-05 05:40:07,851 [myid:] - INFO  [QuorumPeer[myid=2](plain=127.0.0.1:30079)(secure=disabled):o.a.z.s.u.RequestPathMetricsCollector@111] - zookeeper.pathStats.maxDepth = 6
2025-08-05 05:40:07,851 [myid:] - INFO  [QuorumPeer[myid=2](plain=127.0.0.1:30079)(secure=disabled):o.a.z.s.u.RequestPathMetricsCollector@112] - zookeeper.pathStats.initialDelay = 5
2025-08-05 05:40:07,851 [myid:] - INFO  [QuorumPeer[myid=2](plain=127.0.0.1:30079)(secure=disabled):o.a.z.s.u.RequestPathMetricsCollector@113] - zookeeper.pathStats.delay = 5
2025-08-05 05:40:07,851 [myid:] - INFO  [QuorumPeer[myid=2](plain=127.0.0.1:30079)(secure=disabled):o.a.z.s.u.RequestPathMetricsCollector@114] - zookeeper.pathStats.enabled = false
2025-08-05 05:40:07,916 [myid:] - INFO  [main:o.a.z.c.FourLetterWordMain@143] - connecting to 127.0.0.1:30073 (secure=false)
2025-08-05 05:40:07,918 [myid:] - INFO  [NIOWorkerThread-1:o.a.z.s.NIOServerCnxn@532] - Processing stat command from /127.0.0.1:53954
2025-08-05 05:40:07,937 [myid:] - INFO  [QuorumPeer[myid=0](plain=127.0.0.1:30073)(secure=disabled):o.a.z.s.ZooKeeperServer@1622] - The max bytes for all large requests are set to 104857600
2025-08-05 05:40:07,937 [myid:] - INFO  [QuorumPeer[myid=0](plain=127.0.0.1:30073)(secure=disabled):o.a.z.s.ZooKeeperServer@1636] - The large request threshold is set to -1
2025-08-05 05:40:07,937 [myid:] - INFO  [QuorumPeer[myid=0](plain=127.0.0.1:30073)(secure=disabled):o.a.z.s.ZooKeeperServer@387] - Created server with tickTime 4000 ms minSessionTimeout 8000 ms maxSessionTimeout 80000 ms clientPortListenBacklog -1 dataLogdir /usr/csuser/clouddrive/zookeeper/zookeeper-server/target/surefire/test15921890786205575300.junit.dir/data/version-2 snapdir /usr/csuser/clouddrive/zookeeper/zookeeper-server/target/surefire/test15921890786205575300.junit.dir/data/version-2
2025-08-05 05:40:07,937 [myid:] - INFO  [QuorumPeer[myid=1](plain=127.0.0.1:30076)(secure=disabled):o.a.z.s.ZooKeeperServer@1622] - The max bytes for all large requests are set to 104857600
2025-08-05 05:40:07,938 [myid:] - INFO  [QuorumPeer[myid=1](plain=127.0.0.1:30076)(secure=disabled):o.a.z.s.ZooKeeperServer@1636] - The large request threshold is set to -1
2025-08-05 05:40:07,938 [myid:] - INFO  [QuorumPeer[myid=1](plain=127.0.0.1:30076)(secure=disabled):o.a.z.s.ZooKeeperServer@387] - Created server with tickTime 4000 ms minSessionTimeout 8000 ms maxSessionTimeout 80000 ms clientPortListenBacklog -1 dataLogdir /usr/csuser/clouddrive/zookeeper/zookeeper-server/target/surefire/test7389750093345373895.junit.dir/data/version-2 snapdir /usr/csuser/clouddrive/zookeeper/zookeeper-server/target/surefire/test7389750093345373895.junit.dir/data/version-2
2025-08-05 05:40:07,939 [myid:] - INFO  [QuorumPeer[myid=2](plain=127.0.0.1:30079)(secure=disabled):o.a.z.s.ZooKeeperServer@1622] - The max bytes for all large requests are set to 104857600
2025-08-05 05:40:07,940 [myid:] - INFO  [QuorumPeer[myid=2](plain=127.0.0.1:30079)(secure=disabled):o.a.z.s.ZooKeeperServer@1636] - The large request threshold is set to -1
2025-08-05 05:40:07,940 [myid:] - INFO  [QuorumPeer[myid=2](plain=127.0.0.1:30079)(secure=disabled):o.a.z.s.ZooKeeperServer@387] - Created server with tickTime 4000 ms minSessionTimeout 8000 ms maxSessionTimeout 80000 ms clientPortListenBacklog -1 dataLogdir /usr/csuser/clouddrive/zookeeper/zookeeper-server/target/surefire/test15374697327553284658.junit.dir/data/version-2 snapdir /usr/csuser/clouddrive/zookeeper/zookeeper-server/target/surefire/test15374697327553284658.junit.dir/data/version-2
2025-08-05 05:40:08,061 [myid:] - INFO  [QuorumPeer[myid=0](plain=127.0.0.1:30073)(secure=disabled):o.a.z.s.q.Follower@76] - FOLLOWING - LEADER ELECTION TOOK - 1346 MS
2025-08-05 05:40:08,062 [myid:] - INFO  [QuorumPeer[myid=1](plain=127.0.0.1:30076)(secure=disabled):o.a.z.s.q.Follower@76] - FOLLOWING - LEADER ELECTION TOOK - 1346 MS
2025-08-05 05:40:08,075 [myid:] - INFO  [QuorumPeer[myid=1](plain=127.0.0.1:30076)(secure=disabled):o.a.z.s.q.QuorumPeer@973] - Peer state changed: following - discovery
2025-08-05 05:40:08,076 [myid:] - INFO  [QuorumPeer[myid=0](plain=127.0.0.1:30073)(secure=disabled):o.a.z.s.q.QuorumPeer@973] - Peer state changed: following - discovery
2025-08-05 05:40:08,124 [myid:] - INFO  [QuorumPeer[myid=2](plain=127.0.0.1:30079)(secure=disabled):o.a.z.s.q.Leader@737] - LEADING - LEADER ELECTION TOOK - 1408 MS
2025-08-05 05:40:08,127 [myid:] - INFO  [QuorumPeer[myid=2](plain=127.0.0.1:30079)(secure=disabled):o.a.z.s.q.QuorumPeer@973] - Peer state changed: leading - discovery
2025-08-05 05:40:08,128 [myid:] - INFO  [QuorumPeer[myid=2](plain=127.0.0.1:30079)(secure=disabled):o.a.z.s.p.FileTxnSnapLog@480] - Snapshotting: 0x0 to /usr/csuser/clouddrive/zookeeper/zookeeper-server/target/surefire/test15374697327553284658.junit.dir/data/version-2/snapshot.0
2025-08-05 05:40:08,139 [myid:] - INFO  [LeaderConnector-/127.0.0.1:30080:o.a.z.s.q.Learner$LeaderConnector@384] - Successfully connected to leader, using address: /127.0.0.1:30080
2025-08-05 05:40:08,169 [myid:] - INFO  [main:o.a.z.c.FourLetterWordMain@143] - connecting to 127.0.0.1:30073 (secure=false)
2025-08-05 05:40:08,170 [myid:] - INFO  [NIOWorkerThread-3:o.a.z.s.NIOServerCnxn@532] - Processing stat command from /127.0.0.1:53958
2025-08-05 05:40:08,168 [myid:] - INFO  [LeaderConnector-/127.0.0.1:30080:o.a.z.s.q.Learner$LeaderConnector@384] - Successfully connected to leader, using address: /127.0.0.1:30080
2025-08-05 05:40:08,237 [myid:] - INFO  [QuorumPeer[myid=2](plain=127.0.0.1:30079)(secure=disabled):o.a.z.s.ZooKeeperServer@588] - Snapshot taken in 109 ms
2025-08-05 05:40:08,424 [myid:] - INFO  [main:o.a.z.c.FourLetterWordMain@143] - connecting to 127.0.0.1:30073 (secure=false)
2025-08-05 05:40:08,425 [myid:] - INFO  [NIOWorkerThread-4:o.a.z.s.NIOServerCnxn@532] - Processing stat command from /127.0.0.1:53960
2025-08-05 05:40:08,567 [myid:] - INFO  [LearnerCnxAcceptorHandler-/127.0.0.1:30080:o.a.z.s.q.LearnerHandler@85] - zookeeper.leader.closeSocketAsync = false
2025-08-05 05:40:08,690 [myid:] - INFO  [main:o.a.z.c.FourLetterWordMain@143] - connecting to 127.0.0.1:30073 (secure=false)
2025-08-05 05:40:08,693 [myid:] - INFO  [NIOWorkerThread-2:o.a.z.s.NIOServerCnxn@532] - Processing stat command from /127.0.0.1:53970
2025-08-05 05:40:08,709 [myid:] - INFO  [LearnerHandler-/127.0.0.1:47234:o.a.z.s.q.LearnerHandler@667] - Follower sid: 1 : info : 127.0.0.1:30077:30078:participant;127.0.0.1:30076
2025-08-05 05:40:08,714 [myid:] - INFO  [LearnerHandler-/127.0.0.1:47246:o.a.z.s.q.LearnerHandler@667] - Follower sid: 0 : info : 127.0.0.1:30074:30075:participant;127.0.0.1:30073
2025-08-05 05:40:08,871 [myid:] - INFO  [QuorumPeer[myid=2](plain=127.0.0.1:30079)(secure=disabled):o.a.z.s.q.QuorumPeer@1979] - Dynamic reconfig is disabled, we don't store the last seen config.
2025-08-05 05:40:08,944 [myid:] - INFO  [main:o.a.z.c.FourLetterWordMain@143] - connecting to 127.0.0.1:30073 (secure=false)
2025-08-05 05:40:08,948 [myid:] - INFO  [NIOWorkerThread-1:o.a.z.s.NIOServerCnxn@532] - Processing stat command from /127.0.0.1:53986
2025-08-05 05:40:08,974 [myid:] - INFO  [LearnerHandler-/127.0.0.1:47234:o.a.z.s.ZKDatabase@358] - On disk txn sync enabled with snapshotSizeFactor 0.33
2025-08-05 05:40:08,975 [myid:] - INFO  [LearnerHandler-/127.0.0.1:47246:o.a.z.s.ZKDatabase@358] - On disk txn sync enabled with snapshotSizeFactor 0.33
2025-08-05 05:40:08,975 [myid:] - INFO  [LearnerHandler-/127.0.0.1:47234:o.a.z.s.q.LearnerHandler@988] - Synchronizing with Learner sid: 1 maxCommittedLog=0x0 minCommittedLog=0x0 lastProcessedZxid=0x0 peerLastZxid=0x0
2025-08-05 05:40:08,975 [myid:] - INFO  [QuorumPeer[myid=1](plain=127.0.0.1:30076)(secure=disabled):o.a.z.s.q.QuorumPeer@973] - Peer state changed: following - synchronization
2025-08-05 05:40:08,975 [myid:] - INFO  [LearnerHandler-/127.0.0.1:47234:o.a.z.s.q.LearnerHandler@1033] - Sending DIFF zxid=0x0 for peer sid: 1
2025-08-05 05:40:08,976 [myid:] - INFO  [QuorumPeer[myid=0](plain=127.0.0.1:30073)(secure=disabled):o.a.z.s.q.QuorumPeer@973] - Peer state changed: following - synchronization
2025-08-05 05:40:08,976 [myid:] - INFO  [LearnerHandler-/127.0.0.1:47246:o.a.z.s.q.LearnerHandler@988] - Synchronizing with Learner sid: 0 maxCommittedLog=0x0 minCommittedLog=0x0 lastProcessedZxid=0x0 peerLastZxid=0x0
2025-08-05 05:40:08,976 [myid:] - INFO  [LearnerHandler-/127.0.0.1:47246:o.a.z.s.q.LearnerHandler@1033] - Sending DIFF zxid=0x0 for peer sid: 0
2025-08-05 05:40:09,099 [myid:] - INFO  [QuorumPeer[myid=2](plain=127.0.0.1:30079)(secure=disabled):o.a.z.s.q.QuorumPeer@973] - Peer state changed: leading - synchronization
2025-08-05 05:40:09,065 [myid:] - INFO  [QuorumPeer[myid=1](plain=127.0.0.1:30076)(secure=disabled):o.a.z.s.q.Learner@587] - Getting a diff from the leader 0x0
2025-08-05 05:40:09,111 [myid:] - INFO  [QuorumPeer[myid=1](plain=127.0.0.1:30076)(secure=disabled):o.a.z.s.q.QuorumPeer@978] - Peer state changed: following - synchronization - diff
2025-08-05 05:40:09,111 [myid:] - INFO  [pool-7-thread-1:o.a.z.s.q.Leader@387] - THROUGHPUT leader commitsPerSec=0
2025-08-05 05:40:09,119 [myid:] - INFO  [QuorumPeer[myid=0](plain=127.0.0.1:30073)(secure=disabled):o.a.z.s.q.Learner@587] - Getting a diff from the leader 0x0
2025-08-05 05:40:09,119 [myid:] - INFO  [QuorumPeer[myid=0](plain=127.0.0.1:30073)(secure=disabled):o.a.z.s.q.QuorumPeer@978] - Peer state changed: following - synchronization - diff
2025-08-05 05:40:09,202 [myid:] - INFO  [main:o.a.z.c.FourLetterWordMain@143] - connecting to 127.0.0.1:30073 (secure=false)
2025-08-05 05:40:09,204 [myid:] - INFO  [NIOWorkerThread-3:o.a.z.s.NIOServerCnxn@532] - Processing stat command from /127.0.0.1:53990
2025-08-05 05:40:09,268 [myid:] - INFO  [QuorumPeer[myid=0](plain=127.0.0.1:30073)(secure=disabled):o.a.z.s.q.Learner@748] - Learner received NEWLEADER message
2025-08-05 05:40:09,268 [myid:] - INFO  [QuorumPeer[myid=0](plain=127.0.0.1:30073)(secure=disabled):o.a.z.s.q.QuorumPeer@1979] - Dynamic reconfig is disabled, we don't store the last seen config.
2025-08-05 05:40:09,269 [myid:] - INFO  [QuorumPeer[myid=1](plain=127.0.0.1:30076)(secure=disabled):o.a.z.s.q.Learner@748] - Learner received NEWLEADER message
2025-08-05 05:40:09,269 [myid:] - INFO  [QuorumPeer[myid=1](plain=127.0.0.1:30076)(secure=disabled):o.a.z.s.q.QuorumPeer@1979] - Dynamic reconfig is disabled, we don't store the last seen config.
2025-08-05 05:40:09,369 [myid:] - INFO  [QuorumPeer[myid=1](plain=127.0.0.1:30076)(secure=disabled):o.a.z.s.q.Learner@814] - Set the current epoch to 1
2025-08-05 05:40:09,369 [myid:] - INFO  [QuorumPeer[myid=1](plain=127.0.0.1:30076)(secure=disabled):o.a.z.s.q.QuorumPeer@978] - Peer state changed: following - synchronization
2025-08-05 05:40:09,370 [myid:] - INFO  [QuorumPeer[myid=1](plain=127.0.0.1:30076)(secure=disabled):o.a.z.s.q.Learner@820] - Sent NEWLEADER ack to leader with zxid 100000000
2025-08-05 05:40:09,370 [myid:] - INFO  [QuorumPeer[myid=2](plain=127.0.0.1:30079)(secure=disabled):o.a.z.s.q.Leader@1734] - Have quorum of supporters, sids: [[1, 2]]; starting up and setting last processed zxid: 0x100000000
2025-08-05 05:40:09,370 [myid:] - INFO  [QuorumPeer[myid=2](plain=127.0.0.1:30079)(secure=disabled):o.a.z.s.q.Leader@1756] - Dynamic reconfig feature is disabled, skip designatedLeader calculation and reconfig processing.
2025-08-05 05:40:09,374 [myid:] - INFO  [QuorumPeer[myid=0](plain=127.0.0.1:30073)(secure=disabled):o.a.z.s.q.Learner@814] - Set the current epoch to 1
2025-08-05 05:40:09,375 [myid:] - INFO  [QuorumPeer[myid=0](plain=127.0.0.1:30073)(secure=disabled):o.a.z.s.q.QuorumPeer@978] - Peer state changed: following - synchronization
2025-08-05 05:40:09,375 [myid:] - INFO  [QuorumPeer[myid=0](plain=127.0.0.1:30073)(secure=disabled):o.a.z.s.q.Learner@820] - Sent NEWLEADER ack to leader with zxid 100000000
2025-08-05 05:40:09,457 [myid:] - INFO  [main:o.a.z.c.FourLetterWordMain@143] - connecting to 127.0.0.1:30073 (secure=false)
2025-08-05 05:40:09,460 [myid:] - INFO  [NIOWorkerThread-4:o.a.z.s.NIOServerCnxn@532] - Processing stat command from /127.0.0.1:53996
2025-08-05 05:40:09,624 [myid:] - INFO  [pool-11-thread-1:o.a.z.s.q.LearnerHandler@353] - THROUGHPUT node_id=1, role=follower, timestamp=1754372409623, commit_count=0
2025-08-05 05:40:09,663 [myid:] - INFO  [pool-12-thread-1:o.a.z.s.q.LearnerHandler@353] - THROUGHPUT node_id=0, role=follower, timestamp=1754372409663, commit_count=0
2025-08-05 05:40:09,711 [myid:] - INFO  [main:o.a.z.c.FourLetterWordMain@143] - connecting to 127.0.0.1:30073 (secure=false)
2025-08-05 05:40:09,713 [myid:] - INFO  [NIOWorkerThread-2:o.a.z.s.NIOServerCnxn@532] - Processing stat command from /127.0.0.1:54006
2025-08-05 05:40:09,791 [myid:] - INFO  [QuorumPeer[myid=2](plain=127.0.0.1:30079)(secure=disabled):o.a.z.s.q.CommitProcessor@490] - Configuring CommitProcessor with readBatchSize -1 commitBatchSize 1
2025-08-05 05:40:09,792 [myid:] - INFO  [QuorumPeer[myid=2](plain=127.0.0.1:30079)(secure=disabled):o.a.z.s.q.CommitProcessor@451] - Configuring CommitProcessor with 2 worker threads.
2025-08-05 05:40:09,902 [myid:] - INFO  [QuorumPeer[myid=2](plain=127.0.0.1:30079)(secure=disabled):o.a.z.s.q.ProposalRequestProcessor@57] - zookeeper.forward_learner_requests_to_commit_processor_disabled = false
2025-08-05 05:40:09,964 [myid:] - INFO  [main:o.a.z.c.FourLetterWordMain@143] - connecting to 127.0.0.1:30073 (secure=false)
2025-08-05 05:40:09,966 [myid:] - INFO  [NIOWorkerThread-1:o.a.z.s.NIOServerCnxn@532] - Processing stat command from /127.0.0.1:54018
2025-08-05 05:40:10,114 [myid:] - INFO  [pool-7-thread-1:o.a.z.s.q.Leader@387] - THROUGHPUT leader commitsPerSec=0
2025-08-05 05:40:10,155 [myid:] - INFO  [ProcessThread(sid:2 cport:-1)::o.a.z.s.PrepRequestProcessor@135] - PrepRequestProcessor (sid:2) started, reconfigEnabled=false
2025-08-05 05:40:10,219 [myid:] - INFO  [main:o.a.z.c.FourLetterWordMain@143] - connecting to 127.0.0.1:30073 (secure=false)
2025-08-05 05:40:10,222 [myid:] - INFO  [NIOWorkerThread-3:o.a.z.s.NIOServerCnxn@532] - Processing stat command from /127.0.0.1:54026
2025-08-05 05:40:10,275 [myid:] - INFO  [QuorumPeer[myid=2](plain=127.0.0.1:30079)(secure=disabled):o.a.z.s.ContainerManager@83] - Using checkIntervalMs=60000 maxPerMinute=10000 maxNeverUsedIntervalMs=0
2025-08-05 05:40:10,340 [myid:] - INFO  [QuorumPeer[myid=2](plain=127.0.0.1:30079)(secure=disabled):o.a.z.s.RequestThrottler@75] - zookeeper.request_throttler.shutdownTimeout = 10000 ms
2025-08-05 05:40:10,477 [myid:] - INFO  [main:o.a.z.c.FourLetterWordMain@143] - connecting to 127.0.0.1:30073 (secure=false)
2025-08-05 05:40:10,478 [myid:] - INFO  [NIOWorkerThread-4:o.a.z.s.NIOServerCnxn@532] - Processing stat command from /127.0.0.1:54032
2025-08-05 05:40:10,544 [myid:] - INFO  [QuorumPeer[myid=0](plain=127.0.0.1:30073)(secure=disabled):o.a.z.s.q.Learner@732] - Learner received UPTODATE message
2025-08-05 05:40:10,544 [myid:] - INFO  [QuorumPeer[myid=0](plain=127.0.0.1:30073)(secure=disabled):o.a.z.s.q.CommitProcessor@490] - Configuring CommitProcessor with readBatchSize -1 commitBatchSize 1
2025-08-05 05:40:10,544 [myid:] - INFO  [QuorumPeer[myid=0](plain=127.0.0.1:30073)(secure=disabled):o.a.z.s.q.CommitProcessor@451] - Configuring CommitProcessor with 2 worker threads.
2025-08-05 05:40:10,545 [myid:] - INFO  [QuorumPeer[myid=1](plain=127.0.0.1:30076)(secure=disabled):o.a.z.s.q.Learner@732] - Learner received UPTODATE message
2025-08-05 05:40:10,545 [myid:] - INFO  [QuorumPeer[myid=1](plain=127.0.0.1:30076)(secure=disabled):o.a.z.s.q.CommitProcessor@490] - Configuring CommitProcessor with readBatchSize -1 commitBatchSize 1
2025-08-05 05:40:10,545 [myid:] - INFO  [QuorumPeer[myid=1](plain=127.0.0.1:30076)(secure=disabled):o.a.z.s.q.CommitProcessor@451] - Configuring CommitProcessor with 2 worker threads.
2025-08-05 05:40:10,596 [myid:] - INFO  [QuorumPeer[myid=1](plain=127.0.0.1:30076)(secure=disabled):o.a.z.s.q.FollowerRequestProcessor@59] - Initialized FollowerRequestProcessor with zookeeper.follower.skipLearnerRequestToNextProcessor as false
2025-08-05 05:40:10,596 [myid:] - INFO  [QuorumPeer[myid=0](plain=127.0.0.1:30073)(secure=disabled):o.a.z.s.q.FollowerRequestProcessor@59] - Initialized FollowerRequestProcessor with zookeeper.follower.skipLearnerRequestToNextProcessor as false
2025-08-05 05:40:10,602 [myid:] - INFO  [QuorumPeer[myid=2](plain=127.0.0.1:30079)(secure=disabled):o.a.z.s.q.QuorumPeer@973] - Peer state changed: leading - broadcast
2025-08-05 05:40:10,623 [myid:] - INFO  [pool-11-thread-1:o.a.z.s.q.LearnerHandler@353] - THROUGHPUT node_id=1, role=follower, timestamp=1754372410623, commit_count=0
2025-08-05 05:40:10,655 [myid:] - INFO  [QuorumPeer[myid=1](plain=127.0.0.1:30076)(secure=disabled):o.a.z.s.q.Learner@843] - 0 txns have been logged asynchronously
2025-08-05 05:40:10,655 [myid:] - INFO  [QuorumPeer[myid=1](plain=127.0.0.1:30076)(secure=disabled):o.a.z.s.q.Learner@848] - 0 txns have been committed
2025-08-05 05:40:10,655 [myid:] - INFO  [QuorumPeer[myid=1](plain=127.0.0.1:30076)(secure=disabled):o.a.z.s.q.QuorumPeer@973] - Peer state changed: following - broadcast
2025-08-05 05:40:10,662 [myid:] - INFO  [pool-12-thread-1:o.a.z.s.q.LearnerHandler@353] - THROUGHPUT node_id=0, role=follower, timestamp=1754372410662, commit_count=0
2025-08-05 05:40:10,692 [myid:] - INFO  [QuorumPeer[myid=0](plain=127.0.0.1:30073)(secure=disabled):o.a.z.s.q.Learner@843] - 0 txns have been logged asynchronously
2025-08-05 05:40:10,692 [myid:] - INFO  [QuorumPeer[myid=0](plain=127.0.0.1:30073)(secure=disabled):o.a.z.s.q.Learner@848] - 0 txns have been committed
2025-08-05 05:40:10,692 [myid:] - INFO  [QuorumPeer[myid=0](plain=127.0.0.1:30073)(secure=disabled):o.a.z.s.q.QuorumPeer@973] - Peer state changed: following - broadcast
2025-08-05 05:40:10,729 [myid:] - INFO  [main:o.a.z.c.FourLetterWordMain@143] - connecting to 127.0.0.1:30073 (secure=false)
2025-08-05 05:40:10,730 [myid:] - INFO  [NIOWorkerThread-2:o.a.z.s.NIOServerCnxn@532] - Processing stat command from /127.0.0.1:54034
2025-08-05 05:40:10,768 [myid:] - INFO  [NIOWorkerThread-2:o.a.z.s.c.StatCommand@52] - Stat command output
2025-08-05 05:40:10,770 [myid:] - INFO  [main:o.a.z.c.FourLetterWordMain@143] - connecting to 127.0.0.1:30076 (secure=false)
2025-08-05 05:40:10,794 [myid:] - INFO  [NIOWorkerThread-1:o.a.z.s.NIOServerCnxn@532] - Processing stat command from /127.0.0.1:50446
2025-08-05 05:40:10,799 [myid:] - INFO  [NIOWorkerThread-1:o.a.z.s.c.StatCommand@52] - Stat command output
2025-08-05 05:40:10,801 [myid:] - INFO  [main:o.a.z.c.FourLetterWordMain@143] - connecting to 127.0.0.1:30079 (secure=false)
2025-08-05 05:40:10,818 [myid:] - INFO  [NIOWorkerThread-1:o.a.z.s.NIOServerCnxn@532] - Processing stat command from /127.0.0.1:50176
2025-08-05 05:40:10,825 [myid:] - INFO  [NIOWorkerThread-1:o.a.z.s.c.StatCommand@52] - Stat command output
2025-08-05 05:40:11,108 [myid:] - INFO  [pool-7-thread-1:o.a.z.s.q.Leader@387] - THROUGHPUT leader commitsPerSec=0
2025-08-05 05:40:11,163 [myid:] - INFO  [main:o.a.z.Environment@98] - Client environment:zookeeper.version=3.10.0-SNAPSHOT-06b418b62d281c2259dee3eccb9885393532a204-dirty, built on 2025-08-05 05:37 UTC
2025-08-05 05:40:11,163 [myid:] - INFO  [main:o.a.z.Environment@98] - Client environment:host.name=localhost
2025-08-05 05:40:11,163 [myid:] - INFO  [main:o.a.z.Environment@98] - Client environment:java.version=17.0.15
2025-08-05 05:40:11,164 [myid:] - INFO  [main:o.a.z.Environment@98] - Client environment:java.vendor=Microsoft
2025-08-05 05:40:11,164 [myid:] - INFO  [main:o.a.z.Environment@98] - Client environment:java.home=/usr/lib/jvm/msopenjdk-17
2025-08-05 05:40:11,164 [myid:] - INFO  [main:o.a.z.Environment@98] - Client environment:java.class.path=/usr/csuser/clouddrive/zookeeper/zookeeper-server/target/test-classes:/usr/csuser/clouddrive/zookeeper/zookeeper-server/target/classes:/home/athul/.m2/repository/com/github/spotbugs/spotbugs-annotations/4.0.2/spotbugs-annotations-4.0.2.jar:/home/athul/.m2/repository/com/google/code/findbugs/jsr305/3.0.2/jsr305-3.0.2.jar:/home/athul/.m2/repository/org/hamcrest/hamcrest-library/2.2/hamcrest-library-2.2.jar:/home/athul/.m2/repository/org/hamcrest/hamcrest-core/2.2/hamcrest-core-2.2.jar:/home/athul/.m2/repository/org/hamcrest/hamcrest/2.2/hamcrest-2.2.jar:/home/athul/.m2/repository/org/apache/commons/commons-collections4/4.4/commons-collections4-4.4.jar:/usr/csuser/clouddrive/zookeeper/zookeeper-jute/target/zookeeper-jute-3.10.0-SNAPSHOT.jar:/home/athul/.m2/repository/commons-cli/commons-cli/1.5.0/commons-cli-1.5.0.jar:/home/athul/.m2/repository/org/apache/yetus/audience-annotations/0.12.0/audience-annotations-0.12.0.jar:/home/athul/.m2/repository/io/netty/netty-handler/4.1.119.Final/netty-handler-4.1.119.Final.jar:/home/athul/.m2/repository/io/netty/netty-common/4.1.119.Final/netty-common-4.1.119.Final.jar:/home/athul/.m2/repository/io/netty/netty-resolver/4.1.119.Final/netty-resolver-4.1.119.Final.jar:/home/athul/.m2/repository/io/netty/netty-buffer/4.1.119.Final/netty-buffer-4.1.119.Final.jar:/home/athul/.m2/repository/io/netty/netty-transport/4.1.119.Final/netty-transport-4.1.119.Final.jar:/home/athul/.m2/repository/io/netty/netty-transport-native-unix-common/4.1.119.Final/netty-transport-native-unix-common-4.1.119.Final.jar:/home/athul/.m2/repository/io/netty/netty-codec/4.1.119.Final/netty-codec-4.1.119.Final.jar:/home/athul/.m2/repository/io/netty/netty-transport-native-epoll/4.1.119.Final/netty-transport-native-epoll-4.1.119.Final-linux-x86_64.jar:/home/athul/.m2/repository/io/netty/netty-transport-classes-epoll/4.1.119.Final/netty-transport-classes-epoll-4.1.119.Final.jar:/home/athul/.m2/repository/io/netty/netty-tcnative-boringssl-static/2.0.70.Final/netty-tcnative-boringssl-static-2.0.70.Final.jar:/home/athul/.m2/repository/io/netty/netty-tcnative-classes/2.0.70.Final/netty-tcnative-classes-2.0.70.Final.jar:/home/athul/.m2/repository/io/netty/netty-tcnative-boringssl-static/2.0.70.Final/netty-tcnative-boringssl-static-2.0.70.Final-linux-x86_64.jar:/home/athul/.m2/repository/io/netty/netty-tcnative-boringssl-static/2.0.70.Final/netty-tcnative-boringssl-static-2.0.70.Final-linux-aarch_64.jar:/home/athul/.m2/repository/io/netty/netty-tcnative-boringssl-static/2.0.70.Final/netty-tcnative-boringssl-static-2.0.70.Final-osx-x86_64.jar:/home/athul/.m2/repository/io/netty/netty-tcnative-boringssl-static/2.0.70.Final/netty-tcnative-boringssl-static-2.0.70.Final-osx-aarch_64.jar:/home/athul/.m2/repository/io/netty/netty-tcnative-boringssl-static/2.0.70.Final/netty-tcnative-boringssl-static-2.0.70.Final-windows-x86_64.jar:/home/athul/.m2/repository/org/slf4j/slf4j-api/2.0.13/slf4j-api-2.0.13.jar:/home/athul/.m2/repository/ch/qos/logback/logback-classic/1.3.15/logback-classic-1.3.15.jar:/home/athul/.m2/repository/ch/qos/logback/logback-core/1.3.15/logback-core-1.3.15.jar:/home/athul/.m2/repository/org/eclipse/jetty/jetty-server/9.4.57.v20241219/jetty-server-9.4.57.v20241219.jar:/home/athul/.m2/repository/javax/servlet/javax.servlet-api/3.1.0/javax.servlet-api-3.1.0.jar:/home/athul/.m2/repository/org/eclipse/jetty/jetty-http/9.4.57.v20241219/jetty-http-9.4.57.v20241219.jar:/home/athul/.m2/repository/org/eclipse/jetty/jetty-util/9.4.57.v20241219/jetty-util-9.4.57.v20241219.jar:/home/athul/.m2/repository/org/eclipse/jetty/jetty-io/9.4.57.v20241219/jetty-io-9.4.57.v20241219.jar:/home/athul/.m2/repository/org/eclipse/jetty/jetty-servlet/9.4.57.v20241219/jetty-servlet-9.4.57.v20241219.jar:/home/athul/.m2/repository/org/eclipse/jetty/jetty-security/9.4.57.v20241219/jetty-security-9.4.57.v20241219.jar:/home/athul/.m2/repository/org/eclipse/jetty/jetty-util-ajax/9.4.57.v20241219/jetty-util-ajax-9.4.57.v20241219.jar:/home/athul/.m2/repository/org/eclipse/jetty/jetty-client/9.4.57.v20241219/jetty-client-9.4.57.v20241219.jar:/home/athul/.m2/repository/com/fasterxml/jackson/core/jackson-databind/2.15.2/jackson-databind-2.15.2.jar:/home/athul/.m2/repository/com/fasterxml/jackson/core/jackson-annotations/2.15.2/jackson-annotations-2.15.2.jar:/home/athul/.m2/repository/com/fasterxml/jackson/core/jackson-core/2.15.2/jackson-core-2.15.2.jar:/home/athul/.m2/repository/org/bouncycastle/bcprov-jdk18on/1.78/bcprov-jdk18on-1.78.jar:/home/athul/.m2/repository/org/bouncycastle/bcpkix-jdk18on/1.78/bcpkix-jdk18on-1.78.jar:/home/athul/.m2/repository/org/bouncycastle/bcutil-jdk18on/1.78/bcutil-jdk18on-1.78.jar:/home/athul/.m2/repository/jline/jline/2.14.6/jline-2.14.6.jar:/home/athul/.m2/repository/io/dropwizard/metrics/metrics-core/4.1.12.1/metrics-core-4.1.12.1.jar:/home/athul/.m2/repository/org/apache/kerby/kerb-core/2.0.0/kerb-core-2.0.0.jar:/home/athul/.m2/repository/org/apache/kerby/kerby-pkix/2.0.0/kerby-pkix-2.0.0.jar:/home/athul/.m2/repository/org/apache/kerby/kerby-asn1/2.0.0/kerby-asn1-2.0.0.jar:/home/athul/.m2/repository/org/apache/kerby/kerby-util/2.0.0/kerby-util-2.0.0.jar:/home/athul/.m2/repository/org/apache/kerby/kerb-simplekdc/2.0.0/kerb-simplekdc-2.0.0.jar:/home/athul/.m2/repository/org/apache/kerby/kerb-client/2.0.0/kerb-client-2.0.0.jar:/home/athul/.m2/repository/org/apache/kerby/kerb-common/2.0.0/kerb-common-2.0.0.jar:/home/athul/.m2/repository/org/apache/kerby/kerb-crypto/2.0.0/kerb-crypto-2.0.0.jar:/home/athul/.m2/repository/org/apache/kerby/kerb-util/2.0.0/kerb-util-2.0.0.jar:/home/athul/.m2/repository/org/apache/kerby/token-provider/2.0.0/token-provider-2.0.0.jar:/home/athul/.m2/repository/com/nimbusds/nimbus-jose-jwt/4.41.2/nimbus-jose-jwt-4.41.2.jar:/home/athul/.m2/repository/com/github/stephenc/jcip/jcip-annotations/1.0-1/jcip-annotations-1.0-1.jar:/home/athul/.m2/repository/net/minidev/json-smart/2.3/json-smart-2.3.jar:/home/athul/.m2/repository/net/minidev/accessors-smart/1.2/accessors-smart-1.2.jar:/home/athul/.m2/repository/org/ow2/asm/asm/5.0.4/asm-5.0.4.jar:/home/athul/.m2/repository/org/apache/kerby/kerb-admin/2.0.0/kerb-admin-2.0.0.jar:/home/athul/.m2/repository/org/apache/kerby/kerb-server/2.0.0/kerb-server-2.0.0.jar:/home/athul/.m2/repository/org/apache/kerby/kerb-identity/2.0.0/kerb-identity-2.0.0.jar:/home/athul/.m2/repository/org/apache/kerby/kerby-xdr/2.0.0/kerby-xdr-2.0.0.jar:/home/athul/.m2/repository/org/apache/kerby/kerby-config/2.0.0/kerby-config-2.0.0.jar:/home/athul/.m2/repository/org/mockito/mockito-core/4.9.0/mockito-core-4.9.0.jar:/home/athul/.m2/repository/net/bytebuddy/byte-buddy/1.12.16/byte-buddy-1.12.16.jar:/home/athul/.m2/repository/net/bytebuddy/byte-buddy-agent/1.12.16/byte-buddy-agent-1.12.16.jar:/home/athul/.m2/repository/org/objenesis/objenesis/3.3/objenesis-3.3.jar:/home/athul/.m2/repository/org/mockito/mockito-inline/4.9.0/mockito-inline-4.9.0.jar:/home/athul/.m2/repository/org/jmockit/jmockit/1.48/jmockit-1.48.jar:/home/athul/.m2/repository/org/junit/jupiter/junit-jupiter-api/5.6.2/junit-jupiter-api-5.6.2.jar:/home/athul/.m2/repository/org/apiguardian/apiguardian-api/1.1.0/apiguardian-api-1.1.0.jar:/home/athul/.m2/repository/org/opentest4j/opentest4j/1.2.0/opentest4j-1.2.0.jar:/home/athul/.m2/repository/org/junit/platform/junit-platform-commons/1.6.2/junit-platform-commons-1.6.2.jar:/home/athul/.m2/repository/org/junit/jupiter/junit-jupiter-engine/5.6.2/junit-jupiter-engine-5.6.2.jar:/home/athul/.m2/repository/org/junit/platform/junit-platform-engine/1.6.2/junit-platform-engine-1.6.2.jar:/home/athul/.m2/repository/org/junit/jupiter/junit-jupiter-params/5.6.2/junit-jupiter-params-5.6.2.jar:/home/athul/.m2/repository/org/junit/platform/junit-platform-runner/1.6.2/junit-platform-runner-1.6.2.jar:/home/athul/.m2/repository/junit/junit/4.13/junit-4.13.jar:/home/athul/.m2/repository/org/junit/platform/junit-platform-launcher/1.6.2/junit-platform-launcher-1.6.2.jar:/home/athul/.m2/repository/org/junit/platform/junit-platform-suite-api/1.6.2/junit-platform-suite-api-1.6.2.jar:/home/athul/.m2/repository/org/burningwave/tools/0.25.4/tools-0.25.4.jar:/home/athul/.m2/repository/org/burningwave/core/12.62.5/core-12.62.5.jar:/home/athul/.m2/repository/org/burningwave/jvm-driver/8.14.0/jvm-driver-8.14.0.jar:/home/athul/.m2/repository/io/github/toolfactory/jvm-driver/9.4.2/jvm-driver-9.4.2.jar:/home/athul/.m2/repository/org/xerial/snappy/snappy-java/1.1.10.5/snappy-java-1.1.10.5.jar:/home/athul/.m2/repository/commons-io/commons-io/2.17.0/commons-io-2.17.0.jar:
2025-08-05 05:40:11,164 [myid:] - INFO  [main:o.a.z.Environment@98] - Client environment:java.library.path=/usr/java/packages/lib:/usr/lib64:/lib64:/lib:/usr/lib
2025-08-05 05:40:11,164 [myid:] - INFO  [main:o.a.z.Environment@98] - Client environment:java.io.tmpdir=/tmp
2025-08-05 05:40:11,165 [myid:] - INFO  [main:o.a.z.Environment@98] - Client environment:java.compiler=<NA>
2025-08-05 05:40:11,165 [myid:] - INFO  [main:o.a.z.Environment@98] - Client environment:os.name=Linux
2025-08-05 05:40:11,165 [myid:] - INFO  [main:o.a.z.Environment@98] - Client environment:os.arch=amd64
2025-08-05 05:40:11,165 [myid:] - INFO  [main:o.a.z.Environment@98] - Client environment:os.version=6.1.124.1-microsoft-standard
2025-08-05 05:40:11,165 [myid:] - INFO  [main:o.a.z.Environment@98] - Client environment:user.name=athul
2025-08-05 05:40:11,166 [myid:] - INFO  [main:o.a.z.Environment@98] - Client environment:user.home=/home/athul
2025-08-05 05:40:11,166 [myid:] - INFO  [main:o.a.z.Environment@98] - Client environment:user.dir=/usr/csuser/clouddrive/zookeeper/zookeeper-server
2025-08-05 05:40:11,166 [myid:] - INFO  [main:o.a.z.Environment@98] - Client environment:jvm.memory.free=22MB
2025-08-05 05:40:11,166 [myid:] - INFO  [main:o.a.z.Environment@98] - Client environment:jvm.memory.max=512MB
2025-08-05 05:40:11,166 [myid:] - INFO  [main:o.a.z.Environment@98] - Client environment:jvm.memory.total=50MB
2025-08-05 05:40:11,232 [myid:] - INFO  [main:o.a.z.ZooKeeper@1083] - Initiating client connection, connectString=127.0.0.1:30073,127.0.0.1:30076,127.0.0.1:30079 sessionTimeout=40000 watcher=org.apache.zookeeper.ClientCnxnSocketFragilityTest$ClientWatcher@518caac3
2025-08-05 05:40:11,616 [myid:] - INFO  [main:o.a.z.ClientCnxnSocket@235] - jute.maxbuffer value is 1048575 Bytes
2025-08-05 05:40:11,624 [myid:] - INFO  [pool-11-thread-1:o.a.z.s.q.LearnerHandler@353] - THROUGHPUT node_id=1, role=follower, timestamp=1754372411624, commit_count=0
2025-08-05 05:40:11,662 [myid:] - INFO  [pool-12-thread-1:o.a.z.s.q.LearnerHandler@353] - THROUGHPUT node_id=0, role=follower, timestamp=1754372411662, commit_count=0
2025-08-05 05:40:11,896 [myid:] - INFO  [main:o.a.z.ClientCnxn@1674] - zookeeper.request.timeout value is 1000. feature enabled=true
2025-08-05 05:40:12,091 [myid:127.0.0.1:30073] - INFO  [main-SendThread(127.0.0.1:30073):o.a.z.ClientCnxn$SendThread@1121] - Opening socket connection to server localhost/127.0.0.1:30073.
2025-08-05 05:40:12,092 [myid:127.0.0.1:30073] - INFO  [main-SendThread(127.0.0.1:30073):o.a.z.ClientCnxn$SendThread@1123] - SASL config status: Will not attempt to authenticate using SASL (unknown error)
2025-08-05 05:40:12,097 [myid:127.0.0.1:30073] - INFO  [main-SendThread(127.0.0.1:30073):o.a.z.ClientCnxn$SendThread@974] - Socket connection established, initiating session, client: /127.0.0.1:54038, server: localhost/127.0.0.1:30073
2025-08-05 05:40:12,107 [myid:] - INFO  [pool-7-thread-1:o.a.z.s.q.Leader@387] - THROUGHPUT leader commitsPerSec=0
2025-08-05 05:40:12,257 [myid:] - INFO  [SyncThread:2:o.a.z.s.p.FileTxnLog@291] - Creating new log file: log.100000001
2025-08-05 05:40:12,264 [myid:] - WARN  [QuorumPeer[myid=1](plain=127.0.0.1:30076)(secure=disabled):o.a.z.s.q.Follower@167] - Got zxid 0x100000001 expected 0x1
2025-08-05 05:40:12,264 [myid:] - INFO  [SyncThread:1:o.a.z.s.p.FileTxnLog@291] - Creating new log file: log.100000001
2025-08-05 05:40:12,623 [myid:] - INFO  [pool-11-thread-1:o.a.z.s.q.LearnerHandler@353] - THROUGHPUT node_id=1, role=follower, timestamp=1754372412623, commit_count=0
2025-08-05 05:40:12,662 [myid:] - INFO  [pool-12-thread-1:o.a.z.s.q.LearnerHandler@353] - THROUGHPUT node_id=0, role=follower, timestamp=1754372412662, commit_count=0
2025-08-05 05:40:12,975 [myid:] - ERROR [main:o.a.z.ClientCnxn@1551] - Timeout error occurred for the packet 'clientPath:null serverPath:null finished:false header:: 0,1  replyHeader:: 0,0,0  request:: '/testClientCnxnSocketFragility,#62616c6162616c61,v{s{31,s{'world,'anyone}}},0  response::  '.
2025-08-05 05:40:13,107 [myid:] - INFO  [pool-7-thread-1:o.a.z.s.q.Leader@387] - THROUGHPUT leader commitsPerSec=0
2025-08-05 05:40:13,623 [myid:] - INFO  [pool-11-thread-1:o.a.z.s.q.LearnerHandler@353] - THROUGHPUT node_id=1, role=follower, timestamp=1754372413623, commit_count=0
2025-08-05 05:40:13,662 [myid:] - INFO  [pool-12-thread-1:o.a.z.s.q.LearnerHandler@353] - THROUGHPUT node_id=0, role=follower, timestamp=1754372413662, commit_count=0
2025-08-05 05:40:13,866 [myid:] - INFO  [main:o.a.z.s.q.QuorumPeerTestBase@64] - No servers to shutdown!
2025-08-05 05:40:13,892 [myid:] - INFO  [main:o.a.z.ZKTestCase@112] - FINISHED Optional[public void org.apache.zookeeper.ClientCnxnSocketFragilityTest.testClientCnxnSocketFragility() throws java.lang.Exception]
]]></system-out>
  </testcase>
</testsuite>