<?xml version="1.0" encoding="UTF-8"?>
<testsuite xmlns:xsi="http://www.w3.org/2001/XMLSchema-instance" xsi:noNamespaceSchemaLocation="https://maven.apache.org/surefire/maven-surefire-plugin/xsd/surefire-test-report.xsd" name="org.apache.zookeeper.ClientRequestTimeoutTest" time="65.816" tests="3" errors="1" skipped="0" failures="0">
  <properties>
[...]
</properties>
  <testcase name="testClientRequestTimeoutTime" classname="org.apache.zookeeper.ClientRequestTimeoutTest" time="20.166"/>
  <testcase name="testClientRequestTimeoutTimeSimulatingSpuriousWakeup" classname="org.apache.zookeeper.ClientRequestTimeoutTest" time="6.823"/>
  <testcase name="testClientRequestTimeout" classname="org.apache.zookeeper.ClientRequestTimeoutTest" time="36.75">
    <error message="Failed to connect to ZooKeeper server: connected(false), syncConnected(false), readOnlyConnected(false)" type="java.util.concurrent.TimeoutException">java.util.concurrent.TimeoutException: Failed to connect to ZooKeeper server: connected(false), syncConnected(false), readOnlyConnected(false)
	at org.apache.zookeeper.test.ClientBase$CountdownWatcher.waitForConnected(ClientBase.java:145)
	at org.apache.zookeeper.ClientRequestTimeoutTest.testClientRequestTimeout(ClientRequestTimeoutTest.java:83)
</error>
    <system-out><![CDATA[2025-08-05 05:40:35,662 [myid:] - INFO  [main-EventThread:o.a.z.ClientCnxn$EventThread@548] - EventThread shut down for session: 0x10000f41bb60000
2025-08-05 05:40:35,667 [myid:] - INFO  [main:o.a.z.ZKTestCase@107] - STARTING Optional[public void org.apache.zookeeper.ClientRequestTimeoutTest.testClientRequestTimeout() throws java.lang.Exception]
2025-08-05 05:40:35,719 [myid:] - INFO  [main:o.a.z.PortAssignment@87] - Assigned port 21996 from range 21993 - 24685.
2025-08-05 05:40:35,719 [myid:] - INFO  [main:o.a.z.PortAssignment@87] - Assigned port 21997 from range 21993 - 24685.
2025-08-05 05:40:35,720 [myid:] - INFO  [main:o.a.z.PortAssignment@87] - Assigned port 21998 from range 21993 - 24685.
2025-08-05 05:40:35,720 [myid:] - INFO  [main:o.a.z.PortAssignment@87] - Assigned port 21999 from range 21993 - 24685.
2025-08-05 05:40:35,720 [myid:] - INFO  [main:o.a.z.PortAssignment@87] - Assigned port 22000 from range 21993 - 24685.
2025-08-05 05:40:35,720 [myid:] - INFO  [main:o.a.z.PortAssignment@87] - Assigned port 22001 from range 21993 - 24685.
2025-08-05 05:40:35,721 [myid:] - INFO  [main:o.a.z.PortAssignment@87] - Assigned port 22002 from range 21993 - 24685.
2025-08-05 05:40:35,722 [myid:] - INFO  [main:o.a.z.PortAssignment@87] - Assigned port 22003 from range 21993 - 24685.
2025-08-05 05:40:35,722 [myid:] - INFO  [main:o.a.z.PortAssignment@87] - Assigned port 22004 from range 21993 - 24685.
2025-08-05 05:40:35,844 [myid:] - INFO  [main:o.a.z.s.q.QuorumPeerTestBase$MainThread@208] - id = 0 tmpDir = /usr/csuser/clouddrive/zookeeper/zookeeper-server/target/surefire/test12397985425437232716.junit.dir clientPort = 21996 adminServerPort = 8080
2025-08-05 05:40:36,101 [myid:] - INFO  [Thread-5:o.a.z.s.q.QuorumPeerConfig@178] - Reading configuration from: /usr/csuser/clouddrive/zookeeper/zookeeper-server/target/surefire/test12397985425437232716.junit.dir/zoo.cfg
2025-08-05 05:40:36,127 [myid:] - INFO  [Thread-5:o.a.z.s.q.QuorumPeerConfig@445] - clientPortAddress is 0.0.0.0:21996
2025-08-05 05:40:36,127 [myid:] - INFO  [Thread-5:o.a.z.s.q.QuorumPeerConfig@449] - secureClientPort is not set
2025-08-05 05:40:36,128 [myid:] - INFO  [Thread-5:o.a.z.s.q.QuorumPeerConfig@465] - observerMasterPort is not set
2025-08-05 05:40:36,128 [myid:] - INFO  [Thread-5:o.a.z.s.q.QuorumPeerConfig@482] - metricsProvider.className is org.apache.zookeeper.metrics.impl.DefaultMetricsProvider
2025-08-05 05:40:36,240 [myid:] - INFO  [main:o.a.z.s.q.QuorumPeerTestBase$MainThread@208] - id = 1 tmpDir = /usr/csuser/clouddrive/zookeeper/zookeeper-server/target/surefire/test4170879578603251272.junit.dir clientPort = 21999 adminServerPort = 8080
2025-08-05 05:40:36,420 [myid:0] - INFO  [Thread-5:o.a.z.s.DatadirCleanupManager@78] - autopurge.snapRetainCount set to 3
2025-08-05 05:40:36,420 [myid:0] - INFO  [Thread-5:o.a.z.s.DatadirCleanupManager@79] - autopurge.purgeInterval set to 0
2025-08-05 05:40:36,420 [myid:0] - INFO  [Thread-5:o.a.z.s.DatadirCleanupManager@101] - Purge task is not scheduled.
2025-08-05 05:40:36,442 [myid:0] - INFO  [Thread-5:o.a.z.j.ManagedUtil@46] - Log4j 1.2 jmx support not found; jmx disabled.
2025-08-05 05:40:36,442 [myid:0] - INFO  [Thread-5:o.a.z.s.q.QuorumPeerMain@152] - Starting quorum peer, myid=0
2025-08-05 05:40:36,442 [myid:0] - INFO  [Thread-5:o.a.z.s.ServerMetrics@64] - ServerMetrics initialized with provider org.apache.zookeeper.metrics.impl.DefaultMetricsProvider@218a655a
2025-08-05 05:40:36,443 [myid:0] - INFO  [Thread-5:o.a.z.s.a.DigestAuthenticationProvider@65] - zookeeper.DigestAuthenticationProvider.enabled = true
2025-08-05 05:40:36,443 [myid:0] - INFO  [Thread-5:o.a.z.s.ServerCnxnFactory@172] - Using org.apache.zookeeper.server.NIOServerCnxnFactory as server connection factory
2025-08-05 05:40:36,443 [myid:0] - WARN  [Thread-5:o.a.z.s.ServerCnxnFactory@337] - maxCnxns is not configured, using default value 0.
2025-08-05 05:40:36,443 [myid:0] - INFO  [Thread-5:o.a.z.s.NIOServerCnxnFactory@652] - Configuring NIO connection handler with 10s sessionless connection timeout, 1 selector thread(s), 4 worker threads, and 64 kB direct buffers.
2025-08-05 05:40:36,446 [myid:0] - INFO  [Thread-5:o.a.z.s.NIOServerCnxnFactory@660] - binding to port /127.0.0.1:21996
2025-08-05 05:40:36,502 [myid:] - INFO  [Thread-6:o.a.z.s.q.QuorumPeerConfig@178] - Reading configuration from: /usr/csuser/clouddrive/zookeeper/zookeeper-server/target/surefire/test4170879578603251272.junit.dir/zoo.cfg
2025-08-05 05:40:36,510 [myid:] - INFO  [Thread-6:o.a.z.s.q.QuorumPeerConfig@445] - clientPortAddress is 0.0.0.0:21999
2025-08-05 05:40:36,510 [myid:] - INFO  [Thread-6:o.a.z.s.q.QuorumPeerConfig@449] - secureClientPort is not set
2025-08-05 05:40:36,510 [myid:] - INFO  [Thread-6:o.a.z.s.q.QuorumPeerConfig@465] - observerMasterPort is not set
2025-08-05 05:40:36,510 [myid:] - INFO  [Thread-6:o.a.z.s.q.QuorumPeerConfig@482] - metricsProvider.className is org.apache.zookeeper.metrics.impl.DefaultMetricsProvider
2025-08-05 05:40:36,524 [myid:1] - INFO  [Thread-6:o.a.z.s.DatadirCleanupManager@78] - autopurge.snapRetainCount set to 3
2025-08-05 05:40:36,524 [myid:1] - INFO  [Thread-6:o.a.z.s.DatadirCleanupManager@79] - autopurge.purgeInterval set to 0
2025-08-05 05:40:36,525 [myid:1] - INFO  [Thread-6:o.a.z.s.DatadirCleanupManager@101] - Purge task is not scheduled.
2025-08-05 05:40:36,525 [myid:1] - INFO  [Thread-6:o.a.z.j.ManagedUtil@46] - Log4j 1.2 jmx support not found; jmx disabled.
2025-08-05 05:40:36,525 [myid:1] - INFO  [Thread-6:o.a.z.s.q.QuorumPeerMain@152] - Starting quorum peer, myid=1
2025-08-05 05:40:36,525 [myid:1] - INFO  [Thread-6:o.a.z.s.ServerMetrics@64] - ServerMetrics initialized with provider org.apache.zookeeper.metrics.impl.DefaultMetricsProvider@4edfb19a
2025-08-05 05:40:36,525 [myid:1] - INFO  [Thread-6:o.a.z.s.a.DigestAuthenticationProvider@65] - zookeeper.DigestAuthenticationProvider.enabled = true
2025-08-05 05:40:36,526 [myid:1] - INFO  [Thread-6:o.a.z.s.ServerCnxnFactory@172] - Using org.apache.zookeeper.server.NIOServerCnxnFactory as server connection factory
2025-08-05 05:40:36,526 [myid:1] - WARN  [Thread-6:o.a.z.s.ServerCnxnFactory@337] - maxCnxns is not configured, using default value 0.
2025-08-05 05:40:36,526 [myid:1] - INFO  [Thread-6:o.a.z.s.NIOServerCnxnFactory@652] - Configuring NIO connection handler with 10s sessionless connection timeout, 1 selector thread(s), 4 worker threads, and 64 kB direct buffers.
2025-08-05 05:40:36,526 [myid:1] - INFO  [Thread-6:o.a.z.s.NIOServerCnxnFactory@660] - binding to port /127.0.0.1:21999
2025-08-05 05:40:36,613 [myid:] - INFO  [main:o.a.z.s.q.QuorumPeerTestBase$MainThread@208] - id = 2 tmpDir = /usr/csuser/clouddrive/zookeeper/zookeeper-server/target/surefire/test14522371397479967717.junit.dir clientPort = 22002 adminServerPort = 8080
2025-08-05 05:40:36,818 [myid:0] - INFO  [Thread-5:o.a.z.s.q.QuorumPeer@854] - zookeeper.quorumCnxnTimeoutMs=-1
2025-08-05 05:40:36,842 [myid:] - INFO  [main:o.a.z.c.FourLetterWordMain@143] - connecting to 127.0.0.1:21996 (secure=false)
2025-08-05 05:40:36,843 [myid:] - INFO  [Thread-7:o.a.z.s.q.QuorumPeerConfig@178] - Reading configuration from: /usr/csuser/clouddrive/zookeeper/zookeeper-server/target/surefire/test14522371397479967717.junit.dir/zoo.cfg
2025-08-05 05:40:36,852 [myid:] - INFO  [Thread-7:o.a.z.s.q.QuorumPeerConfig@445] - clientPortAddress is 0.0.0.0:22002
2025-08-05 05:40:36,853 [myid:] - INFO  [Thread-7:o.a.z.s.q.QuorumPeerConfig@449] - secureClientPort is not set
2025-08-05 05:40:36,853 [myid:] - INFO  [Thread-7:o.a.z.s.q.QuorumPeerConfig@465] - observerMasterPort is not set
2025-08-05 05:40:36,853 [myid:] - INFO  [Thread-7:o.a.z.s.q.QuorumPeerConfig@482] - metricsProvider.className is org.apache.zookeeper.metrics.impl.DefaultMetricsProvider
2025-08-05 05:40:36,863 [myid:2] - INFO  [Thread-7:o.a.z.s.DatadirCleanupManager@78] - autopurge.snapRetainCount set to 3
2025-08-05 05:40:36,864 [myid:2] - INFO  [Thread-7:o.a.z.s.DatadirCleanupManager@79] - autopurge.purgeInterval set to 0
2025-08-05 05:40:36,864 [myid:2] - INFO  [Thread-7:o.a.z.s.DatadirCleanupManager@101] - Purge task is not scheduled.
2025-08-05 05:40:36,873 [myid:2] - INFO  [Thread-7:o.a.z.j.ManagedUtil@46] - Log4j 1.2 jmx support not found; jmx disabled.
2025-08-05 05:40:36,873 [myid:2] - INFO  [Thread-7:o.a.z.s.q.QuorumPeerMain@152] - Starting quorum peer, myid=2
2025-08-05 05:40:36,873 [myid:2] - INFO  [Thread-7:o.a.z.s.ServerMetrics@64] - ServerMetrics initialized with provider org.apache.zookeeper.metrics.impl.DefaultMetricsProvider@7d4aabea
2025-08-05 05:40:36,873 [myid:2] - INFO  [Thread-7:o.a.z.s.a.DigestAuthenticationProvider@65] - zookeeper.DigestAuthenticationProvider.enabled = true
2025-08-05 05:40:36,891 [myid:2] - INFO  [Thread-7:o.a.z.s.ServerCnxnFactory@172] - Using org.apache.zookeeper.server.NIOServerCnxnFactory as server connection factory
2025-08-05 05:40:36,891 [myid:2] - WARN  [Thread-7:o.a.z.s.ServerCnxnFactory@337] - maxCnxns is not configured, using default value 0.
2025-08-05 05:40:36,891 [myid:2] - INFO  [Thread-7:o.a.z.s.NIOServerCnxnFactory@652] - Configuring NIO connection handler with 10s sessionless connection timeout, 1 selector thread(s), 4 worker threads, and 64 kB direct buffers.
2025-08-05 05:40:36,891 [myid:2] - INFO  [Thread-7:o.a.z.s.NIOServerCnxnFactory@660] - binding to port /127.0.0.1:22002
2025-08-05 05:40:37,162 [myid:0] - INFO  [Thread-5:o.a.z.s.p.FileTxnSnapLog@124] - zookeeper.snapshot.trust.empty : false
2025-08-05 05:40:37,162 [myid:1] - INFO  [Thread-6:o.a.z.s.p.FileTxnSnapLog@124] - zookeeper.snapshot.trust.empty : false
2025-08-05 05:40:37,162 [myid:2] - INFO  [Thread-7:o.a.z.s.p.FileTxnSnapLog@124] - zookeeper.snapshot.trust.empty : false
2025-08-05 05:40:37,245 [myid:2] - INFO  [Thread-7:o.a.z.s.q.QuorumPeer@1841] - Local sessions disabled
2025-08-05 05:40:37,245 [myid:2] - INFO  [Thread-7:o.a.z.s.q.QuorumPeer@1852] - Local session upgrading disabled
2025-08-05 05:40:37,245 [myid:2] - INFO  [Thread-7:o.a.z.s.q.QuorumPeer@1819] - tickTime set to 4000
2025-08-05 05:40:37,245 [myid:2] - INFO  [Thread-7:o.a.z.s.q.QuorumPeer@1863] - minSessionTimeout set to 8000
2025-08-05 05:40:37,245 [myid:2] - INFO  [Thread-7:o.a.z.s.q.QuorumPeer@1874] - maxSessionTimeout set to 80000
2025-08-05 05:40:37,245 [myid:2] - INFO  [Thread-7:o.a.z.s.q.QuorumPeer@1909] - initLimit set to 10
2025-08-05 05:40:37,245 [myid:2] - INFO  [Thread-7:o.a.z.s.q.QuorumPeer@2110] - syncLimit set to 5
2025-08-05 05:40:37,245 [myid:2] - INFO  [Thread-7:o.a.z.s.q.QuorumPeer@2125] - connectToLearnerMasterLimit set to 5
2025-08-05 05:40:37,246 [myid:2] - INFO  [Thread-7:o.a.z.s.w.WatchManagerFactory@42] - Using org.apache.zookeeper.server.watch.WatchManager as watch manager
2025-08-05 05:40:37,246 [myid:2] - INFO  [Thread-7:o.a.z.s.w.WatchManagerFactory@42] - Using org.apache.zookeeper.server.watch.WatchManager as watch manager
2025-08-05 05:40:37,246 [myid:2] - INFO  [Thread-7:o.a.z.s.ZKDatabase@137] - zookeeper.snapshotSizeFactor = 0.33
2025-08-05 05:40:37,246 [myid:2] - INFO  [Thread-7:o.a.z.s.ZKDatabase@157] - zookeeper.commitLogCount=500
2025-08-05 05:40:37,246 [myid:1] - INFO  [Thread-6:o.a.z.s.q.QuorumPeer@1841] - Local sessions disabled
2025-08-05 05:40:37,246 [myid:1] - INFO  [Thread-6:o.a.z.s.q.QuorumPeer@1852] - Local session upgrading disabled
2025-08-05 05:40:37,246 [myid:1] - INFO  [Thread-6:o.a.z.s.q.QuorumPeer@1819] - tickTime set to 4000
2025-08-05 05:40:37,246 [myid:1] - INFO  [Thread-6:o.a.z.s.q.QuorumPeer@1863] - minSessionTimeout set to 8000
2025-08-05 05:40:37,247 [myid:1] - INFO  [Thread-6:o.a.z.s.q.QuorumPeer@1874] - maxSessionTimeout set to 80000
2025-08-05 05:40:37,247 [myid:1] - INFO  [Thread-6:o.a.z.s.q.QuorumPeer@1909] - initLimit set to 10
2025-08-05 05:40:37,247 [myid:1] - INFO  [Thread-6:o.a.z.s.q.QuorumPeer@2110] - syncLimit set to 5
2025-08-05 05:40:37,247 [myid:1] - INFO  [Thread-6:o.a.z.s.q.QuorumPeer@2125] - connectToLearnerMasterLimit set to 5
2025-08-05 05:40:37,247 [myid:1] - INFO  [Thread-6:o.a.z.s.w.WatchManagerFactory@42] - Using org.apache.zookeeper.server.watch.WatchManager as watch manager
2025-08-05 05:40:37,247 [myid:1] - INFO  [Thread-6:o.a.z.s.w.WatchManagerFactory@42] - Using org.apache.zookeeper.server.watch.WatchManager as watch manager
2025-08-05 05:40:37,247 [myid:1] - INFO  [Thread-6:o.a.z.s.ZKDatabase@137] - zookeeper.snapshotSizeFactor = 0.33
2025-08-05 05:40:37,247 [myid:1] - INFO  [Thread-6:o.a.z.s.ZKDatabase@157] - zookeeper.commitLogCount=500
2025-08-05 05:40:37,270 [myid:0] - INFO  [Thread-5:o.a.z.s.q.QuorumPeer@1841] - Local sessions disabled
2025-08-05 05:40:37,271 [myid:0] - INFO  [Thread-5:o.a.z.s.q.QuorumPeer@1852] - Local session upgrading disabled
2025-08-05 05:40:37,271 [myid:0] - INFO  [Thread-5:o.a.z.s.q.QuorumPeer@1819] - tickTime set to 4000
2025-08-05 05:40:37,271 [myid:0] - INFO  [Thread-5:o.a.z.s.q.QuorumPeer@1863] - minSessionTimeout set to 8000
2025-08-05 05:40:37,271 [myid:0] - INFO  [Thread-5:o.a.z.s.q.QuorumPeer@1874] - maxSessionTimeout set to 80000
2025-08-05 05:40:37,271 [myid:0] - INFO  [Thread-5:o.a.z.s.q.QuorumPeer@1909] - initLimit set to 10
2025-08-05 05:40:37,271 [myid:0] - INFO  [Thread-5:o.a.z.s.q.QuorumPeer@2110] - syncLimit set to 5
2025-08-05 05:40:37,271 [myid:0] - INFO  [Thread-5:o.a.z.s.q.QuorumPeer@2125] - connectToLearnerMasterLimit set to 5
2025-08-05 05:40:37,271 [myid:0] - INFO  [Thread-5:o.a.z.s.w.WatchManagerFactory@42] - Using org.apache.zookeeper.server.watch.WatchManager as watch manager
2025-08-05 05:40:37,271 [myid:0] - INFO  [Thread-5:o.a.z.s.w.WatchManagerFactory@42] - Using org.apache.zookeeper.server.watch.WatchManager as watch manager
2025-08-05 05:40:37,271 [myid:0] - INFO  [Thread-5:o.a.z.s.ZKDatabase@137] - zookeeper.snapshotSizeFactor = 0.33
2025-08-05 05:40:37,271 [myid:0] - INFO  [Thread-5:o.a.z.s.ZKDatabase@157] - zookeeper.commitLogCount=500
2025-08-05 05:40:37,352 [myid:0] - INFO  [Thread-5:o.a.z.s.q.QuorumPeer@2189] - Using insecure (non-TLS) quorum communication
2025-08-05 05:40:37,353 [myid:0] - INFO  [Thread-5:o.a.z.s.q.QuorumPeer@2195] - Port unification disabled
2025-08-05 05:40:37,353 [myid:0] - INFO  [Thread-5:o.a.z.s.q.QuorumPeer@190] - multiAddress.enabled set to false
2025-08-05 05:40:37,353 [myid:0] - INFO  [Thread-5:o.a.z.s.q.QuorumPeer@215] - multiAddress.reachabilityCheckEnabled set to true
2025-08-05 05:40:37,353 [myid:0] - INFO  [Thread-5:o.a.z.s.q.QuorumPeer@202] - multiAddress.reachabilityCheckTimeoutMs set to 1000
2025-08-05 05:40:37,353 [myid:0] - INFO  [Thread-5:o.a.z.s.q.QuorumPeer@2712] - QuorumPeer communication is not secured! (SASL auth disabled)
2025-08-05 05:40:37,353 [myid:0] - INFO  [Thread-5:o.a.z.s.q.QuorumPeer@2737] - quorum.cnxn.threads.size set to 20
2025-08-05 05:40:37,357 [myid:2] - INFO  [Thread-7:o.a.z.s.q.QuorumPeer@2189] - Using insecure (non-TLS) quorum communication
2025-08-05 05:40:37,358 [myid:2] - INFO  [Thread-7:o.a.z.s.q.QuorumPeer@2195] - Port unification disabled
2025-08-05 05:40:37,358 [myid:2] - INFO  [Thread-7:o.a.z.s.q.QuorumPeer@190] - multiAddress.enabled set to false
2025-08-05 05:40:37,358 [myid:2] - INFO  [Thread-7:o.a.z.s.q.QuorumPeer@215] - multiAddress.reachabilityCheckEnabled set to true
2025-08-05 05:40:37,358 [myid:2] - INFO  [Thread-7:o.a.z.s.q.QuorumPeer@202] - multiAddress.reachabilityCheckTimeoutMs set to 1000
2025-08-05 05:40:37,358 [myid:2] - INFO  [Thread-7:o.a.z.s.q.QuorumPeer@2712] - QuorumPeer communication is not secured! (SASL auth disabled)
2025-08-05 05:40:37,358 [myid:2] - INFO  [Thread-7:o.a.z.s.q.QuorumPeer@2737] - quorum.cnxn.threads.size set to 20
2025-08-05 05:40:37,362 [myid:1] - INFO  [Thread-6:o.a.z.s.q.QuorumPeer@2189] - Using insecure (non-TLS) quorum communication
2025-08-05 05:40:37,362 [myid:1] - INFO  [Thread-6:o.a.z.s.q.QuorumPeer@2195] - Port unification disabled
2025-08-05 05:40:37,362 [myid:1] - INFO  [Thread-6:o.a.z.s.q.QuorumPeer@190] - multiAddress.enabled set to false
2025-08-05 05:40:37,364 [myid:1] - INFO  [Thread-6:o.a.z.s.q.QuorumPeer@215] - multiAddress.reachabilityCheckEnabled set to true
2025-08-05 05:40:37,364 [myid:1] - INFO  [Thread-6:o.a.z.s.q.QuorumPeer@202] - multiAddress.reachabilityCheckTimeoutMs set to 1000
2025-08-05 05:40:37,364 [myid:1] - INFO  [Thread-6:o.a.z.s.q.QuorumPeer@2712] - QuorumPeer communication is not secured! (SASL auth disabled)
2025-08-05 05:40:37,364 [myid:1] - INFO  [Thread-6:o.a.z.s.q.QuorumPeer@2737] - quorum.cnxn.threads.size set to 20
2025-08-05 05:40:37,405 [myid:0] - INFO  [Thread-5:o.a.z.s.p.FileTxnSnapLog@260] - Initialize file found, an empty database will not block voting participation
2025-08-05 05:40:37,425 [myid:2] - INFO  [Thread-7:o.a.z.s.p.FileTxnSnapLog@260] - Initialize file found, an empty database will not block voting participation
2025-08-05 05:40:37,451 [myid:1] - INFO  [Thread-6:o.a.z.s.p.FileTxnSnapLog@260] - Initialize file found, an empty database will not block voting participation
2025-08-05 05:40:37,470 [myid:0] - INFO  [Thread-5:o.a.z.s.p.FileTxnSnapLog@480] - Snapshotting: 0x0 to /usr/csuser/clouddrive/zookeeper/zookeeper-server/target/surefire/test12397985425437232716.junit.dir/data/version-2/snapshot.0
2025-08-05 05:40:37,490 [myid:2] - INFO  [Thread-7:o.a.z.s.p.FileTxnSnapLog@480] - Snapshotting: 0x0 to /usr/csuser/clouddrive/zookeeper/zookeeper-server/target/surefire/test14522371397479967717.junit.dir/data/version-2/snapshot.0
2025-08-05 05:40:37,528 [myid:1] - INFO  [Thread-6:o.a.z.s.p.FileTxnSnapLog@480] - Snapshotting: 0x0 to /usr/csuser/clouddrive/zookeeper/zookeeper-server/target/surefire/test4170879578603251272.junit.dir/data/version-2/snapshot.0
2025-08-05 05:40:37,550 [myid:2] - INFO  [Thread-7:o.a.z.s.ZKDatabase@294] - Snapshot loaded in 192 ms, highest zxid is 0x0, digest is 1371985504
2025-08-05 05:40:37,550 [myid:0] - INFO  [Thread-5:o.a.z.s.ZKDatabase@294] - Snapshot loaded in 197 ms, highest zxid is 0x0, digest is 1371985504
2025-08-05 05:40:37,590 [myid:1] - INFO  [Thread-6:o.a.z.s.ZKDatabase@294] - Snapshot loaded in 226 ms, highest zxid is 0x0, digest is 1371985504
2025-08-05 05:40:37,620 [myid:2] - INFO  [Thread-7:o.a.z.s.q.QuorumPeer@1220] - currentEpoch not found! Creating with a reasonable default of 0. This should only happen when you are upgrading your installation
2025-08-05 05:40:37,620 [myid:1] - INFO  [Thread-6:o.a.z.s.q.QuorumPeer@1220] - currentEpoch not found! Creating with a reasonable default of 0. This should only happen when you are upgrading your installation
2025-08-05 05:40:37,625 [myid:0] - INFO  [Thread-5:o.a.z.s.q.QuorumPeer@1220] - currentEpoch not found! Creating with a reasonable default of 0. This should only happen when you are upgrading your installation
2025-08-05 05:40:37,855 [myid:0] - INFO  [Thread-5:o.a.z.s.q.QuorumPeer@1248] - acceptedEpoch not found! Creating with a reasonable default of 0. This should only happen when you are upgrading your installation
2025-08-05 05:40:37,855 [myid:1] - INFO  [Thread-6:o.a.z.s.q.QuorumPeer@1248] - acceptedEpoch not found! Creating with a reasonable default of 0. This should only happen when you are upgrading your installation
2025-08-05 05:40:37,864 [myid:2] - INFO  [Thread-7:o.a.z.s.q.QuorumPeer@1248] - acceptedEpoch not found! Creating with a reasonable default of 0. This should only happen when you are upgrading your installation
2025-08-05 05:40:38,062 [myid:1] - INFO  [Thread-6:o.a.z.s.q.QuorumPeer@2754] - Using 20000ms as the quorum cnxn socket timeout
2025-08-05 05:40:38,062 [myid:0] - INFO  [Thread-5:o.a.z.s.q.QuorumPeer@2754] - Using 20000ms as the quorum cnxn socket timeout
2025-08-05 05:40:38,091 [myid:2] - INFO  [Thread-7:o.a.z.s.q.QuorumPeer@2754] - Using 20000ms as the quorum cnxn socket timeout
2025-08-05 05:40:38,107 [myid:] - INFO  [NIOWorkerThread-1:o.a.z.s.NIOServerCnxn@532] - Processing stat command from /127.0.0.1:45228
2025-08-05 05:40:38,297 [myid:2] - INFO  [Thread-7:o.a.z.s.q.QuorumCnxManager$Listener@924] - Election port bind maximum retries is 3
2025-08-05 05:40:38,298 [myid:1] - INFO  [Thread-6:o.a.z.s.q.QuorumCnxManager$Listener@924] - Election port bind maximum retries is 3
2025-08-05 05:40:38,298 [myid:0] - INFO  [Thread-5:o.a.z.s.q.QuorumCnxManager$Listener@924] - Election port bind maximum retries is 3
2025-08-05 05:40:38,361 [myid:] - INFO  [main:o.a.z.c.FourLetterWordMain@143] - connecting to 127.0.0.1:21996 (secure=false)
2025-08-05 05:40:38,373 [myid:] - INFO  [NIOWorkerThread-2:o.a.z.s.NIOServerCnxn@532] - Processing stat command from /127.0.0.1:45236
2025-08-05 05:40:38,409 [myid:2] - INFO  [Thread-7:o.a.z.s.q.FastLeaderElection@90] - zookeeper.fastleader.minNotificationInterval = 200 ms
2025-08-05 05:40:38,409 [myid:2] - INFO  [Thread-7:o.a.z.s.q.FastLeaderElection@92] - zookeeper.fastleader.maxNotificationInterval = 60000 ms
2025-08-05 05:40:38,468 [myid:] - INFO  [ListenerHandler-/127.0.0.1:22001:o.a.z.s.q.QuorumCnxManager$Listener$ListenerHandler@1071] - 1 is accepting connections now, my election bind port: /127.0.0.1:22001
2025-08-05 05:40:38,492 [myid:] - INFO  [ListenerHandler-/127.0.0.1:21998:o.a.z.s.q.QuorumCnxManager$Listener$ListenerHandler@1071] - 0 is accepting connections now, my election bind port: /127.0.0.1:21998
2025-08-05 05:40:38,505 [myid:] - INFO  [ListenerHandler-/127.0.0.1:22004:o.a.z.s.q.QuorumCnxManager$Listener$ListenerHandler@1071] - 2 is accepting connections now, my election bind port: /127.0.0.1:22004
2025-08-05 05:40:38,652 [myid:] - INFO  [main:o.a.z.c.FourLetterWordMain@143] - connecting to 127.0.0.1:21996 (secure=false)
2025-08-05 05:40:38,722 [myid:] - INFO  [NIOWorkerThread-3:o.a.z.s.NIOServerCnxn@532] - Processing stat command from /127.0.0.1:45246
2025-08-05 05:40:38,974 [myid:] - INFO  [main:o.a.z.c.FourLetterWordMain@143] - connecting to 127.0.0.1:21996 (secure=false)
2025-08-05 05:40:39,007 [myid:] - INFO  [NIOWorkerThread-4:o.a.z.s.NIOServerCnxn@532] - Processing stat command from /127.0.0.1:45254
2025-08-05 05:40:39,042 [myid:] - INFO  [QuorumPeer[myid=0](plain=127.0.0.1:21996)(secure=disabled):o.a.z.s.q.QuorumPeer@1530] - LOOKING
2025-08-05 05:40:39,043 [myid:] - INFO  [QuorumPeer[myid=1](plain=127.0.0.1:21999)(secure=disabled):o.a.z.s.q.QuorumPeer@1530] - LOOKING
2025-08-05 05:40:39,043 [myid:] - INFO  [QuorumPeer[myid=2](plain=127.0.0.1:22002)(secure=disabled):o.a.z.s.q.QuorumPeer@1530] - LOOKING
2025-08-05 05:40:39,123 [myid:] - INFO  [QuorumPeer[myid=1](plain=127.0.0.1:21999)(secure=disabled):o.a.z.s.q.FastLeaderElection@941] - New election. My id = 1, proposed zxid=0x0
2025-08-05 05:40:39,124 [myid:] - INFO  [QuorumPeer[myid=2](plain=127.0.0.1:22002)(secure=disabled):o.a.z.s.q.FastLeaderElection@941] - New election. My id = 2, proposed zxid=0x0
2025-08-05 05:40:39,123 [myid:] - INFO  [QuorumPeer[myid=0](plain=127.0.0.1:21996)(secure=disabled):o.a.z.s.q.FastLeaderElection@941] - New election. My id = 0, proposed zxid=0x0
2025-08-05 05:40:39,253 [myid:] - INFO  [ListenerHandler-/127.0.0.1:21998:o.a.z.s.q.QuorumCnxManager$Listener$ListenerHandler@1076] - Received connection request from /127.0.0.1:49118
2025-08-05 05:40:39,258 [myid:] - INFO  [main:o.a.z.c.FourLetterWordMain@143] - connecting to 127.0.0.1:21996 (secure=false)
2025-08-05 05:40:39,259 [myid:] - INFO  [NIOWorkerThread-1:o.a.z.s.NIOServerCnxn@532] - Processing stat command from /127.0.0.1:45270
2025-08-05 05:40:39,278 [myid:] - INFO  [ListenerHandler-/127.0.0.1:22001:o.a.z.s.q.QuorumCnxManager$Listener$ListenerHandler@1076] - Received connection request from /127.0.0.1:59552
2025-08-05 05:40:39,296 [myid:] - INFO  [WorkerReceiver[myid=2]:o.a.z.s.q.FastLeaderElection$Messenger$WorkerReceiver@391] - Notification: my state:LOOKING; n.sid:2, n.state:LOOKING, n.leader:2, n.round:0x1, n.peerEpoch:0x0, n.zxid:0x0, message format version:0x2, n.config version:0x0
2025-08-05 05:40:39,305 [myid:] - INFO  [WorkerReceiver[myid=0]:o.a.z.s.q.FastLeaderElection$Messenger$WorkerReceiver@391] - Notification: my state:LOOKING; n.sid:0, n.state:LOOKING, n.leader:0, n.round:0x1, n.peerEpoch:0x0, n.zxid:0x0, message format version:0x2, n.config version:0x0
2025-08-05 05:40:39,305 [myid:] - INFO  [QuorumConnectionThread-[myid=0]-1:o.a.z.s.q.QuorumCnxManager@514] - Have smaller server identifier, so dropping the connection: (myId:0 --> sid:1)
2025-08-05 05:40:39,306 [myid:] - INFO  [ListenerHandler-/127.0.0.1:22004:o.a.z.s.q.QuorumCnxManager$Listener$ListenerHandler@1076] - Received connection request from /127.0.0.1:43748
2025-08-05 05:40:39,306 [myid:] - INFO  [QuorumConnectionThread-[myid=0]-2:o.a.z.s.q.QuorumCnxManager@514] - Have smaller server identifier, so dropping the connection: (myId:0 --> sid:2)
2025-08-05 05:40:39,319 [myid:] - INFO  [WorkerReceiver[myid=1]:o.a.z.s.q.FastLeaderElection$Messenger$WorkerReceiver@391] - Notification: my state:LOOKING; n.sid:1, n.state:LOOKING, n.leader:1, n.round:0x1, n.peerEpoch:0x0, n.zxid:0x0, message format version:0x2, n.config version:0x0
2025-08-05 05:40:39,320 [myid:] - INFO  [ListenerHandler-/127.0.0.1:22001:o.a.z.s.q.QuorumCnxManager$Listener$ListenerHandler@1076] - Received connection request from /127.0.0.1:59560
2025-08-05 05:40:39,322 [myid:] - INFO  [ListenerHandler-/127.0.0.1:22004:o.a.z.s.q.QuorumCnxManager$Listener$ListenerHandler@1076] - Received connection request from /127.0.0.1:43756
2025-08-05 05:40:39,323 [myid:] - INFO  [QuorumConnectionThread-[myid=1]-2:o.a.z.s.q.QuorumCnxManager@514] - Have smaller server identifier, so dropping the connection: (myId:1 --> sid:2)
2025-08-05 05:40:39,442 [myid:] - INFO  [WorkerReceiver[myid=1]:o.a.z.s.q.FastLeaderElection$Messenger$WorkerReceiver@391] - Notification: my state:LOOKING; n.sid:0, n.state:LOOKING, n.leader:0, n.round:0x1, n.peerEpoch:0x0, n.zxid:0x0, message format version:0x2, n.config version:0x0
2025-08-05 05:40:39,456 [myid:] - INFO  [ListenerHandler-/127.0.0.1:21998:o.a.z.s.q.QuorumCnxManager$Listener$ListenerHandler@1076] - Received connection request from /127.0.0.1:49128
2025-08-05 05:40:39,461 [myid:] - INFO  [WorkerReceiver[myid=0]:o.a.z.s.q.FastLeaderElection$Messenger$WorkerReceiver@391] - Notification: my state:LOOKING; n.sid:1, n.state:LOOKING, n.leader:1, n.round:0x1, n.peerEpoch:0x0, n.zxid:0x0, message format version:0x2, n.config version:0x0
2025-08-05 05:40:39,463 [myid:] - INFO  [WorkerReceiver[myid=1]:o.a.z.s.q.FastLeaderElection$Messenger$WorkerReceiver@391] - Notification: my state:LOOKING; n.sid:0, n.state:LOOKING, n.leader:1, n.round:0x1, n.peerEpoch:0x0, n.zxid:0x0, message format version:0x2, n.config version:0x0
2025-08-05 05:40:39,465 [myid:] - INFO  [WorkerReceiver[myid=0]:o.a.z.s.q.FastLeaderElection$Messenger$WorkerReceiver@391] - Notification: my state:LOOKING; n.sid:0, n.state:LOOKING, n.leader:1, n.round:0x1, n.peerEpoch:0x0, n.zxid:0x0, message format version:0x2, n.config version:0x0
2025-08-05 05:40:39,491 [myid:] - INFO  [WorkerReceiver[myid=2]:o.a.z.s.q.FastLeaderElection$Messenger$WorkerReceiver@391] - Notification: my state:LOOKING; n.sid:0, n.state:LOOKING, n.leader:1, n.round:0x1, n.peerEpoch:0x0, n.zxid:0x0, message format version:0x2, n.config version:0x0
2025-08-05 05:40:39,498 [myid:] - INFO  [WorkerReceiver[myid=0]:o.a.z.s.q.FastLeaderElection$Messenger$WorkerReceiver@391] - Notification: my state:LOOKING; n.sid:2, n.state:LOOKING, n.leader:2, n.round:0x1, n.peerEpoch:0x0, n.zxid:0x0, message format version:0x2, n.config version:0x0
2025-08-05 05:40:39,500 [myid:] - INFO  [WorkerReceiver[myid=0]:o.a.z.s.q.FastLeaderElection$Messenger$WorkerReceiver@391] - Notification: my state:LOOKING; n.sid:0, n.state:LOOKING, n.leader:2, n.round:0x1, n.peerEpoch:0x0, n.zxid:0x0, message format version:0x2, n.config version:0x0
2025-08-05 05:40:39,500 [myid:] - INFO  [WorkerReceiver[myid=1]:o.a.z.s.q.FastLeaderElection$Messenger$WorkerReceiver@391] - Notification: my state:LOOKING; n.sid:0, n.state:LOOKING, n.leader:2, n.round:0x1, n.peerEpoch:0x0, n.zxid:0x0, message format version:0x2, n.config version:0x0
2025-08-05 05:40:39,502 [myid:] - INFO  [WorkerReceiver[myid=0]:o.a.z.s.q.FastLeaderElection$Messenger$WorkerReceiver@391] - Notification: my state:LOOKING; n.sid:1, n.state:LOOKING, n.leader:2, n.round:0x1, n.peerEpoch:0x0, n.zxid:0x0, message format version:0x2, n.config version:0x0
2025-08-05 05:40:39,502 [myid:] - INFO  [WorkerReceiver[myid=1]:o.a.z.s.q.FastLeaderElection$Messenger$WorkerReceiver@391] - Notification: my state:LOOKING; n.sid:1, n.state:LOOKING, n.leader:2, n.round:0x1, n.peerEpoch:0x0, n.zxid:0x0, message format version:0x2, n.config version:0x0
2025-08-05 05:40:39,503 [myid:] - INFO  [WorkerReceiver[myid=2]:o.a.z.s.q.FastLeaderElection$Messenger$WorkerReceiver@391] - Notification: my state:LOOKING; n.sid:0, n.state:LOOKING, n.leader:2, n.round:0x1, n.peerEpoch:0x0, n.zxid:0x0, message format version:0x2, n.config version:0x0
2025-08-05 05:40:39,509 [myid:] - INFO  [main:o.a.z.c.FourLetterWordMain@143] - connecting to 127.0.0.1:21996 (secure=false)
2025-08-05 05:40:39,510 [myid:] - INFO  [NIOWorkerThread-2:o.a.z.s.NIOServerCnxn@532] - Processing stat command from /127.0.0.1:45276
2025-08-05 05:40:39,546 [myid:] - INFO  [WorkerReceiver[myid=1]:o.a.z.s.q.FastLeaderElection$Messenger$WorkerReceiver@391] - Notification: my state:LOOKING; n.sid:2, n.state:LOOKING, n.leader:2, n.round:0x1, n.peerEpoch:0x0, n.zxid:0x0, message format version:0x2, n.config version:0x0
2025-08-05 05:40:39,561 [myid:] - INFO  [WorkerReceiver[myid=2]:o.a.z.s.q.FastLeaderElection$Messenger$WorkerReceiver@391] - Notification: my state:LOOKING; n.sid:1, n.state:LOOKING, n.leader:2, n.round:0x1, n.peerEpoch:0x0, n.zxid:0x0, message format version:0x2, n.config version:0x0
2025-08-05 05:40:39,702 [myid:] - INFO  [QuorumPeer[myid=0](plain=127.0.0.1:21996)(secure=disabled):o.a.z.s.q.QuorumPeer@959] - Peer state changed: following
2025-08-05 05:40:39,703 [myid:] - INFO  [QuorumPeer[myid=0](plain=127.0.0.1:21996)(secure=disabled):o.a.z.s.q.QuorumPeer@1614] - FOLLOWING
2025-08-05 05:40:39,747 [myid:] - INFO  [QuorumPeer[myid=1](plain=127.0.0.1:21999)(secure=disabled):o.a.z.s.q.QuorumPeer@959] - Peer state changed: following
2025-08-05 05:40:39,748 [myid:] - INFO  [QuorumPeer[myid=1](plain=127.0.0.1:21999)(secure=disabled):o.a.z.s.q.QuorumPeer@1614] - FOLLOWING
2025-08-05 05:40:39,761 [myid:] - INFO  [main:o.a.z.c.FourLetterWordMain@143] - connecting to 127.0.0.1:21996 (secure=false)
2025-08-05 05:40:39,763 [myid:] - INFO  [QuorumPeer[myid=2](plain=127.0.0.1:22002)(secure=disabled):o.a.z.s.q.QuorumPeer@959] - Peer state changed: leading
2025-08-05 05:40:39,763 [myid:] - INFO  [QuorumPeer[myid=2](plain=127.0.0.1:22002)(secure=disabled):o.a.z.s.q.QuorumPeer@1626] - LEADING
2025-08-05 05:40:39,763 [myid:] - INFO  [NIOWorkerThread-3:o.a.z.s.NIOServerCnxn@532] - Processing stat command from /127.0.0.1:45280
2025-08-05 05:40:39,928 [myid:] - INFO  [QuorumPeer[myid=0](plain=127.0.0.1:21996)(secure=disabled):o.a.z.s.q.Learner@134] - leaderConnectDelayDuringRetryMs: 100
2025-08-05 05:40:39,928 [myid:] - INFO  [QuorumPeer[myid=0](plain=127.0.0.1:21996)(secure=disabled):o.a.z.s.q.Learner@135] - TCP NoDelay set to: true
2025-08-05 05:40:39,928 [myid:] - INFO  [QuorumPeer[myid=0](plain=127.0.0.1:21996)(secure=disabled):o.a.z.s.q.Learner@136] - zookeeper.learner.asyncSending = false
2025-08-05 05:40:39,928 [myid:] - INFO  [QuorumPeer[myid=0](plain=127.0.0.1:21996)(secure=disabled):o.a.z.s.q.Learner@137] - zookeeper.learner.closeSocketAsync = false
2025-08-05 05:40:39,928 [myid:] - INFO  [QuorumPeer[myid=0](plain=127.0.0.1:21996)(secure=disabled):o.a.z.s.AuthenticationHelper@66] - zookeeper.enforce.auth.enabled = false
2025-08-05 05:40:39,928 [myid:] - INFO  [QuorumPeer[myid=0](plain=127.0.0.1:21996)(secure=disabled):o.a.z.s.AuthenticationHelper@67] - zookeeper.enforce.auth.schemes = []
2025-08-05 05:40:39,929 [myid:] - INFO  [QuorumPeer[myid=0](plain=127.0.0.1:21996)(secure=disabled):o.a.z.s.ZooKeeperServer@1395] - minSessionTimeout set to 8000 ms
2025-08-05 05:40:39,929 [myid:] - INFO  [QuorumPeer[myid=0](plain=127.0.0.1:21996)(secure=disabled):o.a.z.s.ZooKeeperServer@1404] - maxSessionTimeout set to 80000 ms
2025-08-05 05:40:39,929 [myid:] - INFO  [QuorumPeer[myid=0](plain=127.0.0.1:21996)(secure=disabled):o.a.z.s.ResponseCache@50] - getData response cache size is initialized with value 400.
2025-08-05 05:40:39,929 [myid:] - INFO  [QuorumPeer[myid=0](plain=127.0.0.1:21996)(secure=disabled):o.a.z.s.ResponseCache@50] - getChildren response cache size is initialized with value 400.
2025-08-05 05:40:39,929 [myid:] - INFO  [QuorumPeer[myid=0](plain=127.0.0.1:21996)(secure=disabled):o.a.z.s.u.RequestPathMetricsCollector@109] - zookeeper.pathStats.slotCapacity = 60
2025-08-05 05:40:39,929 [myid:] - INFO  [QuorumPeer[myid=0](plain=127.0.0.1:21996)(secure=disabled):o.a.z.s.u.RequestPathMetricsCollector@110] - zookeeper.pathStats.slotDuration = 15
2025-08-05 05:40:39,929 [myid:] - INFO  [QuorumPeer[myid=0](plain=127.0.0.1:21996)(secure=disabled):o.a.z.s.u.RequestPathMetricsCollector@111] - zookeeper.pathStats.maxDepth = 6
2025-08-05 05:40:39,929 [myid:] - INFO  [QuorumPeer[myid=0](plain=127.0.0.1:21996)(secure=disabled):o.a.z.s.u.RequestPathMetricsCollector@112] - zookeeper.pathStats.initialDelay = 5
2025-08-05 05:40:39,929 [myid:] - INFO  [QuorumPeer[myid=0](plain=127.0.0.1:21996)(secure=disabled):o.a.z.s.u.RequestPathMetricsCollector@113] - zookeeper.pathStats.delay = 5
2025-08-05 05:40:39,929 [myid:] - INFO  [QuorumPeer[myid=0](plain=127.0.0.1:21996)(secure=disabled):o.a.z.s.u.RequestPathMetricsCollector@114] - zookeeper.pathStats.enabled = false
2025-08-05 05:40:39,929 [myid:] - INFO  [QuorumPeer[myid=0](plain=127.0.0.1:21996)(secure=disabled):o.a.z.s.ZooKeeperServer@1622] - The max bytes for all large requests are set to 104857600
2025-08-05 05:40:39,929 [myid:] - INFO  [QuorumPeer[myid=0](plain=127.0.0.1:21996)(secure=disabled):o.a.z.s.ZooKeeperServer@1636] - The large request threshold is set to -1
2025-08-05 05:40:39,929 [myid:] - INFO  [QuorumPeer[myid=0](plain=127.0.0.1:21996)(secure=disabled):o.a.z.s.ZooKeeperServer@387] - Created server with tickTime 4000 ms minSessionTimeout 8000 ms maxSessionTimeout 80000 ms clientPortListenBacklog -1 dataLogdir /usr/csuser/clouddrive/zookeeper/zookeeper-server/target/surefire/test12397985425437232716.junit.dir/data/version-2 snapdir /usr/csuser/clouddrive/zookeeper/zookeeper-server/target/surefire/test12397985425437232716.junit.dir/data/version-2
2025-08-05 05:40:39,930 [myid:] - INFO  [QuorumPeer[myid=1](plain=127.0.0.1:21999)(secure=disabled):o.a.z.s.AuthenticationHelper@66] - zookeeper.enforce.auth.enabled = false
2025-08-05 05:40:39,930 [myid:] - INFO  [QuorumPeer[myid=1](plain=127.0.0.1:21999)(secure=disabled):o.a.z.s.AuthenticationHelper@67] - zookeeper.enforce.auth.schemes = []
2025-08-05 05:40:39,930 [myid:] - INFO  [QuorumPeer[myid=1](plain=127.0.0.1:21999)(secure=disabled):o.a.z.s.ZooKeeperServer@1395] - minSessionTimeout set to 8000 ms
2025-08-05 05:40:39,930 [myid:] - INFO  [QuorumPeer[myid=1](plain=127.0.0.1:21999)(secure=disabled):o.a.z.s.ZooKeeperServer@1404] - maxSessionTimeout set to 80000 ms
2025-08-05 05:40:39,930 [myid:] - INFO  [QuorumPeer[myid=1](plain=127.0.0.1:21999)(secure=disabled):o.a.z.s.ResponseCache@50] - getData response cache size is initialized with value 400.
2025-08-05 05:40:39,930 [myid:] - INFO  [QuorumPeer[myid=1](plain=127.0.0.1:21999)(secure=disabled):o.a.z.s.ResponseCache@50] - getChildren response cache size is initialized with value 400.
2025-08-05 05:40:39,930 [myid:] - INFO  [QuorumPeer[myid=1](plain=127.0.0.1:21999)(secure=disabled):o.a.z.s.u.RequestPathMetricsCollector@109] - zookeeper.pathStats.slotCapacity = 60
2025-08-05 05:40:39,930 [myid:] - INFO  [QuorumPeer[myid=1](plain=127.0.0.1:21999)(secure=disabled):o.a.z.s.u.RequestPathMetricsCollector@110] - zookeeper.pathStats.slotDuration = 15
2025-08-05 05:40:39,930 [myid:] - INFO  [QuorumPeer[myid=1](plain=127.0.0.1:21999)(secure=disabled):o.a.z.s.u.RequestPathMetricsCollector@111] - zookeeper.pathStats.maxDepth = 6
2025-08-05 05:40:39,930 [myid:] - INFO  [QuorumPeer[myid=1](plain=127.0.0.1:21999)(secure=disabled):o.a.z.s.u.RequestPathMetricsCollector@112] - zookeeper.pathStats.initialDelay = 5
2025-08-05 05:40:39,930 [myid:] - INFO  [QuorumPeer[myid=1](plain=127.0.0.1:21999)(secure=disabled):o.a.z.s.u.RequestPathMetricsCollector@113] - zookeeper.pathStats.delay = 5
2025-08-05 05:40:39,930 [myid:] - INFO  [QuorumPeer[myid=1](plain=127.0.0.1:21999)(secure=disabled):o.a.z.s.u.RequestPathMetricsCollector@114] - zookeeper.pathStats.enabled = false
2025-08-05 05:40:39,930 [myid:] - INFO  [QuorumPeer[myid=1](plain=127.0.0.1:21999)(secure=disabled):o.a.z.s.ZooKeeperServer@1622] - The max bytes for all large requests are set to 104857600
2025-08-05 05:40:39,930 [myid:] - INFO  [QuorumPeer[myid=1](plain=127.0.0.1:21999)(secure=disabled):o.a.z.s.ZooKeeperServer@1636] - The large request threshold is set to -1
2025-08-05 05:40:39,930 [myid:] - INFO  [QuorumPeer[myid=1](plain=127.0.0.1:21999)(secure=disabled):o.a.z.s.ZooKeeperServer@387] - Created server with tickTime 4000 ms minSessionTimeout 8000 ms maxSessionTimeout 80000 ms clientPortListenBacklog -1 dataLogdir /usr/csuser/clouddrive/zookeeper/zookeeper-server/target/surefire/test4170879578603251272.junit.dir/data/version-2 snapdir /usr/csuser/clouddrive/zookeeper/zookeeper-server/target/surefire/test4170879578603251272.junit.dir/data/version-2
2025-08-05 05:40:39,940 [myid:] - INFO  [QuorumPeer[myid=2](plain=127.0.0.1:22002)(secure=disabled):o.a.z.s.q.LearnerMaster@47] - zookeeper.leader.maxConcurrentSnapSyncs = 10
2025-08-05 05:40:39,940 [myid:] - INFO  [QuorumPeer[myid=2](plain=127.0.0.1:22002)(secure=disabled):o.a.z.s.q.LearnerMaster@50] - zookeeper.leader.maxConcurrentDiffSyncs = 100
2025-08-05 05:40:39,940 [myid:] - INFO  [QuorumPeer[myid=2](plain=127.0.0.1:22002)(secure=disabled):o.a.z.s.q.Leader@87] - TCP NoDelay set to: true
2025-08-05 05:40:39,940 [myid:] - INFO  [QuorumPeer[myid=2](plain=127.0.0.1:22002)(secure=disabled):o.a.z.s.q.Leader@173] - zookeeper.leader.ackLoggingFrequency = 1000
2025-08-05 05:40:39,940 [myid:] - INFO  [QuorumPeer[myid=2](plain=127.0.0.1:22002)(secure=disabled):o.a.z.s.q.Leader@1584] - zookeeper.leader.maxTimeToWaitForEpoch = -1ms
2025-08-05 05:40:40,014 [myid:] - INFO  [main:o.a.z.c.FourLetterWordMain@143] - connecting to 127.0.0.1:21996 (secure=false)
2025-08-05 05:40:40,016 [myid:] - INFO  [NIOWorkerThread-4:o.a.z.s.NIOServerCnxn@532] - Processing stat command from /127.0.0.1:45284
2025-08-05 05:40:40,045 [myid:] - INFO  [QuorumPeer[myid=2](plain=127.0.0.1:22002)(secure=disabled):o.a.z.s.AuthenticationHelper@66] - zookeeper.enforce.auth.enabled = false
2025-08-05 05:40:40,045 [myid:] - INFO  [QuorumPeer[myid=2](plain=127.0.0.1:22002)(secure=disabled):o.a.z.s.AuthenticationHelper@67] - zookeeper.enforce.auth.schemes = []
2025-08-05 05:40:40,045 [myid:] - INFO  [QuorumPeer[myid=2](plain=127.0.0.1:22002)(secure=disabled):o.a.z.s.ZooKeeperServer@1395] - minSessionTimeout set to 8000 ms
2025-08-05 05:40:40,045 [myid:] - INFO  [QuorumPeer[myid=2](plain=127.0.0.1:22002)(secure=disabled):o.a.z.s.ZooKeeperServer@1404] - maxSessionTimeout set to 80000 ms
2025-08-05 05:40:40,045 [myid:] - INFO  [QuorumPeer[myid=2](plain=127.0.0.1:22002)(secure=disabled):o.a.z.s.ResponseCache@50] - getData response cache size is initialized with value 400.
2025-08-05 05:40:40,045 [myid:] - INFO  [QuorumPeer[myid=2](plain=127.0.0.1:22002)(secure=disabled):o.a.z.s.ResponseCache@50] - getChildren response cache size is initialized with value 400.
2025-08-05 05:40:40,045 [myid:] - INFO  [QuorumPeer[myid=2](plain=127.0.0.1:22002)(secure=disabled):o.a.z.s.u.RequestPathMetricsCollector@109] - zookeeper.pathStats.slotCapacity = 60
2025-08-05 05:40:40,045 [myid:] - INFO  [QuorumPeer[myid=2](plain=127.0.0.1:22002)(secure=disabled):o.a.z.s.u.RequestPathMetricsCollector@110] - zookeeper.pathStats.slotDuration = 15
2025-08-05 05:40:40,045 [myid:] - INFO  [QuorumPeer[myid=2](plain=127.0.0.1:22002)(secure=disabled):o.a.z.s.u.RequestPathMetricsCollector@111] - zookeeper.pathStats.maxDepth = 6
2025-08-05 05:40:40,045 [myid:] - INFO  [QuorumPeer[myid=2](plain=127.0.0.1:22002)(secure=disabled):o.a.z.s.u.RequestPathMetricsCollector@112] - zookeeper.pathStats.initialDelay = 5
2025-08-05 05:40:40,045 [myid:] - INFO  [QuorumPeer[myid=2](plain=127.0.0.1:22002)(secure=disabled):o.a.z.s.u.RequestPathMetricsCollector@113] - zookeeper.pathStats.delay = 5
2025-08-05 05:40:40,045 [myid:] - INFO  [QuorumPeer[myid=2](plain=127.0.0.1:22002)(secure=disabled):o.a.z.s.u.RequestPathMetricsCollector@114] - zookeeper.pathStats.enabled = false
2025-08-05 05:40:40,046 [myid:] - INFO  [QuorumPeer[myid=2](plain=127.0.0.1:22002)(secure=disabled):o.a.z.s.ZooKeeperServer@1622] - The max bytes for all large requests are set to 104857600
2025-08-05 05:40:40,046 [myid:] - INFO  [QuorumPeer[myid=2](plain=127.0.0.1:22002)(secure=disabled):o.a.z.s.ZooKeeperServer@1636] - The large request threshold is set to -1
2025-08-05 05:40:40,046 [myid:] - INFO  [QuorumPeer[myid=2](plain=127.0.0.1:22002)(secure=disabled):o.a.z.s.ZooKeeperServer@387] - Created server with tickTime 4000 ms minSessionTimeout 8000 ms maxSessionTimeout 80000 ms clientPortListenBacklog -1 dataLogdir /usr/csuser/clouddrive/zookeeper/zookeeper-server/target/surefire/test14522371397479967717.junit.dir/data/version-2 snapdir /usr/csuser/clouddrive/zookeeper/zookeeper-server/target/surefire/test14522371397479967717.junit.dir/data/version-2
2025-08-05 05:40:40,125 [myid:] - INFO  [QuorumPeer[myid=0](plain=127.0.0.1:21996)(secure=disabled):o.a.z.s.q.Follower@76] - FOLLOWING - LEADER ELECTION TOOK - 1002 MS
2025-08-05 05:40:40,127 [myid:] - INFO  [QuorumPeer[myid=1](plain=127.0.0.1:21999)(secure=disabled):o.a.z.s.q.Follower@76] - FOLLOWING - LEADER ELECTION TOOK - 1004 MS
2025-08-05 05:40:40,131 [myid:] - INFO  [QuorumPeer[myid=0](plain=127.0.0.1:21996)(secure=disabled):o.a.z.s.q.QuorumPeer@973] - Peer state changed: following - discovery
2025-08-05 05:40:40,132 [myid:] - INFO  [QuorumPeer[myid=1](plain=127.0.0.1:21999)(secure=disabled):o.a.z.s.q.QuorumPeer@973] - Peer state changed: following - discovery
2025-08-05 05:40:40,203 [myid:] - INFO  [LeaderConnector-/127.0.0.1:22003:o.a.z.s.q.Learner$LeaderConnector@384] - Successfully connected to leader, using address: /127.0.0.1:22003
2025-08-05 05:40:40,216 [myid:] - INFO  [LeaderConnector-/127.0.0.1:22003:o.a.z.s.q.Learner$LeaderConnector@384] - Successfully connected to leader, using address: /127.0.0.1:22003
2025-08-05 05:40:40,228 [myid:] - INFO  [QuorumPeer[myid=2](plain=127.0.0.1:22002)(secure=disabled):o.a.z.s.q.Leader@737] - LEADING - LEADER ELECTION TOOK - 1104 MS
2025-08-05 05:40:40,230 [myid:] - INFO  [QuorumPeer[myid=2](plain=127.0.0.1:22002)(secure=disabled):o.a.z.s.q.QuorumPeer@973] - Peer state changed: leading - discovery
2025-08-05 05:40:40,230 [myid:] - INFO  [QuorumPeer[myid=2](plain=127.0.0.1:22002)(secure=disabled):o.a.z.s.p.FileTxnSnapLog@480] - Snapshotting: 0x0 to /usr/csuser/clouddrive/zookeeper/zookeeper-server/target/surefire/test14522371397479967717.junit.dir/data/version-2/snapshot.0
2025-08-05 05:40:40,268 [myid:] - INFO  [main:o.a.z.c.FourLetterWordMain@143] - connecting to 127.0.0.1:21996 (secure=false)
2025-08-05 05:40:40,271 [myid:] - INFO  [NIOWorkerThread-1:o.a.z.s.NIOServerCnxn@532] - Processing stat command from /127.0.0.1:45286
2025-08-05 05:40:40,341 [myid:] - INFO  [QuorumPeer[myid=2](plain=127.0.0.1:22002)(secure=disabled):o.a.z.s.ZooKeeperServer@588] - Snapshot taken in 111 ms
2025-08-05 05:40:40,521 [myid:] - INFO  [main:o.a.z.c.FourLetterWordMain@143] - connecting to 127.0.0.1:21996 (secure=false)
2025-08-05 05:40:40,523 [myid:] - INFO  [NIOWorkerThread-2:o.a.z.s.NIOServerCnxn@532] - Processing stat command from /127.0.0.1:45290
2025-08-05 05:40:40,568 [myid:] - INFO  [LearnerCnxAcceptorHandler-/127.0.0.1:22003:o.a.z.s.q.LearnerHandler@85] - zookeeper.leader.closeSocketAsync = false
2025-08-05 05:40:40,701 [myid:] - INFO  [LearnerHandler-/127.0.0.1:32802:o.a.z.s.q.LearnerHandler@667] - Follower sid: 0 : info : 127.0.0.1:21997:21998:participant;127.0.0.1:21996
2025-08-05 05:40:40,702 [myid:] - INFO  [LearnerHandler-/127.0.0.1:32816:o.a.z.s.q.LearnerHandler@667] - Follower sid: 1 : info : 127.0.0.1:22000:22001:participant;127.0.0.1:21999
2025-08-05 05:40:40,773 [myid:] - INFO  [main:o.a.z.c.FourLetterWordMain@143] - connecting to 127.0.0.1:21996 (secure=false)
2025-08-05 05:40:40,790 [myid:] - INFO  [NIOWorkerThread-3:o.a.z.s.NIOServerCnxn@532] - Processing stat command from /127.0.0.1:45302
2025-08-05 05:40:40,892 [myid:] - INFO  [QuorumPeer[myid=2](plain=127.0.0.1:22002)(secure=disabled):o.a.z.s.q.QuorumPeer@1979] - Dynamic reconfig is disabled, we don't store the last seen config.
2025-08-05 05:40:41,038 [myid:] - INFO  [LearnerHandler-/127.0.0.1:32816:o.a.z.s.ZKDatabase@358] - On disk txn sync enabled with snapshotSizeFactor 0.33
2025-08-05 05:40:41,039 [myid:] - INFO  [LearnerHandler-/127.0.0.1:32816:o.a.z.s.q.LearnerHandler@988] - Synchronizing with Learner sid: 1 maxCommittedLog=0x0 minCommittedLog=0x0 lastProcessedZxid=0x0 peerLastZxid=0x0
2025-08-05 05:40:41,039 [myid:] - INFO  [LearnerHandler-/127.0.0.1:32816:o.a.z.s.q.LearnerHandler@1033] - Sending DIFF zxid=0x0 for peer sid: 1
2025-08-05 05:40:41,040 [myid:] - INFO  [QuorumPeer[myid=1](plain=127.0.0.1:21999)(secure=disabled):o.a.z.s.q.QuorumPeer@973] - Peer state changed: following - synchronization
2025-08-05 05:40:41,040 [myid:] - INFO  [main:o.a.z.c.FourLetterWordMain@143] - connecting to 127.0.0.1:21996 (secure=false)
2025-08-05 05:40:41,041 [myid:] - INFO  [NIOWorkerThread-4:o.a.z.s.NIOServerCnxn@532] - Processing stat command from /127.0.0.1:45316
2025-08-05 05:40:41,042 [myid:] - INFO  [QuorumPeer[myid=0](plain=127.0.0.1:21996)(secure=disabled):o.a.z.s.q.QuorumPeer@973] - Peer state changed: following - synchronization
2025-08-05 05:40:41,042 [myid:] - INFO  [LearnerHandler-/127.0.0.1:32802:o.a.z.s.ZKDatabase@358] - On disk txn sync enabled with snapshotSizeFactor 0.33
2025-08-05 05:40:41,042 [myid:] - INFO  [LearnerHandler-/127.0.0.1:32802:o.a.z.s.q.LearnerHandler@988] - Synchronizing with Learner sid: 0 maxCommittedLog=0x0 minCommittedLog=0x0 lastProcessedZxid=0x0 peerLastZxid=0x0
2025-08-05 05:40:41,042 [myid:] - INFO  [LearnerHandler-/127.0.0.1:32802:o.a.z.s.q.LearnerHandler@1033] - Sending DIFF zxid=0x0 for peer sid: 0
2025-08-05 05:40:41,190 [myid:] - INFO  [QuorumPeer[myid=2](plain=127.0.0.1:22002)(secure=disabled):o.a.z.s.q.QuorumPeer@973] - Peer state changed: leading - synchronization
2025-08-05 05:40:41,195 [myid:] - INFO  [pool-11-thread-1:o.a.z.s.q.Leader@387] - THROUGHPUT leader commitsPerSec=0
2025-08-05 05:40:41,208 [myid:] - INFO  [QuorumPeer[myid=0](plain=127.0.0.1:21996)(secure=disabled):o.a.z.s.q.Learner@587] - Getting a diff from the leader 0x0
2025-08-05 05:40:41,209 [myid:] - INFO  [QuorumPeer[myid=0](plain=127.0.0.1:21996)(secure=disabled):o.a.z.s.q.QuorumPeer@978] - Peer state changed: following - synchronization - diff
2025-08-05 05:40:41,225 [myid:] - INFO  [QuorumPeer[myid=1](plain=127.0.0.1:21999)(secure=disabled):o.a.z.s.q.Learner@587] - Getting a diff from the leader 0x0
2025-08-05 05:40:41,225 [myid:] - INFO  [QuorumPeer[myid=1](plain=127.0.0.1:21999)(secure=disabled):o.a.z.s.q.QuorumPeer@978] - Peer state changed: following - synchronization - diff
2025-08-05 05:40:41,273 [myid:] - INFO  [QuorumPeer[myid=0](plain=127.0.0.1:21996)(secure=disabled):o.a.z.s.q.Learner@748] - Learner received NEWLEADER message
2025-08-05 05:40:41,274 [myid:] - INFO  [QuorumPeer[myid=0](plain=127.0.0.1:21996)(secure=disabled):o.a.z.s.q.QuorumPeer@1979] - Dynamic reconfig is disabled, we don't store the last seen config.
2025-08-05 05:40:41,274 [myid:] - INFO  [QuorumPeer[myid=1](plain=127.0.0.1:21999)(secure=disabled):o.a.z.s.q.Learner@748] - Learner received NEWLEADER message
2025-08-05 05:40:41,274 [myid:] - INFO  [QuorumPeer[myid=1](plain=127.0.0.1:21999)(secure=disabled):o.a.z.s.q.QuorumPeer@1979] - Dynamic reconfig is disabled, we don't store the last seen config.
2025-08-05 05:40:41,294 [myid:] - INFO  [main:o.a.z.c.FourLetterWordMain@143] - connecting to 127.0.0.1:21996 (secure=false)
2025-08-05 05:40:41,295 [myid:] - INFO  [NIOWorkerThread-1:o.a.z.s.NIOServerCnxn@532] - Processing stat command from /127.0.0.1:45320
2025-08-05 05:40:41,451 [myid:] - INFO  [QuorumPeer[myid=0](plain=127.0.0.1:21996)(secure=disabled):o.a.z.s.q.Learner@814] - Set the current epoch to 1
2025-08-05 05:40:41,451 [myid:] - INFO  [QuorumPeer[myid=0](plain=127.0.0.1:21996)(secure=disabled):o.a.z.s.q.QuorumPeer@978] - Peer state changed: following - synchronization
2025-08-05 05:40:41,452 [myid:] - INFO  [QuorumPeer[myid=0](plain=127.0.0.1:21996)(secure=disabled):o.a.z.s.q.Learner@820] - Sent NEWLEADER ack to leader with zxid 100000000
2025-08-05 05:40:41,452 [myid:] - INFO  [QuorumPeer[myid=2](plain=127.0.0.1:22002)(secure=disabled):o.a.z.s.q.Leader@1734] - Have quorum of supporters, sids: [[0, 2]]; starting up and setting last processed zxid: 0x100000000
2025-08-05 05:40:41,452 [myid:] - INFO  [QuorumPeer[myid=2](plain=127.0.0.1:22002)(secure=disabled):o.a.z.s.q.Leader@1756] - Dynamic reconfig feature is disabled, skip designatedLeader calculation and reconfig processing.
2025-08-05 05:40:41,467 [myid:] - INFO  [QuorumPeer[myid=1](plain=127.0.0.1:21999)(secure=disabled):o.a.z.s.q.Learner@814] - Set the current epoch to 1
2025-08-05 05:40:41,467 [myid:] - INFO  [QuorumPeer[myid=1](plain=127.0.0.1:21999)(secure=disabled):o.a.z.s.q.QuorumPeer@978] - Peer state changed: following - synchronization
2025-08-05 05:40:41,467 [myid:] - INFO  [QuorumPeer[myid=1](plain=127.0.0.1:21999)(secure=disabled):o.a.z.s.q.Learner@820] - Sent NEWLEADER ack to leader with zxid 100000000
2025-08-05 05:40:41,547 [myid:] - INFO  [main:o.a.z.c.FourLetterWordMain@143] - connecting to 127.0.0.1:21996 (secure=false)
2025-08-05 05:40:41,548 [myid:] - INFO  [NIOWorkerThread-2:o.a.z.s.NIOServerCnxn@532] - Processing stat command from /127.0.0.1:45334
2025-08-05 05:40:41,620 [myid:] - INFO  [pool-13-thread-1:o.a.z.s.q.LearnerHandler@353] - THROUGHPUT node_id=0, role=follower, timestamp=1754372441620, commit_count=0
2025-08-05 05:40:41,653 [myid:] - INFO  [pool-14-thread-1:o.a.z.s.q.LearnerHandler@353] - THROUGHPUT node_id=1, role=follower, timestamp=1754372441653, commit_count=0
2025-08-05 05:40:41,701 [myid:] - INFO  [QuorumPeer[myid=2](plain=127.0.0.1:22002)(secure=disabled):o.a.z.s.q.CommitProcessor@490] - Configuring CommitProcessor with readBatchSize -1 commitBatchSize 1
2025-08-05 05:40:41,701 [myid:] - INFO  [QuorumPeer[myid=2](plain=127.0.0.1:22002)(secure=disabled):o.a.z.s.q.CommitProcessor@451] - Configuring CommitProcessor with 2 worker threads.
2025-08-05 05:40:41,799 [myid:] - INFO  [main:o.a.z.c.FourLetterWordMain@143] - connecting to 127.0.0.1:21996 (secure=false)
2025-08-05 05:40:41,800 [myid:] - INFO  [NIOWorkerThread-3:o.a.z.s.NIOServerCnxn@532] - Processing stat command from /127.0.0.1:45350
2025-08-05 05:40:41,809 [myid:] - INFO  [QuorumPeer[myid=2](plain=127.0.0.1:22002)(secure=disabled):o.a.z.s.q.ProposalRequestProcessor@57] - zookeeper.forward_learner_requests_to_commit_processor_disabled = false
2025-08-05 05:40:41,827 [myid:] - INFO  [ProcessThread(sid:2 cport:-1)::o.a.z.s.PrepRequestProcessor@135] - PrepRequestProcessor (sid:2) started, reconfigEnabled=false
2025-08-05 05:40:41,869 [myid:] - INFO  [QuorumPeer[myid=2](plain=127.0.0.1:22002)(secure=disabled):o.a.z.s.ContainerManager@83] - Using checkIntervalMs=60000 maxPerMinute=10000 maxNeverUsedIntervalMs=0
2025-08-05 05:40:41,897 [myid:] - INFO  [QuorumPeer[myid=1](plain=127.0.0.1:21999)(secure=disabled):o.a.z.s.q.Learner@732] - Learner received UPTODATE message
2025-08-05 05:40:41,897 [myid:] - INFO  [QuorumPeer[myid=0](plain=127.0.0.1:21996)(secure=disabled):o.a.z.s.q.Learner@732] - Learner received UPTODATE message
2025-08-05 05:40:41,897 [myid:] - INFO  [QuorumPeer[myid=0](plain=127.0.0.1:21996)(secure=disabled):o.a.z.s.q.CommitProcessor@490] - Configuring CommitProcessor with readBatchSize -1 commitBatchSize 1
2025-08-05 05:40:41,897 [myid:] - INFO  [QuorumPeer[myid=0](plain=127.0.0.1:21996)(secure=disabled):o.a.z.s.q.CommitProcessor@451] - Configuring CommitProcessor with 2 worker threads.
2025-08-05 05:40:41,898 [myid:] - INFO  [QuorumPeer[myid=1](plain=127.0.0.1:21999)(secure=disabled):o.a.z.s.q.CommitProcessor@490] - Configuring CommitProcessor with readBatchSize -1 commitBatchSize 1
2025-08-05 05:40:41,898 [myid:] - INFO  [QuorumPeer[myid=1](plain=127.0.0.1:21999)(secure=disabled):o.a.z.s.q.CommitProcessor@451] - Configuring CommitProcessor with 2 worker threads.
2025-08-05 05:40:41,936 [myid:] - INFO  [QuorumPeer[myid=0](plain=127.0.0.1:21996)(secure=disabled):o.a.z.s.q.FollowerRequestProcessor@59] - Initialized FollowerRequestProcessor with zookeeper.follower.skipLearnerRequestToNextProcessor as false
2025-08-05 05:40:41,937 [myid:] - INFO  [QuorumPeer[myid=1](plain=127.0.0.1:21999)(secure=disabled):o.a.z.s.q.FollowerRequestProcessor@59] - Initialized FollowerRequestProcessor with zookeeper.follower.skipLearnerRequestToNextProcessor as false
2025-08-05 05:40:41,943 [myid:] - INFO  [QuorumPeer[myid=2](plain=127.0.0.1:22002)(secure=disabled):o.a.z.s.q.QuorumPeer@973] - Peer state changed: leading - broadcast
2025-08-05 05:40:42,051 [myid:] - INFO  [main:o.a.z.c.FourLetterWordMain@143] - connecting to 127.0.0.1:21996 (secure=false)
2025-08-05 05:40:42,052 [myid:] - INFO  [NIOWorkerThread-4:o.a.z.s.NIOServerCnxn@532] - Processing stat command from /127.0.0.1:45354
2025-08-05 05:40:42,091 [myid:] - INFO  [QuorumPeer[myid=0](plain=127.0.0.1:21996)(secure=disabled):o.a.z.s.q.Learner@843] - 0 txns have been logged asynchronously
2025-08-05 05:40:42,091 [myid:] - INFO  [QuorumPeer[myid=0](plain=127.0.0.1:21996)(secure=disabled):o.a.z.s.q.Learner@848] - 0 txns have been committed
2025-08-05 05:40:42,091 [myid:] - INFO  [QuorumPeer[myid=0](plain=127.0.0.1:21996)(secure=disabled):o.a.z.s.q.QuorumPeer@973] - Peer state changed: following - broadcast
2025-08-05 05:40:42,114 [myid:] - INFO  [QuorumPeer[myid=1](plain=127.0.0.1:21999)(secure=disabled):o.a.z.s.q.Learner@843] - 0 txns have been logged asynchronously
2025-08-05 05:40:42,114 [myid:] - INFO  [QuorumPeer[myid=1](plain=127.0.0.1:21999)(secure=disabled):o.a.z.s.q.Learner@848] - 0 txns have been committed
2025-08-05 05:40:42,114 [myid:] - INFO  [QuorumPeer[myid=1](plain=127.0.0.1:21999)(secure=disabled):o.a.z.s.q.QuorumPeer@973] - Peer state changed: following - broadcast
2025-08-05 05:40:42,195 [myid:] - INFO  [pool-11-thread-1:o.a.z.s.q.Leader@387] - THROUGHPUT leader commitsPerSec=0
2025-08-05 05:40:42,303 [myid:] - INFO  [main:o.a.z.c.FourLetterWordMain@143] - connecting to 127.0.0.1:21996 (secure=false)
2025-08-05 05:40:42,304 [myid:] - INFO  [NIOWorkerThread-1:o.a.z.s.NIOServerCnxn@532] - Processing stat command from /127.0.0.1:45364
2025-08-05 05:40:42,304 [myid:] - INFO  [NIOWorkerThread-1:o.a.z.s.c.StatCommand@52] - Stat command output
2025-08-05 05:40:42,306 [myid:] - INFO  [main:o.a.z.c.FourLetterWordMain@143] - connecting to 127.0.0.1:21999 (secure=false)
2025-08-05 05:40:42,324 [myid:] - INFO  [NIOWorkerThread-1:o.a.z.s.NIOServerCnxn@532] - Processing stat command from /127.0.0.1:58558
2025-08-05 05:40:42,324 [myid:] - INFO  [NIOWorkerThread-1:o.a.z.s.c.StatCommand@52] - Stat command output
2025-08-05 05:40:42,327 [myid:] - INFO  [main:o.a.z.c.FourLetterWordMain@143] - connecting to 127.0.0.1:22002 (secure=false)
2025-08-05 05:40:42,335 [myid:] - INFO  [NIOWorkerThread-1:o.a.z.s.NIOServerCnxn@532] - Processing stat command from /127.0.0.1:36710
2025-08-05 05:40:42,336 [myid:] - INFO  [NIOWorkerThread-1:o.a.z.s.c.StatCommand@52] - Stat command output
2025-08-05 05:40:42,344 [myid:] - INFO  [main:o.a.z.ZooKeeper@1083] - Initiating client connection, connectString=127.0.0.1:21996,127.0.0.1:21999,127.0.0.1:22002 sessionTimeout=30000 watcher=org.apache.zookeeper.test.ClientBase$CountdownWatcher@687ef2e0
2025-08-05 05:40:42,344 [myid:] - INFO  [main:o.a.z.ClientCnxnSocket@235] - jute.maxbuffer value is 1048575 Bytes
2025-08-05 05:40:42,344 [myid:] - INFO  [main:o.a.z.ClientCnxn@1674] - zookeeper.request.timeout value is 15000. feature enabled=true
2025-08-05 05:40:42,353 [myid:127.0.0.1:21996] - INFO  [main-SendThread(127.0.0.1:21996):o.a.z.ClientCnxn$SendThread@1121] - Opening socket connection to server localhost/127.0.0.1:21996.
2025-08-05 05:40:42,354 [myid:127.0.0.1:21996] - INFO  [main-SendThread(127.0.0.1:21996):o.a.z.ClientCnxn$SendThread@1123] - SASL config status: Will not attempt to authenticate using SASL (unknown error)
2025-08-05 05:40:42,357 [myid:127.0.0.1:21996] - INFO  [main-SendThread(127.0.0.1:21996):o.a.z.ClientCnxn$SendThread@974] - Socket connection established, initiating session, client: /127.0.0.1:45368, server: localhost/127.0.0.1:21996
2025-08-05 05:40:42,361 [myid:] - INFO  [SyncThread:2:o.a.z.s.p.FileTxnLog@291] - Creating new log file: log.100000001
2025-08-05 05:40:42,415 [myid:] - WARN  [QuorumPeer[myid=0](plain=127.0.0.1:21996)(secure=disabled):o.a.z.s.q.Follower@167] - Got zxid 0x100000001 expected 0x1
2025-08-05 05:40:42,416 [myid:] - INFO  [SyncThread:0:o.a.z.s.p.FileTxnLog@291] - Creating new log file: log.100000001
2025-08-05 05:40:42,620 [myid:] - INFO  [pool-13-thread-1:o.a.z.s.q.LearnerHandler@353] - THROUGHPUT node_id=0, role=follower, timestamp=1754372442620, commit_count=0
2025-08-05 05:40:42,654 [myid:] - INFO  [pool-14-thread-1:o.a.z.s.q.LearnerHandler@353] - THROUGHPUT node_id=1, role=follower, timestamp=1754372442654, commit_count=0
2025-08-05 05:40:43,195 [myid:] - INFO  [pool-11-thread-1:o.a.z.s.q.Leader@387] - THROUGHPUT leader commitsPerSec=0
2025-08-05 05:40:43,620 [myid:] - INFO  [pool-13-thread-1:o.a.z.s.q.LearnerHandler@353] - THROUGHPUT node_id=0, role=follower, timestamp=1754372443620, commit_count=0
2025-08-05 05:40:43,653 [myid:] - INFO  [pool-14-thread-1:o.a.z.s.q.LearnerHandler@353] - THROUGHPUT node_id=1, role=follower, timestamp=1754372443653, commit_count=0
2025-08-05 05:40:44,195 [myid:] - INFO  [pool-11-thread-1:o.a.z.s.q.Leader@387] - THROUGHPUT leader commitsPerSec=0
2025-08-05 05:40:44,620 [myid:] - INFO  [pool-13-thread-1:o.a.z.s.q.LearnerHandler@353] - THROUGHPUT node_id=0, role=follower, timestamp=1754372444620, commit_count=0
2025-08-05 05:40:44,654 [myid:] - INFO  [pool-14-thread-1:o.a.z.s.q.LearnerHandler@353] - THROUGHPUT node_id=1, role=follower, timestamp=1754372444654, commit_count=0
2025-08-05 05:40:45,195 [myid:] - INFO  [pool-11-thread-1:o.a.z.s.q.Leader@387] - THROUGHPUT leader commitsPerSec=0
2025-08-05 05:40:45,620 [myid:] - INFO  [pool-13-thread-1:o.a.z.s.q.LearnerHandler@353] - THROUGHPUT node_id=0, role=follower, timestamp=1754372445620, commit_count=0
2025-08-05 05:40:45,653 [myid:] - INFO  [pool-14-thread-1:o.a.z.s.q.LearnerHandler@353] - THROUGHPUT node_id=1, role=follower, timestamp=1754372445653, commit_count=0
2025-08-05 05:40:46,195 [myid:] - INFO  [pool-11-thread-1:o.a.z.s.q.Leader@387] - THROUGHPUT leader commitsPerSec=0
2025-08-05 05:40:46,620 [myid:] - INFO  [pool-13-thread-1:o.a.z.s.q.LearnerHandler@353] - THROUGHPUT node_id=0, role=follower, timestamp=1754372446620, commit_count=0
2025-08-05 05:40:46,653 [myid:] - INFO  [pool-14-thread-1:o.a.z.s.q.LearnerHandler@353] - THROUGHPUT node_id=1, role=follower, timestamp=1754372446653, commit_count=0
2025-08-05 05:40:47,195 [myid:] - INFO  [pool-11-thread-1:o.a.z.s.q.Leader@387] - THROUGHPUT leader commitsPerSec=0
2025-08-05 05:40:47,620 [myid:] - INFO  [pool-13-thread-1:o.a.z.s.q.LearnerHandler@353] - THROUGHPUT node_id=0, role=follower, timestamp=1754372447620, commit_count=0
2025-08-05 05:40:47,653 [myid:] - INFO  [pool-14-thread-1:o.a.z.s.q.LearnerHandler@353] - THROUGHPUT node_id=1, role=follower, timestamp=1754372447653, commit_count=0
2025-08-05 05:40:48,195 [myid:] - INFO  [pool-11-thread-1:o.a.z.s.q.Leader@387] - THROUGHPUT leader commitsPerSec=0
2025-08-05 05:40:48,620 [myid:] - INFO  [pool-13-thread-1:o.a.z.s.q.LearnerHandler@353] - THROUGHPUT node_id=0, role=follower, timestamp=1754372448620, commit_count=0
2025-08-05 05:40:48,653 [myid:] - INFO  [pool-14-thread-1:o.a.z.s.q.LearnerHandler@353] - THROUGHPUT node_id=1, role=follower, timestamp=1754372448653, commit_count=0
2025-08-05 05:40:49,195 [myid:] - INFO  [pool-11-thread-1:o.a.z.s.q.Leader@387] - THROUGHPUT leader commitsPerSec=0
2025-08-05 05:40:49,620 [myid:] - INFO  [pool-13-thread-1:o.a.z.s.q.LearnerHandler@353] - THROUGHPUT node_id=0, role=follower, timestamp=1754372449620, commit_count=0
2025-08-05 05:40:49,655 [myid:] - INFO  [pool-14-thread-1:o.a.z.s.q.LearnerHandler@353] - THROUGHPUT node_id=1, role=follower, timestamp=1754372449655, commit_count=0
2025-08-05 05:40:50,195 [myid:] - INFO  [pool-11-thread-1:o.a.z.s.q.Leader@387] - THROUGHPUT leader commitsPerSec=0
2025-08-05 05:40:50,620 [myid:] - INFO  [pool-13-thread-1:o.a.z.s.q.LearnerHandler@353] - THROUGHPUT node_id=0, role=follower, timestamp=1754372450620, commit_count=0
2025-08-05 05:40:50,653 [myid:] - INFO  [pool-14-thread-1:o.a.z.s.q.LearnerHandler@353] - THROUGHPUT node_id=1, role=follower, timestamp=1754372450653, commit_count=0
2025-08-05 05:40:51,195 [myid:] - INFO  [pool-11-thread-1:o.a.z.s.q.Leader@387] - THROUGHPUT leader commitsPerSec=0
2025-08-05 05:40:51,620 [myid:] - INFO  [pool-13-thread-1:o.a.z.s.q.LearnerHandler@353] - THROUGHPUT node_id=0, role=follower, timestamp=1754372451620, commit_count=0
2025-08-05 05:40:51,653 [myid:] - INFO  [pool-14-thread-1:o.a.z.s.q.LearnerHandler@353] - THROUGHPUT node_id=1, role=follower, timestamp=1754372451653, commit_count=0
2025-08-05 05:40:52,195 [myid:] - INFO  [pool-11-thread-1:o.a.z.s.q.Leader@387] - THROUGHPUT leader commitsPerSec=0
2025-08-05 05:40:52,370 [myid:127.0.0.1:21996] - WARN  [main-SendThread(127.0.0.1:21996):o.a.z.ClientCnxn$SendThread@1252] - Session 0x0 for server localhost/127.0.0.1:21996, Closing socket connection. Attempting reconnect except it is a SessionExpiredException or SessionTimeoutException.
org.apache.zookeeper.ClientCnxn$ConnectionTimeoutException: Client connection timed out, have not heard from server in 10013ms for session id 0x0
	at org.apache.zookeeper.ClientCnxn$SendThread.run(ClientCnxn.java:1209)
2025-08-05 05:40:52,620 [myid:] - INFO  [pool-13-thread-1:o.a.z.s.q.LearnerHandler@353] - THROUGHPUT node_id=0, role=follower, timestamp=1754372452620, commit_count=0
2025-08-05 05:40:52,653 [myid:] - INFO  [pool-14-thread-1:o.a.z.s.q.LearnerHandler@353] - THROUGHPUT node_id=1, role=follower, timestamp=1754372452653, commit_count=0
2025-08-05 05:40:53,196 [myid:] - INFO  [pool-11-thread-1:o.a.z.s.q.Leader@387] - THROUGHPUT leader commitsPerSec=0
2025-08-05 05:40:53,374 [myid:127.0.0.1:21999] - INFO  [main-SendThread(127.0.0.1:21999):o.a.z.ClientCnxn$SendThread@1121] - Opening socket connection to server localhost/127.0.0.1:21999.
2025-08-05 05:40:53,374 [myid:127.0.0.1:21999] - INFO  [main-SendThread(127.0.0.1:21999):o.a.z.ClientCnxn$SendThread@1123] - SASL config status: Will not attempt to authenticate using SASL (unknown error)
2025-08-05 05:40:53,374 [myid:127.0.0.1:21999] - INFO  [main-SendThread(127.0.0.1:21999):o.a.z.ClientCnxn$SendThread@974] - Socket connection established, initiating session, client: /127.0.0.1:55538, server: localhost/127.0.0.1:21999
2025-08-05 05:40:53,620 [myid:] - INFO  [pool-13-thread-1:o.a.z.s.q.LearnerHandler@353] - THROUGHPUT node_id=0, role=follower, timestamp=1754372453620, commit_count=0
2025-08-05 05:40:53,653 [myid:] - INFO  [pool-14-thread-1:o.a.z.s.q.LearnerHandler@353] - THROUGHPUT node_id=1, role=follower, timestamp=1754372453653, commit_count=0
2025-08-05 05:40:54,195 [myid:] - INFO  [pool-11-thread-1:o.a.z.s.q.Leader@387] - THROUGHPUT leader commitsPerSec=0
2025-08-05 05:40:54,620 [myid:] - INFO  [pool-13-thread-1:o.a.z.s.q.LearnerHandler@353] - THROUGHPUT node_id=0, role=follower, timestamp=1754372454620, commit_count=0
2025-08-05 05:40:54,653 [myid:] - INFO  [pool-14-thread-1:o.a.z.s.q.LearnerHandler@353] - THROUGHPUT node_id=1, role=follower, timestamp=1754372454653, commit_count=0
2025-08-05 05:40:55,195 [myid:] - INFO  [pool-11-thread-1:o.a.z.s.q.Leader@387] - THROUGHPUT leader commitsPerSec=0
2025-08-05 05:40:55,620 [myid:] - INFO  [pool-13-thread-1:o.a.z.s.q.LearnerHandler@353] - THROUGHPUT node_id=0, role=follower, timestamp=1754372455620, commit_count=0
2025-08-05 05:40:55,653 [myid:] - INFO  [pool-14-thread-1:o.a.z.s.q.LearnerHandler@353] - THROUGHPUT node_id=1, role=follower, timestamp=1754372455653, commit_count=0
2025-08-05 05:40:55,790 [myid:] - INFO  [SessionTracker:o.a.z.s.ZooKeeperServer@730] - Expiring session 0x10000f3e6d00000, timeout of 30000ms exceeded
2025-08-05 05:40:56,195 [myid:] - INFO  [pool-11-thread-1:o.a.z.s.q.Leader@387] - THROUGHPUT leader commitsPerSec=0
2025-08-05 05:40:56,620 [myid:] - INFO  [pool-13-thread-1:o.a.z.s.q.LearnerHandler@353] - THROUGHPUT node_id=0, role=follower, timestamp=1754372456620, commit_count=0
2025-08-05 05:40:56,653 [myid:] - INFO  [pool-14-thread-1:o.a.z.s.q.LearnerHandler@353] - THROUGHPUT node_id=1, role=follower, timestamp=1754372456653, commit_count=0
2025-08-05 05:40:57,195 [myid:] - INFO  [pool-11-thread-1:o.a.z.s.q.Leader@387] - THROUGHPUT leader commitsPerSec=0
2025-08-05 05:40:57,620 [myid:] - INFO  [pool-13-thread-1:o.a.z.s.q.LearnerHandler@353] - THROUGHPUT node_id=0, role=follower, timestamp=1754372457620, commit_count=0
2025-08-05 05:40:57,653 [myid:] - INFO  [pool-14-thread-1:o.a.z.s.q.LearnerHandler@353] - THROUGHPUT node_id=1, role=follower, timestamp=1754372457653, commit_count=0
2025-08-05 05:40:58,195 [myid:] - INFO  [pool-11-thread-1:o.a.z.s.q.Leader@387] - THROUGHPUT leader commitsPerSec=0
2025-08-05 05:40:58,620 [myid:] - INFO  [pool-13-thread-1:o.a.z.s.q.LearnerHandler@353] - THROUGHPUT node_id=0, role=follower, timestamp=1754372458620, commit_count=0
2025-08-05 05:40:58,653 [myid:] - INFO  [pool-14-thread-1:o.a.z.s.q.LearnerHandler@353] - THROUGHPUT node_id=1, role=follower, timestamp=1754372458653, commit_count=0
2025-08-05 05:40:59,195 [myid:] - INFO  [pool-11-thread-1:o.a.z.s.q.Leader@387] - THROUGHPUT leader commitsPerSec=0
2025-08-05 05:40:59,620 [myid:] - INFO  [pool-13-thread-1:o.a.z.s.q.LearnerHandler@353] - THROUGHPUT node_id=0, role=follower, timestamp=1754372459620, commit_count=0
2025-08-05 05:40:59,653 [myid:] - INFO  [pool-14-thread-1:o.a.z.s.q.LearnerHandler@353] - THROUGHPUT node_id=1, role=follower, timestamp=1754372459653, commit_count=0
2025-08-05 05:41:00,195 [myid:] - INFO  [pool-11-thread-1:o.a.z.s.q.Leader@387] - THROUGHPUT leader commitsPerSec=0
2025-08-05 05:41:00,620 [myid:] - INFO  [pool-13-thread-1:o.a.z.s.q.LearnerHandler@353] - THROUGHPUT node_id=0, role=follower, timestamp=1754372460620, commit_count=0
2025-08-05 05:41:00,653 [myid:] - INFO  [pool-14-thread-1:o.a.z.s.q.LearnerHandler@353] - THROUGHPUT node_id=1, role=follower, timestamp=1754372460653, commit_count=0
2025-08-05 05:41:01,195 [myid:] - INFO  [pool-11-thread-1:o.a.z.s.q.Leader@387] - THROUGHPUT leader commitsPerSec=0
2025-08-05 05:41:01,620 [myid:] - INFO  [pool-13-thread-1:o.a.z.s.q.LearnerHandler@353] - THROUGHPUT node_id=0, role=follower, timestamp=1754372461620, commit_count=0
2025-08-05 05:41:01,653 [myid:] - INFO  [pool-14-thread-1:o.a.z.s.q.LearnerHandler@353] - THROUGHPUT node_id=1, role=follower, timestamp=1754372461653, commit_count=0
2025-08-05 05:41:02,196 [myid:] - INFO  [pool-11-thread-1:o.a.z.s.q.Leader@387] - THROUGHPUT leader commitsPerSec=0
2025-08-05 05:41:02,620 [myid:] - INFO  [pool-13-thread-1:o.a.z.s.q.LearnerHandler@353] - THROUGHPUT node_id=0, role=follower, timestamp=1754372462620, commit_count=0
2025-08-05 05:41:02,653 [myid:] - INFO  [pool-14-thread-1:o.a.z.s.q.LearnerHandler@353] - THROUGHPUT node_id=1, role=follower, timestamp=1754372462653, commit_count=0
2025-08-05 05:41:03,195 [myid:] - INFO  [pool-11-thread-1:o.a.z.s.q.Leader@387] - THROUGHPUT leader commitsPerSec=0
2025-08-05 05:41:03,390 [myid:127.0.0.1:21999] - WARN  [main-SendThread(127.0.0.1:21999):o.a.z.ClientCnxn$SendThread@1252] - Session 0x0 for server localhost/127.0.0.1:21999, Closing socket connection. Attempting reconnect except it is a SessionExpiredException or SessionTimeoutException.
org.apache.zookeeper.ClientCnxn$ConnectionTimeoutException: Client connection timed out, have not heard from server in 10016ms for session id 0x0
	at org.apache.zookeeper.ClientCnxn$SendThread.run(ClientCnxn.java:1209)
2025-08-05 05:41:03,620 [myid:] - INFO  [pool-13-thread-1:o.a.z.s.q.LearnerHandler@353] - THROUGHPUT node_id=0, role=follower, timestamp=1754372463620, commit_count=0
2025-08-05 05:41:03,653 [myid:] - INFO  [pool-14-thread-1:o.a.z.s.q.LearnerHandler@353] - THROUGHPUT node_id=1, role=follower, timestamp=1754372463653, commit_count=0
2025-08-05 05:41:03,791 [myid:] - INFO  [SessionTracker:o.a.z.s.ZooKeeperServer@730] - Expiring session 0x10000f41bb60000, timeout of 30000ms exceeded
2025-08-05 05:41:03,946 [myid:] - WARN  [QuorumPeer[myid=2](plain=127.0.0.1:22002)(secure=disabled):o.a.z.s.q.LearnerHandler@1264] - Closing connection to peer due to transaction timeout.
2025-08-05 05:41:03,947 [myid:] - INFO  [QuorumPeer[myid=2](plain=127.0.0.1:22002)(secure=disabled):o.a.z.s.q.LearnerHandler@1345] - Synchronously closing socket to learner 0.
2025-08-05 05:41:03,948 [myid:] - WARN  [QuorumPeer[myid=0](plain=127.0.0.1:21996)(secure=disabled):o.a.z.s.q.Follower@127] - Exception when following the leader
java.io.EOFException: null
	at java.base/java.io.DataInputStream.readInt(DataInputStream.java:386)
	at org.apache.jute.BinaryInputArchive.readInt(BinaryInputArchive.java:98)
	at org.apache.zookeeper.server.quorum.QuorumPacket.deserialize(QuorumPacket.java:88)
	at org.apache.jute.BinaryInputArchive.readRecord(BinaryInputArchive.java:136)
	at org.apache.zookeeper.server.quorum.Learner.readPacket(Learner.java:232)
	at org.apache.zookeeper.server.quorum.Follower.followLeader(Follower.java:123)
	at org.apache.zookeeper.server.quorum.QuorumPeer.run(QuorumPeer.java:1616)
2025-08-05 05:41:03,948 [myid:] - INFO  [QuorumPeer[myid=0](plain=127.0.0.1:21996)(secure=disabled):o.a.z.s.q.Follower@141] - Disconnected from leader (with address: /127.0.0.1:22003). Was connected for 23743ms. Sync state: true
2025-08-05 05:41:03,949 [myid:] - INFO  [QuorumPeer[myid=0](plain=127.0.0.1:21996)(secure=disabled):o.a.z.s.q.Follower@284] - shutdown Follower
2025-08-05 05:41:03,949 [myid:] - INFO  [QuorumPeer[myid=0](plain=127.0.0.1:21996)(secure=disabled):o.a.z.s.ZooKeeperServer@924] - Shutting down
2025-08-05 05:41:03,949 [myid:] - INFO  [QuorumPeer[myid=0](plain=127.0.0.1:21996)(secure=disabled):o.a.z.s.SyncRequestProcessor@255] - Shutting down
2025-08-05 05:41:03,949 [myid:] - INFO  [SyncThread:0:o.a.z.s.SyncRequestProcessor@224] - SyncRequestProcessor exited!
2025-08-05 05:41:03,949 [myid:] - ERROR [LearnerHandler-/127.0.0.1:32802:o.a.z.s.q.LearnerHandler@902] - Unexpected exception in LearnerHandler: 
java.net.SocketException: Socket closed
	at java.base/sun.nio.ch.NioSocketImpl.endRead(NioSocketImpl.java:253)
	at java.base/sun.nio.ch.NioSocketImpl.implRead(NioSocketImpl.java:332)
	at java.base/sun.nio.ch.NioSocketImpl.read(NioSocketImpl.java:355)
	at java.base/sun.nio.ch.NioSocketImpl$1.read(NioSocketImpl.java:808)
	at java.base/java.net.Socket$SocketInputStream.read(Socket.java:966)
	at java.base/java.io.BufferedInputStream.fill(BufferedInputStream.java:244)
	at java.base/java.io.BufferedInputStream.read(BufferedInputStream.java:263)
	at java.base/java.io.DataInputStream.readInt(DataInputStream.java:381)
	at org.apache.jute.BinaryInputArchive.readInt(BinaryInputArchive.java:98)
	at org.apache.zookeeper.server.quorum.QuorumPacket.deserialize(QuorumPacket.java:88)
	at org.apache.jute.BinaryInputArchive.readRecord(BinaryInputArchive.java:136)
	at org.apache.zookeeper.server.quorum.LearnerHandler.run(LearnerHandler.java:813)
2025-08-05 05:41:03,950 [myid:] - WARN  [LearnerHandler-/127.0.0.1:32802:o.a.z.s.q.LearnerHandler@918] - ******* GOODBYE sid:0 /127.0.0.1:32802 ********
2025-08-05 05:41:03,950 [myid:] - WARN  [LearnerHandler-/127.0.0.1:32802:o.a.z.s.q.LearnerHandler@1235] - Ignoring unexpected exception
java.lang.InterruptedException: null
	at java.base/java.util.concurrent.locks.ReentrantLock$Sync.lockInterruptibly(ReentrantLock.java:159)
	at java.base/java.util.concurrent.locks.ReentrantLock.lockInterruptibly(ReentrantLock.java:372)
	at java.base/java.util.concurrent.LinkedBlockingQueue.put(LinkedBlockingQueue.java:332)
	at org.apache.zookeeper.server.quorum.LearnerHandler.shutdown(LearnerHandler.java:1233)
	at org.apache.zookeeper.server.quorum.LearnerHandler.run(LearnerHandler.java:920)
2025-08-05 05:41:03,950 [myid:] - INFO  [QuorumPeer[myid=0](plain=127.0.0.1:21996)(secure=disabled):o.a.z.s.RequestThrottler@256] - Shutting down
2025-08-05 05:41:03,950 [myid:] - INFO  [RequestThrottler:o.a.z.s.RequestThrottler@217] - Draining request throttler queue
2025-08-05 05:41:03,950 [myid:] - INFO  [RequestThrottler:o.a.z.s.RequestThrottler@195] - RequestThrottler shutdown. Dropped 0 requests
2025-08-05 05:41:03,951 [myid:] - INFO  [QuorumPeer[myid=0](plain=127.0.0.1:21996)(secure=disabled):o.a.z.s.q.FollowerRequestProcessor@172] - Shutting down
2025-08-05 05:41:03,951 [myid:] - INFO  [QuorumPeer[myid=0](plain=127.0.0.1:21996)(secure=disabled):o.a.z.s.q.CommitProcessor@631] - Shutting down
2025-08-05 05:41:03,951 [myid:] - INFO  [CommitProcessor:0:o.a.z.s.q.CommitProcessor@419] - CommitProcessor exited loop!
2025-08-05 05:41:03,951 [myid:] - INFO  [QuorumPeer[myid=0](plain=127.0.0.1:21996)(secure=disabled):o.a.z.s.FinalRequestProcessor@668] - shutdown of request processor complete
2025-08-05 05:41:03,951 [myid:] - INFO  [FollowerRequestProcessor:0:o.a.z.s.q.FollowerRequestProcessor@128] - FollowerRequestProcessor exited loop!
2025-08-05 05:41:04,016 [myid:] - INFO  [QuorumPeer[myid=0](plain=127.0.0.1:21996)(secure=disabled):o.a.z.s.p.FileTxnSnapLog@372] - 2 txns loaded in 1 ms
2025-08-05 05:41:04,016 [myid:] - INFO  [QuorumPeer[myid=0](plain=127.0.0.1:21996)(secure=disabled):o.a.z.s.q.QuorumPeer@973] - Peer state changed: looking
2025-08-05 05:41:04,016 [myid:] - WARN  [QuorumPeer[myid=0](plain=127.0.0.1:21996)(secure=disabled):o.a.z.s.q.QuorumPeer@1662] - PeerState set to LOOKING
2025-08-05 05:41:04,016 [myid:] - INFO  [QuorumPeer[myid=0](plain=127.0.0.1:21996)(secure=disabled):o.a.z.s.q.QuorumPeer@1530] - LOOKING
2025-08-05 05:41:04,016 [myid:] - INFO  [QuorumPeer[myid=0](plain=127.0.0.1:21996)(secure=disabled):o.a.z.s.q.FastLeaderElection@941] - New election. My id = 0, proposed zxid=0x100000002
2025-08-05 05:41:04,018 [myid:] - INFO  [WorkerReceiver[myid=0]:o.a.z.s.q.FastLeaderElection$Messenger$WorkerReceiver@391] - Notification: my state:LOOKING; n.sid:0, n.state:LOOKING, n.leader:0, n.round:0x2, n.peerEpoch:0x1, n.zxid:0x100000002, message format version:0x2, n.config version:0x0
2025-08-05 05:41:04,018 [myid:] - INFO  [WorkerReceiver[myid=1]:o.a.z.s.q.FastLeaderElection$Messenger$WorkerReceiver@391] - Notification: my state:FOLLOWING; n.sid:0, n.state:LOOKING, n.leader:0, n.round:0x2, n.peerEpoch:0x1, n.zxid:0x100000002, message format version:0x2, n.config version:0x0
2025-08-05 05:41:04,019 [myid:] - INFO  [WorkerReceiver[myid=0]:o.a.z.s.q.FastLeaderElection$Messenger$WorkerReceiver@391] - Notification: my state:LOOKING; n.sid:1, n.state:FOLLOWING, n.leader:2, n.round:0x1, n.peerEpoch:0x1, n.zxid:0x0, message format version:0x2, n.config version:0x0
2025-08-05 05:41:04,021 [myid:] - INFO  [WorkerReceiver[myid=2]:o.a.z.s.q.FastLeaderElection$Messenger$WorkerReceiver@391] - Notification: my state:LEADING; n.sid:0, n.state:LOOKING, n.leader:0, n.round:0x2, n.peerEpoch:0x1, n.zxid:0x100000002, message format version:0x2, n.config version:0x0
2025-08-05 05:41:04,022 [myid:] - INFO  [WorkerReceiver[myid=0]:o.a.z.s.q.FastLeaderElection$Messenger$WorkerReceiver@391] - Notification: my state:LOOKING; n.sid:2, n.state:LEADING, n.leader:2, n.round:0x1, n.peerEpoch:0x1, n.zxid:0x0, message format version:0x2, n.config version:0x0
2025-08-05 05:41:04,022 [myid:] - INFO  [QuorumPeer[myid=0](plain=127.0.0.1:21996)(secure=disabled):o.a.z.s.q.QuorumPeer@959] - Peer state changed: following
2025-08-05 05:41:04,022 [myid:] - INFO  [QuorumPeer[myid=0](plain=127.0.0.1:21996)(secure=disabled):o.a.z.s.q.QuorumPeer@1614] - FOLLOWING
2025-08-05 05:41:04,022 [myid:] - INFO  [QuorumPeer[myid=0](plain=127.0.0.1:21996)(secure=disabled):o.a.z.s.AuthenticationHelper@66] - zookeeper.enforce.auth.enabled = false
2025-08-05 05:41:04,022 [myid:] - INFO  [QuorumPeer[myid=0](plain=127.0.0.1:21996)(secure=disabled):o.a.z.s.AuthenticationHelper@67] - zookeeper.enforce.auth.schemes = []
2025-08-05 05:41:04,023 [myid:] - INFO  [QuorumPeer[myid=0](plain=127.0.0.1:21996)(secure=disabled):o.a.z.s.ZooKeeperServer@1395] - minSessionTimeout set to 8000 ms
2025-08-05 05:41:04,023 [myid:] - INFO  [QuorumPeer[myid=0](plain=127.0.0.1:21996)(secure=disabled):o.a.z.s.ZooKeeperServer@1404] - maxSessionTimeout set to 80000 ms
2025-08-05 05:41:04,023 [myid:] - INFO  [QuorumPeer[myid=0](plain=127.0.0.1:21996)(secure=disabled):o.a.z.s.ResponseCache@50] - getData response cache size is initialized with value 400.
2025-08-05 05:41:04,023 [myid:] - INFO  [QuorumPeer[myid=0](plain=127.0.0.1:21996)(secure=disabled):o.a.z.s.ResponseCache@50] - getChildren response cache size is initialized with value 400.
2025-08-05 05:41:04,023 [myid:] - INFO  [QuorumPeer[myid=0](plain=127.0.0.1:21996)(secure=disabled):o.a.z.s.u.RequestPathMetricsCollector@109] - zookeeper.pathStats.slotCapacity = 60
2025-08-05 05:41:04,023 [myid:] - INFO  [QuorumPeer[myid=0](plain=127.0.0.1:21996)(secure=disabled):o.a.z.s.u.RequestPathMetricsCollector@110] - zookeeper.pathStats.slotDuration = 15
2025-08-05 05:41:04,023 [myid:] - INFO  [QuorumPeer[myid=0](plain=127.0.0.1:21996)(secure=disabled):o.a.z.s.u.RequestPathMetricsCollector@111] - zookeeper.pathStats.maxDepth = 6
2025-08-05 05:41:04,023 [myid:] - INFO  [QuorumPeer[myid=0](plain=127.0.0.1:21996)(secure=disabled):o.a.z.s.u.RequestPathMetricsCollector@112] - zookeeper.pathStats.initialDelay = 5
2025-08-05 05:41:04,023 [myid:] - INFO  [QuorumPeer[myid=0](plain=127.0.0.1:21996)(secure=disabled):o.a.z.s.u.RequestPathMetricsCollector@113] - zookeeper.pathStats.delay = 5
2025-08-05 05:41:04,023 [myid:] - INFO  [QuorumPeer[myid=0](plain=127.0.0.1:21996)(secure=disabled):o.a.z.s.u.RequestPathMetricsCollector@114] - zookeeper.pathStats.enabled = false
2025-08-05 05:41:04,023 [myid:] - INFO  [QuorumPeer[myid=0](plain=127.0.0.1:21996)(secure=disabled):o.a.z.s.ZooKeeperServer@1622] - The max bytes for all large requests are set to 104857600
2025-08-05 05:41:04,023 [myid:] - INFO  [QuorumPeer[myid=0](plain=127.0.0.1:21996)(secure=disabled):o.a.z.s.ZooKeeperServer@1636] - The large request threshold is set to -1
2025-08-05 05:41:04,024 [myid:] - INFO  [QuorumPeer[myid=0](plain=127.0.0.1:21996)(secure=disabled):o.a.z.s.ZooKeeperServer@387] - Created server with tickTime 4000 ms minSessionTimeout 8000 ms maxSessionTimeout 80000 ms clientPortListenBacklog -1 dataLogdir /usr/csuser/clouddrive/zookeeper/zookeeper-server/target/surefire/test12397985425437232716.junit.dir/data/version-2 snapdir /usr/csuser/clouddrive/zookeeper/zookeeper-server/target/surefire/test12397985425437232716.junit.dir/data/version-2
2025-08-05 05:41:04,024 [myid:] - INFO  [QuorumPeer[myid=0](plain=127.0.0.1:21996)(secure=disabled):o.a.z.s.q.Follower@76] - FOLLOWING - LEADER ELECTION TOOK - 8 MS
2025-08-05 05:41:04,024 [myid:] - INFO  [QuorumPeer[myid=0](plain=127.0.0.1:21996)(secure=disabled):o.a.z.s.q.QuorumPeer@973] - Peer state changed: following - discovery
2025-08-05 05:41:04,060 [myid:] - INFO  [LeaderConnector-/127.0.0.1:22003:o.a.z.s.q.Learner$LeaderConnector@384] - Successfully connected to leader, using address: /127.0.0.1:22003
2025-08-05 05:41:04,091 [myid:] - INFO  [LearnerHandler-/127.0.0.1:41884:o.a.z.s.q.LearnerHandler@667] - Follower sid: 0 : info : 127.0.0.1:21997:21998:participant;127.0.0.1:21996
2025-08-05 05:41:04,101 [myid:] - INFO  [QuorumPeer[myid=0](plain=127.0.0.1:21996)(secure=disabled):o.a.z.s.q.QuorumPeer@973] - Peer state changed: following - synchronization
2025-08-05 05:41:04,101 [myid:] - INFO  [LearnerHandler-/127.0.0.1:41884:o.a.z.s.ZKDatabase@358] - On disk txn sync enabled with snapshotSizeFactor 0.33
2025-08-05 05:41:04,101 [myid:] - INFO  [LearnerHandler-/127.0.0.1:41884:o.a.z.s.q.LearnerHandler@988] - Synchronizing with Learner sid: 0 maxCommittedLog=0x0 minCommittedLog=0x0 lastProcessedZxid=0x100000000 peerLastZxid=0x100000002
2025-08-05 05:41:04,126 [myid:] - INFO  [QuorumPeer[myid=0](plain=127.0.0.1:21996)(secure=disabled):o.a.z.s.q.QuorumPeer@978] - Peer state changed: following - synchronization - trunc
2025-08-05 05:41:04,126 [myid:] - WARN  [QuorumPeer[myid=0](plain=127.0.0.1:21996)(secure=disabled):o.a.z.s.q.Learner@621] - Truncating log to get in sync with the leader 0x100000000
2025-08-05 05:41:04,126 [myid:] - INFO  [QuorumPeer[myid=0](plain=127.0.0.1:21996)(secure=disabled):o.a.z.s.w.WatchManagerFactory@42] - Using org.apache.zookeeper.server.watch.WatchManager as watch manager
2025-08-05 05:41:04,126 [myid:] - INFO  [QuorumPeer[myid=0](plain=127.0.0.1:21996)(secure=disabled):o.a.z.s.w.WatchManagerFactory@42] - Using org.apache.zookeeper.server.watch.WatchManager as watch manager
2025-08-05 05:41:04,195 [myid:] - INFO  [pool-11-thread-1:o.a.z.s.q.Leader@387] - THROUGHPUT leader commitsPerSec=0
2025-08-05 05:41:04,216 [myid:127.0.0.1:22002] - INFO  [main-SendThread(127.0.0.1:22002):o.a.z.ClientCnxn$SendThread@1121] - Opening socket connection to server localhost/127.0.0.1:22002.
2025-08-05 05:41:04,216 [myid:127.0.0.1:22002] - INFO  [main-SendThread(127.0.0.1:22002):o.a.z.ClientCnxn$SendThread@1123] - SASL config status: Will not attempt to authenticate using SASL (unknown error)
2025-08-05 05:41:04,216 [myid:127.0.0.1:22002] - INFO  [main-SendThread(127.0.0.1:22002):o.a.z.ClientCnxn$SendThread@974] - Socket connection established, initiating session, client: /127.0.0.1:35008, server: localhost/127.0.0.1:22002
2025-08-05 05:41:04,227 [myid:] - INFO  [QuorumPeer[myid=0](plain=127.0.0.1:21996)(secure=disabled):o.a.z.s.p.FileSnap@86] - Reading snapshot /usr/csuser/clouddrive/zookeeper/zookeeper-server/target/surefire/test12397985425437232716.junit.dir/data/version-2/snapshot.0
2025-08-05 05:41:04,227 [myid:] - INFO  [QuorumPeer[myid=0](plain=127.0.0.1:21996)(secure=disabled):o.a.z.s.DataTree@1711] - The digest value is empty in snapshot
2025-08-05 05:41:04,290 [myid:] - INFO  [QuorumPeer[myid=0](plain=127.0.0.1:21996)(secure=disabled):o.a.z.s.p.FileTxnSnapLog@372] - 1 txns loaded in 0 ms
2025-08-05 05:41:04,290 [myid:] - INFO  [QuorumPeer[myid=0](plain=127.0.0.1:21996)(secure=disabled):o.a.z.s.ZKDatabase@294] - Snapshot loaded in 100 ms, highest zxid is 0x100000001, digest is 1371985504
2025-08-05 05:41:04,375 [myid:] - INFO  [QuorumPeer[myid=0](plain=127.0.0.1:21996)(secure=disabled):o.a.z.s.q.Learner@544] - DIFF sync got first proposal 0x100000001
2025-08-05 05:41:04,390 [myid:] - INFO  [QuorumPeer[myid=0](plain=127.0.0.1:21996)(secure=disabled):o.a.z.s.q.Learner@748] - Learner received NEWLEADER message
2025-08-05 05:41:04,390 [myid:] - INFO  [QuorumPeer[myid=0](plain=127.0.0.1:21996)(secure=disabled):o.a.z.s.q.QuorumPeer@1979] - Dynamic reconfig is disabled, we don't store the last seen config.
2025-08-05 05:41:04,390 [myid:] - INFO  [QuorumPeer[myid=0](plain=127.0.0.1:21996)(secure=disabled):o.a.z.s.p.FileTxnSnapLog@480] - Snapshotting: 0x100000000 to /usr/csuser/clouddrive/zookeeper/zookeeper-server/target/surefire/test12397985425437232716.junit.dir/data/version-2/snapshot.100000000
2025-08-05 05:41:04,475 [myid:] - INFO  [QuorumPeer[myid=0](plain=127.0.0.1:21996)(secure=disabled):o.a.z.s.ZooKeeperServer@588] - Snapshot taken in 85 ms
2025-08-05 05:41:04,595 [myid:] - INFO  [QuorumPeer[myid=0](plain=127.0.0.1:21996)(secure=disabled):o.a.z.s.q.Learner@814] - Set the current epoch to 1
2025-08-05 05:41:04,595 [myid:] - INFO  [QuorumPeer[myid=0](plain=127.0.0.1:21996)(secure=disabled):o.a.z.s.q.QuorumPeer@978] - Peer state changed: following - synchronization
2025-08-05 05:41:04,595 [myid:] - INFO  [QuorumPeer[myid=0](plain=127.0.0.1:21996)(secure=disabled):o.a.z.s.q.Learner@820] - Sent NEWLEADER ack to leader with zxid 100000000
2025-08-05 05:41:04,595 [myid:] - INFO  [QuorumPeer[myid=0](plain=127.0.0.1:21996)(secure=disabled):o.a.z.s.q.Learner@732] - Learner received UPTODATE message
2025-08-05 05:41:04,596 [myid:] - INFO  [QuorumPeer[myid=0](plain=127.0.0.1:21996)(secure=disabled):o.a.z.s.q.CommitProcessor@490] - Configuring CommitProcessor with readBatchSize -1 commitBatchSize 1
2025-08-05 05:41:04,596 [myid:] - INFO  [QuorumPeer[myid=0](plain=127.0.0.1:21996)(secure=disabled):o.a.z.s.q.CommitProcessor@451] - Configuring CommitProcessor with 2 worker threads.
2025-08-05 05:41:04,613 [myid:] - INFO  [QuorumPeer[myid=0](plain=127.0.0.1:21996)(secure=disabled):o.a.z.s.q.FollowerRequestProcessor@59] - Initialized FollowerRequestProcessor with zookeeper.follower.skipLearnerRequestToNextProcessor as false
2025-08-05 05:41:04,649 [myid:] - INFO  [QuorumPeer[myid=0](plain=127.0.0.1:21996)(secure=disabled):o.a.z.s.q.Learner@843] - 2 txns have been logged asynchronously
2025-08-05 05:41:04,649 [myid:] - INFO  [QuorumPeer[myid=0](plain=127.0.0.1:21996)(secure=disabled):o.a.z.s.q.Learner@848] - 0 txns have been committed
2025-08-05 05:41:04,649 [myid:] - INFO  [QuorumPeer[myid=0](plain=127.0.0.1:21996)(secure=disabled):o.a.z.s.q.QuorumPeer@973] - Peer state changed: following - broadcast
2025-08-05 05:41:04,650 [myid:] - INFO  [SyncThread:0:o.a.z.s.p.FileTxnLog@291] - Creating new log file: log.100000001
2025-08-05 05:41:04,653 [myid:] - INFO  [pool-14-thread-1:o.a.z.s.q.LearnerHandler@353] - THROUGHPUT node_id=1, role=follower, timestamp=1754372464653, commit_count=0
2025-08-05 05:41:05,061 [myid:] - INFO  [pool-17-thread-1:o.a.z.s.q.LearnerHandler@353] - THROUGHPUT node_id=0, role=follower, timestamp=1754372465061, commit_count=0
2025-08-05 05:41:05,195 [myid:] - INFO  [pool-11-thread-1:o.a.z.s.q.Leader@387] - THROUGHPUT leader commitsPerSec=0
2025-08-05 05:41:05,653 [myid:] - INFO  [pool-14-thread-1:o.a.z.s.q.LearnerHandler@353] - THROUGHPUT node_id=1, role=follower, timestamp=1754372465653, commit_count=0
2025-08-05 05:41:06,061 [myid:] - INFO  [pool-17-thread-1:o.a.z.s.q.LearnerHandler@353] - THROUGHPUT node_id=0, role=follower, timestamp=1754372466061, commit_count=0
2025-08-05 05:41:06,195 [myid:] - INFO  [pool-11-thread-1:o.a.z.s.q.Leader@387] - THROUGHPUT leader commitsPerSec=0
2025-08-05 05:41:06,653 [myid:] - INFO  [pool-14-thread-1:o.a.z.s.q.LearnerHandler@353] - THROUGHPUT node_id=1, role=follower, timestamp=1754372466653, commit_count=0
2025-08-05 05:41:07,060 [myid:] - INFO  [pool-17-thread-1:o.a.z.s.q.LearnerHandler@353] - THROUGHPUT node_id=0, role=follower, timestamp=1754372467060, commit_count=0
2025-08-05 05:41:07,195 [myid:] - INFO  [pool-11-thread-1:o.a.z.s.q.Leader@387] - THROUGHPUT leader commitsPerSec=0
2025-08-05 05:41:07,653 [myid:] - INFO  [pool-14-thread-1:o.a.z.s.q.LearnerHandler@353] - THROUGHPUT node_id=1, role=follower, timestamp=1754372467653, commit_count=0
2025-08-05 05:41:08,060 [myid:] - INFO  [pool-17-thread-1:o.a.z.s.q.LearnerHandler@353] - THROUGHPUT node_id=0, role=follower, timestamp=1754372468060, commit_count=0
2025-08-05 05:41:08,195 [myid:] - INFO  [pool-11-thread-1:o.a.z.s.q.Leader@387] - THROUGHPUT leader commitsPerSec=0
2025-08-05 05:41:08,653 [myid:] - INFO  [pool-14-thread-1:o.a.z.s.q.LearnerHandler@353] - THROUGHPUT node_id=1, role=follower, timestamp=1754372468653, commit_count=0
2025-08-05 05:41:09,061 [myid:] - INFO  [pool-17-thread-1:o.a.z.s.q.LearnerHandler@353] - THROUGHPUT node_id=0, role=follower, timestamp=1754372469061, commit_count=0
2025-08-05 05:41:09,195 [myid:] - INFO  [pool-11-thread-1:o.a.z.s.q.Leader@387] - THROUGHPUT leader commitsPerSec=0
2025-08-05 05:41:09,653 [myid:] - INFO  [pool-14-thread-1:o.a.z.s.q.LearnerHandler@353] - THROUGHPUT node_id=1, role=follower, timestamp=1754372469653, commit_count=0
2025-08-05 05:41:10,060 [myid:] - INFO  [pool-17-thread-1:o.a.z.s.q.LearnerHandler@353] - THROUGHPUT node_id=0, role=follower, timestamp=1754372470060, commit_count=0
2025-08-05 05:41:10,195 [myid:] - INFO  [pool-11-thread-1:o.a.z.s.q.Leader@387] - THROUGHPUT leader commitsPerSec=0
2025-08-05 05:41:10,653 [myid:] - INFO  [pool-14-thread-1:o.a.z.s.q.LearnerHandler@353] - THROUGHPUT node_id=1, role=follower, timestamp=1754372470653, commit_count=0
2025-08-05 05:41:11,061 [myid:] - INFO  [pool-17-thread-1:o.a.z.s.q.LearnerHandler@353] - THROUGHPUT node_id=0, role=follower, timestamp=1754372471061, commit_count=0
2025-08-05 05:41:11,195 [myid:] - INFO  [pool-11-thread-1:o.a.z.s.q.Leader@387] - THROUGHPUT leader commitsPerSec=0
2025-08-05 05:41:11,653 [myid:] - INFO  [pool-14-thread-1:o.a.z.s.q.LearnerHandler@353] - THROUGHPUT node_id=1, role=follower, timestamp=1754372471653, commit_count=0
2025-08-05 05:41:12,061 [myid:] - INFO  [pool-17-thread-1:o.a.z.s.q.LearnerHandler@353] - THROUGHPUT node_id=0, role=follower, timestamp=1754372472060, commit_count=0
2025-08-05 05:41:12,195 [myid:] - INFO  [pool-11-thread-1:o.a.z.s.q.Leader@387] - THROUGHPUT leader commitsPerSec=0
2025-08-05 05:41:12,390 [myid:] - INFO  [main:o.a.z.s.q.QuorumPeerTestBase@64] - No servers to shutdown!
2025-08-05 05:41:12,390 [myid:] - INFO  [main:o.a.z.ZKTestCase@112] - FINISHED Optional[public void org.apache.zookeeper.ClientRequestTimeoutTest.testClientRequestTimeout() throws java.lang.Exception]
]]></system-out>
  </testcase>
</testsuite>