<?xml version="1.0" encoding="UTF-8"?>
<testsuite xmlns:xsi="http://www.w3.org/2001/XMLSchema-instance" xsi:noNamespaceSchemaLocation="https://maven.apache.org/surefire/maven-surefire-plugin/xsd/surefire-test-report.xsd" name="org.apache.zookeeper.MultiOperationRecordTest" time="2.232" tests="2" errors="0" skipped="0" failures="0">
  <properties>
[...]
</properties>
  <testcase name="testEmptyRoundTrip" classname="org.apache.zookeeper.MultiOperationRecordTest" time="0.337"/>
  <testcase name="testRoundTrip" classname="org.apache.zookeeper.MultiOperationRecordTest" time="0.62"/>
</testsuite>